NFD version 0.6.5 starting
Built with GNU C++ version 7.3.0, with GNU libstdc++ version 20180720, with Boost version 1.65.1, with libpcap version 1.8.1, with WebSocket++ version 0.8.1, with ndn-cxx version 0.6.5
1552512722.112822 DEBUG: [nfd.ContentStore] set-policy lru
1552512722.112853 INFO: [nfd.CsPolicy] setLimit 10
1552512722.112917 INFO: [nfd.StrategyChoice] setDefaultStrategy /localhost/nfd/strategy/best-route/%FD%05
1552512722.114840 INFO: [nfd.InternalForwarderTransport] [id=0,local=null://,remote=null://] Creating transport
1552512722.114873 INFO: [nfd.FaceTable] Added face id=255 remote=null:// local=null://
1552512722.114887 INFO: [nfd.InternalForwarderTransport] [id=0,local=contentstore://,remote=contentstore://] Creating transport
1552512722.114894 INFO: [nfd.FaceTable] Added face id=254 remote=contentstore:// local=contentstore://
1552512722.114953 INFO: [nfd.InternalForwarderTransport] [id=0,local=internal://,remote=internal://] Creating transport
1552512722.115059 INFO: [nfd.FaceTable] Added face id=1 remote=internal:// local=internal://
1552512722.115570 WARNING: [nfd.CommandAuthenticator] 'certfile any' is intended for demo purposes only and SHOULD NOT be used in production environments
1552512722.115804 INFO: [nfd.StrategyChoice] changeStrategy(/ndn/broadcast) /localhost/nfd/strategy/best-route/%FD%05 -> /localhost/nfd/strategy/multicast/%FD%03
1552512722.115842 INFO: [nfd.StrategyChoice] changeStrategy(/localhost) /localhost/nfd/strategy/best-route/%FD%05 -> /localhost/nfd/strategy/multicast/%FD%03
1552512722.115871 INFO: [nfd.StrategyChoice] changeStrategy(/localhost/nfd) /localhost/nfd/strategy/multicast/%FD%03 -> /localhost/nfd/strategy/best-route/%FD%05
1552512722.115891 INFO: [nfd.CsPolicy] setLimit 65536
1552512722.115898 DEBUG: [nfd.ContentStore] set-policy lru
1552512722.115903 INFO: [nfd.CsPolicy] setLimit 65536
1552512722.115924 INFO: [nfd.EthernetFactory] enabling multicast on 01:00:5e:00:17:aa
1552512722.115983 INFO: [nfd.TcpChannel] [tcp4://0.0.0.0:6363] Creating channel
1552512722.116035 INFO: [nfd.TcpChannel] [tcp6://[::]:6363] Creating channel
1552512722.116109 INFO: [nfd.UdpChannel] [udp4://0.0.0.0:6363] Creating channel
1552512722.116152 INFO: [nfd.UdpChannel] [udp6://[::]:6363] Creating channel
1552512722.116187 INFO: [nfd.UdpFactory] enabling multicast on 224.0.23.170:56363
1552512722.116208 INFO: [nfd.UdpFactory] enabling multicast on [ff02::1234]:56363
1552512722.116293 INFO: [nfd.UnixStreamChannel] [unix:///run/nfd.sock] Creating channel
1552512722.116398 INFO: [nfd.WebSocketChannel] [ws://0.0.0.0:9696] Creating channel
1552512722.116473 INFO: [nfd.WebSocketChannel] [ws://[::]:9696] Creating channel
1552512722.116536 INFO: [nfd.CommandAuthenticator] clear-authorizations
1552512722.116577 WARNING: [nfd.CommandAuthenticator] 'certfile any' is intended for demo purposes only and SHOULD NOT be used in production environments
1552512722.116599 INFO: [nfd.CommandAuthenticator] authorize module=faces signer=any
1552512722.116617 INFO: [nfd.CommandAuthenticator] authorize module=fib signer=any
1552512722.116631 INFO: [nfd.CommandAuthenticator] authorize module=cs signer=any
1552512722.116640 INFO: [nfd.CommandAuthenticator] authorize module=strategy-choice signer=any
1552512722.116952 INFO: [nfd.EthernetChannel] [dev://eth0] Creating channel
1552512722.122688 INFO: [nfd.RibManager] Start monitoring face create/destroy events
1552512722.235426 INFO: [nfd.MulticastEthernetTransport] [id=0,local=dev://eth0,remote=ether://[01:00:5e:00:17:aa]] Creating transport
1552512722.235698 INFO: [nfd.FaceTable] Added face id=256 remote=ether://[01:00:5e:00:17:aa] local=dev://eth0
1552512722.240019 INFO: [nfd.EthernetChannel] [dev://eth1] Creating channel
1552512722.315374 INFO: [nfd.MulticastEthernetTransport] [id=0,local=dev://eth1,remote=ether://[01:00:5e:00:17:aa]] Creating transport
1552512722.316011 INFO: [nfd.FaceTable] Added face id=257 remote=ether://[01:00:5e:00:17:aa] local=dev://eth1
1552512722.320110 INFO: [nfd.UnixStreamTransport] [id=0,local=unix:///run/nfd.sock,remote=fd://30] Creating transport
1552512722.320133 INFO: [nfd.FaceTable] Added face id=258 remote=fd://30 local=unix:///run/nfd.sock
1552512722.324001 DEBUG: [nfd.Forwarder] onIncomingData face=1 data=/localhost/nfd/faces/events/%FE%00
1552512722.324031 DEBUG: [nfd.Forwarder] onDataUnsolicited face=1 data=/localhost/nfd/faces/events/%FE%00 decision=drop
1552512722.324062 DEBUG: [nfd.Forwarder] onIncomingData face=1 data=/localhost/nfd/faces/events/%FE%01
1552512722.324079 DEBUG: [nfd.Forwarder] onDataUnsolicited face=1 data=/localhost/nfd/faces/events/%FE%01 decision=drop
1552512722.324108 DEBUG: [nfd.Forwarder] onIncomingInterest face=258 interest=/localhost/nfd/fib/add-nexthop/h%1A%07%15%08%09localhost%08%03nfd%08%03ribi%01%00/%00%00%01ix%F8%24%C6/%F4%1E2%5C%CD%9Cw%D1/%16%1C%1B%01%01%1C%17%07%15%08%04root%08%03KEY%08%08%91%0E%B3F%29%8B%C2%D5/%17%FD%01%00P%E9%CAs%CE%03%07%8EB%F5x%C1%96%D5%81%17%D9%A3fq%25D%3F%A6%E1%EB%82%3A%E3%5C%E3%3E%E0Zm%0C%24%5B%D79Vy%A7C%3AQ1y%29%21%D0M%80%80%A1%C3%3DRj%F2%B9%0C%E0%A6%0F1%DE%95%1E%81%B2%F2%091%FD%E5l%F1%F0%FD%B0%13Rh%8B%C2%E7%5CJ%18%03%82%A6%C2%8A%3Er3%C0%C8xC%BFZQ%8A%27FP%E2i%03%D3%20%E6H%BA%BB%88%EB1%103%24%23%99%60%CDF%C1%A4%CE%C2%12%0Ed%D6%F9F%1F%E1Q_j9I%017%BD%F0%22E%8EZ%22%CC~w8%9C%12%19%8D%D1K%8CW%BC%04%0Cq%99T%269O%0C2lQ~%88VZ%FB%60%3B%98%C5%96J%E9%83%125%01%13%99G%2F%28%C8%DDA%A3%D4%07%94%E5%CA7F%0Bu%96%07%19VS%8D%3A%96%90%88%8Ai%9C2%EB0%C6x%9D%C7%81%80%87%09%8C%024%F9%0A%C56%A5%EF%90%B7%04%7Dr%85D%D4%8D
1552512722.324205 DEBUG: [nfd.ContentStore] find /localhost/nfd/fib/add-nexthop/h%1A%07%15%08%09localhost%08%03nfd%08%03ribi%01%00/%00%00%01ix%F8%24%C6/%F4%1E2%5C%CD%9Cw%D1/%16%1C%1B%01%01%1C%17%07%15%08%04root%08%03KEY%08%08%91%0E%B3F%29%8B%C2%D5/%17%FD%01%00P%E9%CAs%CE%03%07%8EB%F5x%C1%96%D5%81%17%D9%A3fq%25D%3F%A6%E1%EB%82%3A%E3%5C%E3%3E%E0Zm%0C%24%5B%D79Vy%A7C%3AQ1y%29%21%D0M%80%80%A1%C3%3DRj%F2%B9%0C%E0%A6%0F1%DE%95%1E%81%B2%F2%091%FD%E5l%F1%F0%FD%B0%13Rh%8B%C2%E7%5CJ%18%03%82%A6%C2%8A%3Er3%C0%C8xC%BFZQ%8A%27FP%E2i%03%D3%20%E6H%BA%BB%88%EB1%103%24%23%99%60%CDF%C1%A4%CE%C2%12%0Ed%D6%F9F%1F%E1Q_j9I%017%BD%F0%22E%8EZ%22%CC~w8%9C%12%19%8D%D1K%8CW%BC%04%0Cq%99T%269O%0C2lQ~%88VZ%FB%60%3B%98%C5%96J%E9%83%125%01%13%99G%2F%28%C8%DDA%A3%D4%07%94%E5%CA7F%0Bu%96%07%19VS%8D%3A%96%90%88%8Ai%9C2%EB0%C6x%9D%C7%81%80%87%09%8C%024%F9%0A%C56%A5%EF%90%B7%04%7Dr%85D%D4%8D L
1552512722.324283 DEBUG: [nfd.ContentStore]   no-match
1552512722.324299 DEBUG: [nfd.Forwarder] onContentStoreMiss interest=/localhost/nfd/fib/add-nexthop/h%1A%07%15%08%09localhost%08%03nfd%08%03ribi%01%00/%00%00%01ix%F8%24%C6/%F4%1E2%5C%CD%9Cw%D1/%16%1C%1B%01%01%1C%17%07%15%08%04root%08%03KEY%08%08%91%0E%B3F%29%8B%C2%D5/%17%FD%01%00P%E9%CAs%CE%03%07%8EB%F5x%C1%96%D5%81%17%D9%A3fq%25D%3F%A6%E1%EB%82%3A%E3%5C%E3%3E%E0Zm%0C%24%5B%D79Vy%A7C%3AQ1y%29%21%D0M%80%80%A1%C3%3DRj%F2%B9%0C%E0%A6%0F1%DE%95%1E%81%B2%F2%091%FD%E5l%F1%F0%FD%B0%13Rh%8B%C2%E7%5CJ%18%03%82%A6%C2%8A%3Er3%C0%C8xC%BFZQ%8A%27FP%E2i%03%D3%20%E6H%BA%BB%88%EB1%103%24%23%99%60%CDF%C1%A4%CE%C2%12%0Ed%D6%F9F%1F%E1Q_j9I%017%BD%F0%22E%8EZ%22%CC~w8%9C%12%19%8D%D1K%8CW%BC%04%0Cq%99T%269O%0C2lQ~%88VZ%FB%60%3B%98%C5%96J%E9%83%125%01%13%99G%2F%28%C8%DDA%A3%D4%07%94%E5%CA7F%0Bu%96%07%19VS%8D%3A%96%90%88%8Ai%9C2%EB0%C6x%9D%C7%81%80%87%09%8C%024%F9%0A%C56%A5%EF%90%B7%04%7Dr%85D%D4%8D
1552512722.324370 DEBUG: [nfd.Forwarder] onOutgoingInterest face=1 interest=/localhost/nfd/fib/add-nexthop/h%1A%07%15%08%09localhost%08%03nfd%08%03ribi%01%00/%00%00%01ix%F8%24%C6/%F4%1E2%5C%CD%9Cw%D1/%16%1C%1B%01%01%1C%17%07%15%08%04root%08%03KEY%08%08%91%0E%B3F%29%8B%C2%D5/%17%FD%01%00P%E9%CAs%CE%03%07%8EB%F5x%C1%96%D5%81%17%D9%A3fq%25D%3F%A6%E1%EB%82%3A%E3%5C%E3%3E%E0Zm%0C%24%5B%D79Vy%A7C%3AQ1y%29%21%D0M%80%80%A1%C3%3DRj%F2%B9%0C%E0%A6%0F1%DE%95%1E%81%B2%F2%091%FD%E5l%F1%F0%FD%B0%13Rh%8B%C2%E7%5CJ%18%03%82%A6%C2%8A%3Er3%C0%C8xC%BFZQ%8A%27FP%E2i%03%D3%20%E6H%BA%BB%88%EB1%103%24%23%99%60%CDF%C1%A4%CE%C2%12%0Ed%D6%F9F%1F%E1Q_j9I%017%BD%F0%22E%8EZ%22%CC~w8%9C%12%19%8D%D1K%8CW%BC%04%0Cq%99T%269O%0C2lQ~%88VZ%FB%60%3B%98%C5%96J%E9%83%125%01%13%99G%2F%28%C8%DDA%A3%D4%07%94%E5%CA7F%0Bu%96%07%19VS%8D%3A%96%90%88%8Ai%9C2%EB0%C6x%9D%C7%81%80%87%09%8C%024%F9%0A%C56%A5%EF%90%B7%04%7Dr%85D%D4%8D
1552512722.324467 DEBUG: [nfd.Forwarder] onIncomingInterest face=258 interest=/localhost/nfd/faces/events
1552512722.324491 DEBUG: [nfd.ContentStore] find /localhost/nfd/faces/events L
1552512722.324508 DEBUG: [nfd.ContentStore]   no-match
1552512722.324529 DEBUG: [nfd.Forwarder] onContentStoreMiss interest=/localhost/nfd/faces/events
1552512722.324562 DEBUG: [nfd.Forwarder] onOutgoingInterest face=1 interest=/localhost/nfd/faces/events
1552512722.324613 DEBUG: [nfd.Forwarder] onIncomingInterest face=258 interest=/localhost/nfd/faces/update/h%06l%01%01p%01%01/%00%00%01ix%F8%24%CA/%A4%00%60%9A%23%C4%04%05/%16%1C%1B%01%01%1C%17%07%15%08%04root%08%03KEY%08%08%91%0E%B3F%29%8B%C2%D5/%17%FD%01%00W%94%B1%B4%04%E7%05i9R8x%14%A35%CB%81%A9%E6y%167%A4%D4%AD%9E%27%04%A8%BD%F7%3D%1BV_%F42%CC%11%16%C58Y%00f%A0c%1B%84%14%08MD%23%21%15%0C%9A%CC%DE%B5%22%F5a%D2%D6%93o%15%5E%F2%2F%3F%94lp6%0DA%83e%D5%BF%A6%E1%92fy%B2%EE%B4X%02%F0e%A9%5C%22%AA%C1Y%ABZ%04%E4F%F3%5E%7D%96%C8%23%D1%B2%3F%D5%14%09%E3%2C%1B9%0E%29Tu%2C%BF4%22%9D%24t%F7%28E%3D%7C%05%91s%12%08%85%B1%A7%E2o%08%BF%D1Q%F6%C7%A2%2A%60%B6%22F%9C7%3En%22P%83%B3%5D%60%CDLs%A8%5DF%1Dc%B6%18%C5%27%AE%DE%B9%8F%FF%FE%BA%9CQgIB%22%D2%E9%01%F7%F7%1Ea%84%CF%AF%7Cx%07%D6%BC%DBo%AB%40w%AB%17%95h%40%10%8B%96%9F%BB%DC%7B%ABa%A7%07%0Clm%3F%A6%1A%5C%88%D34%EF%E1D%B3%A3%87%F3G2%B6E%AA%93%16%DA
1552512722.324734 DEBUG: [nfd.ContentStore] find /localhost/nfd/faces/update/h%06l%01%01p%01%01/%00%00%01ix%F8%24%CA/%A4%00%60%9A%23%C4%04%05/%16%1C%1B%01%01%1C%17%07%15%08%04root%08%03KEY%08%08%91%0E%B3F%29%8B%C2%D5/%17%FD%01%00W%94%B1%B4%04%E7%05i9R8x%14%A35%CB%81%A9%E6y%167%A4%D4%AD%9E%27%04%A8%BD%F7%3D%1BV_%F42%CC%11%16%C58Y%00f%A0c%1B%84%14%08MD%23%21%15%0C%9A%CC%DE%B5%22%F5a%D2%D6%93o%15%5E%F2%2F%3F%94lp6%0DA%83e%D5%BF%A6%E1%92fy%B2%EE%B4X%02%F0e%A9%5C%22%AA%C1Y%ABZ%04%E4F%F3%5E%7D%96%C8%23%D1%B2%3F%D5%14%09%E3%2C%1B9%0E%29Tu%2C%BF4%22%9D%24t%F7%28E%3D%7C%05%91s%12%08%85%B1%A7%E2o%08%BF%D1Q%F6%C7%A2%2A%60%B6%22F%9C7%3En%22P%83%B3%5D%60%CDLs%A8%5DF%1Dc%B6%18%C5%27%AE%DE%B9%8F%FF%FE%BA%9CQgIB%22%D2%E9%01%F7%F7%1Ea%84%CF%AF%7Cx%07%D6%BC%DBo%AB%40w%AB%17%95h%40%10%8B%96%9F%BB%DC%7B%ABa%A7%07%0Clm%3F%A6%1A%5C%88%D34%EF%E1D%B3%A3%87%F3G2%B6E%AA%93%16%DA L
1552512722.324843 DEBUG: [nfd.ContentStore]   no-match
1552512722.324867 DEBUG: [nfd.Forwarder] onContentStoreMiss interest=/localhost/nfd/faces/update/h%06l%01%01p%01%01/%00%00%01ix%F8%24%CA/%A4%00%60%9A%23%C4%04%05/%16%1C%1B%01%01%1C%17%07%15%08%04root%08%03KEY%08%08%91%0E%B3F%29%8B%C2%D5/%17%FD%01%00W%94%B1%B4%04%E7%05i9R8x%14%A35%CB%81%A9%E6y%167%A4%D4%AD%9E%27%04%A8%BD%F7%3D%1BV_%F42%CC%11%16%C58Y%00f%A0c%1B%84%14%08MD%23%21%15%0C%9A%CC%DE%B5%22%F5a%D2%D6%93o%15%5E%F2%2F%3F%94lp6%0DA%83e%D5%BF%A6%E1%92fy%B2%EE%B4X%02%F0e%A9%5C%22%AA%C1Y%ABZ%04%E4F%F3%5E%7D%96%C8%23%D1%B2%3F%D5%14%09%E3%2C%1B9%0E%29Tu%2C%BF4%22%9D%24t%F7%28E%3D%7C%05%91s%12%08%85%B1%A7%E2o%08%BF%D1Q%F6%C7%A2%2A%60%B6%22F%9C7%3En%22P%83%B3%5D%60%CDLs%A8%5DF%1Dc%B6%18%C5%27%AE%DE%B9%8F%FF%FE%BA%9CQgIB%22%D2%E9%01%F7%F7%1Ea%84%CF%AF%7Cx%07%D6%BC%DBo%AB%40w%AB%17%95h%40%10%8B%96%9F%BB%DC%7B%ABa%A7%07%0Clm%3F%A6%1A%5C%88%D34%EF%E1D%B3%A3%87%F3G2%B6E%AA%93%16%DA
1552512722.324949 DEBUG: [nfd.Forwarder] onOutgoingInterest face=1 interest=/localhost/nfd/faces/update/h%06l%01%01p%01%01/%00%00%01ix%F8%24%CA/%A4%00%60%9A%23%C4%04%05/%16%1C%1B%01%01%1C%17%07%15%08%04root%08%03KEY%08%08%91%0E%B3F%29%8B%C2%D5/%17%FD%01%00W%94%B1%B4%04%E7%05i9R8x%14%A35%CB%81%A9%E6y%167%A4%D4%AD%9E%27%04%A8%BD%F7%3D%1BV_%F42%CC%11%16%C58Y%00f%A0c%1B%84%14%08MD%23%21%15%0C%9A%CC%DE%B5%22%F5a%D2%D6%93o%15%5E%F2%2F%3F%94lp6%0DA%83e%D5%BF%A6%E1%92fy%B2%EE%B4X%02%F0e%A9%5C%22%AA%C1Y%ABZ%04%E4F%F3%5E%7D%96%C8%23%D1%B2%3F%D5%14%09%E3%2C%1B9%0E%29Tu%2C%BF4%22%9D%24t%F7%28E%3D%7C%05%91s%12%08%85%B1%A7%E2o%08%BF%D1Q%F6%C7%A2%2A%60%B6%22F%9C7%3En%22P%83%B3%5D%60%CDLs%A8%5DF%1Dc%B6%18%C5%27%AE%DE%B9%8F%FF%FE%BA%9CQgIB%22%D2%E9%01%F7%F7%1Ea%84%CF%AF%7Cx%07%D6%BC%DBo%AB%40w%AB%17%95h%40%10%8B%96%9F%BB%DC%7B%ABa%A7%07%0Clm%3F%A6%1A%5C%88%D34%EF%E1D%B3%A3%87%F3G2%B6E%AA%93%16%DA
1552512722.325228 INFO: [nfd.MulticastUdpTransport] [id=0,local=udp4://10.0.2.7:53142,remote=udp4://224.0.23.170:56363] Creating transport
1552512722.325251 INFO: [nfd.FaceTable] Added face id=259 remote=udp4://224.0.23.170:56363 local=udp4://10.0.2.7:53142
1552512722.328563 INFO: [nfd.MulticastUdpTransport] [id=0,local=udp4://172.18.0.7:53096,remote=udp4://224.0.23.170:56363] Creating transport
1552512722.328583 INFO: [nfd.FaceTable] Added face id=260 remote=udp4://224.0.23.170:56363 local=udp4://172.18.0.7:53096
1552512722.335172 DEBUG: [nfd.Forwarder] onIncomingData face=1 data=/localhost/nfd/faces/events/%FE%02
1552512722.335189 DEBUG: [nfd.ContentStore] insert /localhost/nfd/faces/events/%FE%02
1552512722.335200 DEBUG: [nfd.Forwarder] onIncomingData matching=/localhost/nfd/faces/events
1552512722.335224 DEBUG: [nfd.Forwarder] onOutgoingData face=258 data=/localhost/nfd/faces/events/%FE%02
1552512722.335312 DEBUG: [nfd.Forwarder] onIncomingData face=1 data=/localhost/nfd/faces/events/%FE%03
1552512722.335328 DEBUG: [nfd.ContentStore] insert /localhost/nfd/faces/events/%FE%03
1552512722.335337 DEBUG: [nfd.Forwarder] onIncomingData matching=/localhost/nfd/faces/events
1552512722.335365 DEBUG: [nfd.Forwarder] onIncomingData face=1 data=/localhost/nfd/faces/events/%FE%04
1552512722.335379 DEBUG: [nfd.ContentStore] insert /localhost/nfd/faces/events/%FE%04
1552512722.335388 DEBUG: [nfd.Forwarder] onIncomingData matching=/localhost/nfd/faces/events
1552512722.335412 DEBUG: [nfd.Forwarder] onInterestFinalize interest=/localhost/nfd/faces/events satisfied
1552512722.335447 DEBUG: [nfd.Forwarder] onIncomingData face=1 data=/localhost/nfd/fib/add-nexthop/h%1A%07%15%08%09localhost%08%03nfd%08%03ribi%01%00/%00%00%01ix%F8%24%C6/%F4%1E2%5C%CD%9Cw%D1/%16%1C%1B%01%01%1C%17%07%15%08%04root%08%03KEY%08%08%91%0E%B3F%29%8B%C2%D5/%17%FD%01%00P%E9%CAs%CE%03%07%8EB%F5x%C1%96%D5%81%17%D9%A3fq%25D%3F%A6%E1%EB%82%3A%E3%5C%E3%3E%E0Zm%0C%24%5B%D79Vy%A7C%3AQ1y%29%21%D0M%80%80%A1%C3%3DRj%F2%B9%0C%E0%A6%0F1%DE%95%1E%81%B2%F2%091%FD%E5l%F1%F0%FD%B0%13Rh%8B%C2%E7%5CJ%18%03%82%A6%C2%8A%3Er3%C0%C8xC%BFZQ%8A%27FP%E2i%03%D3%20%E6H%BA%BB%88%EB1%103%24%23%99%60%CDF%C1%A4%CE%C2%12%0Ed%D6%F9F%1F%E1Q_j9I%017%BD%F0%22E%8EZ%22%CC~w8%9C%12%19%8D%D1K%8CW%BC%04%0Cq%99T%269O%0C2lQ~%88VZ%FB%60%3B%98%C5%96J%E9%83%125%01%13%99G%2F%28%C8%DDA%A3%D4%07%94%E5%CA7F%0Bu%96%07%19VS%8D%3A%96%90%88%8Ai%9C2%EB0%C6x%9D%C7%81%80%87%09%8C%024%F9%0A%C56%A5%EF%90%B7%04%7Dr%85D%D4%8D
1552512722.335493 DEBUG: [nfd.ContentStore] insert /localhost/nfd/fib/add-nexthop/h%1A%07%15%08%09localhost%08%03nfd%08%03ribi%01%00/%00%00%01ix%F8%24%C6/%F4%1E2%5C%CD%9Cw%D1/%16%1C%1B%01%01%1C%17%07%15%08%04root%08%03KEY%08%08%91%0E%B3F%29%8B%C2%D5/%17%FD%01%00P%E9%CAs%CE%03%07%8EB%F5x%C1%96%D5%81%17%D9%A3fq%25D%3F%A6%E1%EB%82%3A%E3%5C%E3%3E%E0Zm%0C%24%5B%D79Vy%A7C%3AQ1y%29%21%D0M%80%80%A1%C3%3DRj%F2%B9%0C%E0%A6%0F1%DE%95%1E%81%B2%F2%091%FD%E5l%F1%F0%FD%B0%13Rh%8B%C2%E7%5CJ%18%03%82%A6%C2%8A%3Er3%C0%C8xC%BFZQ%8A%27FP%E2i%03%D3%20%E6H%BA%BB%88%EB1%103%24%23%99%60%CDF%C1%A4%CE%C2%12%0Ed%D6%F9F%1F%E1Q_j9I%017%BD%F0%22E%8EZ%22%CC~w8%9C%12%19%8D%D1K%8CW%BC%04%0Cq%99T%269O%0C2lQ~%88VZ%FB%60%3B%98%C5%96J%E9%83%125%01%13%99G%2F%28%C8%DDA%A3%D4%07%94%E5%CA7F%0Bu%96%07%19VS%8D%3A%96%90%88%8Ai%9C2%EB0%C6x%9D%C7%81%80%87%09%8C%024%F9%0A%C56%A5%EF%90%B7%04%7Dr%85D%D4%8D
1552512722.335539 DEBUG: [nfd.Forwarder] onIncomingData matching=/localhost/nfd/fib/add-nexthop/h%1A%07%15%08%09localhost%08%03nfd%08%03ribi%01%00/%00%00%01ix%F8%24%C6/%F4%1E2%5C%CD%9Cw%D1/%16%1C%1B%01%01%1C%17%07%15%08%04root%08%03KEY%08%08%91%0E%B3F%29%8B%C2%D5/%17%FD%01%00P%E9%CAs%CE%03%07%8EB%F5x%C1%96%D5%81%17%D9%A3fq%25D%3F%A6%E1%EB%82%3A%E3%5C%E3%3E%E0Zm%0C%24%5B%D79Vy%A7C%3AQ1y%29%21%D0M%80%80%A1%C3%3DRj%F2%B9%0C%E0%A6%0F1%DE%95%1E%81%B2%F2%091%FD%E5l%F1%F0%FD%B0%13Rh%8B%C2%E7%5CJ%18%03%82%A6%C2%8A%3Er3%C0%C8xC%BFZQ%8A%27FP%E2i%03%D3%20%E6H%BA%BB%88%EB1%103%24%23%99%60%CDF%C1%A4%CE%C2%12%0Ed%D6%F9F%1F%E1Q_j9I%017%BD%F0%22E%8EZ%22%CC~w8%9C%12%19%8D%D1K%8CW%BC%04%0Cq%99T%269O%0C2lQ~%88VZ%FB%60%3B%98%C5%96J%E9%83%125%01%13%99G%2F%28%C8%DDA%A3%D4%07%94%E5%CA7F%0Bu%96%07%19VS%8D%3A%96%90%88%8Ai%9C2%EB0%C6x%9D%C7%81%80%87%09%8C%024%F9%0A%C56%A5%EF%90%B7%04%7Dr%85D%D4%8D
1552512722.335591 DEBUG: [nfd.Forwarder] onOutgoingData face=258 data=/localhost/nfd/fib/add-nexthop/h%1A%07%15%08%09localhost%08%03nfd%08%03ribi%01%00/%00%00%01ix%F8%24%C6/%F4%1E2%5C%CD%9Cw%D1/%16%1C%1B%01%01%1C%17%07%15%08%04root%08%03KEY%08%08%91%0E%B3F%29%8B%C2%D5/%17%FD%01%00P%E9%CAs%CE%03%07%8EB%F5x%C1%96%D5%81%17%D9%A3fq%25D%3F%A6%E1%EB%82%3A%E3%5C%E3%3E%E0Zm%0C%24%5B%D79Vy%A7C%3AQ1y%29%21%D0M%80%80%A1%C3%3DRj%F2%B9%0C%E0%A6%0F1%DE%95%1E%81%B2%F2%091%FD%E5l%F1%F0%FD%B0%13Rh%8B%C2%E7%5CJ%18%03%82%A6%C2%8A%3Er3%C0%C8xC%BFZQ%8A%27FP%E2i%03%D3%20%E6H%BA%BB%88%EB1%103%24%23%99%60%CDF%C1%A4%CE%C2%12%0Ed%D6%F9F%1F%E1Q_j9I%017%BD%F0%22E%8EZ%22%CC~w8%9C%12%19%8D%D1K%8CW%BC%04%0Cq%99T%269O%0C2lQ~%88VZ%FB%60%3B%98%C5%96J%E9%83%125%01%13%99G%2F%28%C8%DDA%A3%D4%07%94%E5%CA7F%0Bu%96%07%19VS%8D%3A%96%90%88%8Ai%9C2%EB0%C6x%9D%C7%81%80%87%09%8C%024%F9%0A%C56%A5%EF%90%B7%04%7Dr%85D%D4%8D
1552512722.335662 DEBUG: [nfd.Forwarder] onIncomingData face=1 data=/localhost/nfd/faces/events/%FE%00
1552512722.335677 DEBUG: [nfd.Forwarder] onDataUnsolicited face=1 data=/localhost/nfd/faces/events/%FE%00 decision=drop
1552512722.335701 DEBUG: [nfd.Forwarder] onIncomingData face=1 data=/localhost/nfd/faces/update/h%06l%01%01p%01%01/%00%00%01ix%F8%24%CA/%A4%00%60%9A%23%C4%04%05/%16%1C%1B%01%01%1C%17%07%15%08%04root%08%03KEY%08%08%91%0E%B3F%29%8B%C2%D5/%17%FD%01%00W%94%B1%B4%04%E7%05i9R8x%14%A35%CB%81%A9%E6y%167%A4%D4%AD%9E%27%04%A8%BD%F7%3D%1BV_%F42%CC%11%16%C58Y%00f%A0c%1B%84%14%08MD%23%21%15%0C%9A%CC%DE%B5%22%F5a%D2%D6%93o%15%5E%F2%2F%3F%94lp6%0DA%83e%D5%BF%A6%E1%92fy%B2%EE%B4X%02%F0e%A9%5C%22%AA%C1Y%ABZ%04%E4F%F3%5E%7D%96%C8%23%D1%B2%3F%D5%14%09%E3%2C%1B9%0E%29Tu%2C%BF4%22%9D%24t%F7%28E%3D%7C%05%91s%12%08%85%B1%A7%E2o%08%BF%D1Q%F6%C7%A2%2A%60%B6%22F%9C7%3En%22P%83%B3%5D%60%CDLs%A8%5DF%1Dc%B6%18%C5%27%AE%DE%B9%8F%FF%FE%BA%9CQgIB%22%D2%E9%01%F7%F7%1Ea%84%CF%AF%7Cx%07%D6%BC%DBo%AB%40w%AB%17%95h%40%10%8B%96%9F%BB%DC%7B%ABa%A7%07%0Clm%3F%A6%1A%5C%88%D34%EF%E1D%B3%A3%87%F3G2%B6E%AA%93%16%DA
1552512722.335739 DEBUG: [nfd.ContentStore] insert /localhost/nfd/faces/update/h%06l%01%01p%01%01/%00%00%01ix%F8%24%CA/%A4%00%60%9A%23%C4%04%05/%16%1C%1B%01%01%1C%17%07%15%08%04root%08%03KEY%08%08%91%0E%B3F%29%8B%C2%D5/%17%FD%01%00W%94%B1%B4%04%E7%05i9R8x%14%A35%CB%81%A9%E6y%167%A4%D4%AD%9E%27%04%A8%BD%F7%3D%1BV_%F42%CC%11%16%C58Y%00f%A0c%1B%84%14%08MD%23%21%15%0C%9A%CC%DE%B5%22%F5a%D2%D6%93o%15%5E%F2%2F%3F%94lp6%0DA%83e%D5%BF%A6%E1%92fy%B2%EE%B4X%02%F0e%A9%5C%22%AA%C1Y%ABZ%04%E4F%F3%5E%7D%96%C8%23%D1%B2%3F%D5%14%09%E3%2C%1B9%0E%29Tu%2C%BF4%22%9D%24t%F7%28E%3D%7C%05%91s%12%08%85%B1%A7%E2o%08%BF%D1Q%F6%C7%A2%2A%60%B6%22F%9C7%3En%22P%83%B3%5D%60%CDLs%A8%5DF%1Dc%B6%18%C5%27%AE%DE%B9%8F%FF%FE%BA%9CQgIB%22%D2%E9%01%F7%F7%1Ea%84%CF%AF%7Cx%07%D6%BC%DBo%AB%40w%AB%17%95h%40%10%8B%96%9F%BB%DC%7B%ABa%A7%07%0Clm%3F%A6%1A%5C%88%D34%EF%E1D%B3%A3%87%F3G2%B6E%AA%93%16%DA
1552512722.335778 DEBUG: [nfd.Forwarder] onIncomingData matching=/localhost/nfd/faces/update/h%06l%01%01p%01%01/%00%00%01ix%F8%24%CA/%A4%00%60%9A%23%C4%04%05/%16%1C%1B%01%01%1C%17%07%15%08%04root%08%03KEY%08%08%91%0E%B3F%29%8B%C2%D5/%17%FD%01%00W%94%B1%B4%04%E7%05i9R8x%14%A35%CB%81%A9%E6y%167%A4%D4%AD%9E%27%04%A8%BD%F7%3D%1BV_%F42%CC%11%16%C58Y%00f%A0c%1B%84%14%08MD%23%21%15%0C%9A%CC%DE%B5%22%F5a%D2%D6%93o%15%5E%F2%2F%3F%94lp6%0DA%83e%D5%BF%A6%E1%92fy%B2%EE%B4X%02%F0e%A9%5C%22%AA%C1Y%ABZ%04%E4F%F3%5E%7D%96%C8%23%D1%B2%3F%D5%14%09%E3%2C%1B9%0E%29Tu%2C%BF4%22%9D%24t%F7%28E%3D%7C%05%91s%12%08%85%B1%A7%E2o%08%BF%D1Q%F6%C7%A2%2A%60%B6%22F%9C7%3En%22P%83%B3%5D%60%CDLs%A8%5DF%1Dc%B6%18%C5%27%AE%DE%B9%8F%FF%FE%BA%9CQgIB%22%D2%E9%01%F7%F7%1Ea%84%CF%AF%7Cx%07%D6%BC%DBo%AB%40w%AB%17%95h%40%10%8B%96%9F%BB%DC%7B%ABa%A7%07%0Clm%3F%A6%1A%5C%88%D34%EF%E1D%B3%A3%87%F3G2%B6E%AA%93%16%DA
1552512722.335824 DEBUG: [nfd.Forwarder] onOutgoingData face=258 data=/localhost/nfd/faces/update/h%06l%01%01p%01%01/%00%00%01ix%F8%24%CA/%A4%00%60%9A%23%C4%04%05/%16%1C%1B%01%01%1C%17%07%15%08%04root%08%03KEY%08%08%91%0E%B3F%29%8B%C2%D5/%17%FD%01%00W%94%B1%B4%04%E7%05i9R8x%14%A35%CB%81%A9%E6y%167%A4%D4%AD%9E%27%04%A8%BD%F7%3D%1BV_%F42%CC%11%16%C58Y%00f%A0c%1B%84%14%08MD%23%21%15%0C%9A%CC%DE%B5%22%F5a%D2%D6%93o%15%5E%F2%2F%3F%94lp6%0DA%83e%D5%BF%A6%E1%92fy%B2%EE%B4X%02%F0e%A9%5C%22%AA%C1Y%ABZ%04%E4F%F3%5E%7D%96%C8%23%D1%B2%3F%D5%14%09%E3%2C%1B9%0E%29Tu%2C%BF4%22%9D%24t%F7%28E%3D%7C%05%91s%12%08%85%B1%A7%E2o%08%BF%D1Q%F6%C7%A2%2A%60%B6%22F%9C7%3En%22P%83%B3%5D%60%CDLs%A8%5DF%1Dc%B6%18%C5%27%AE%DE%B9%8F%FF%FE%BA%9CQgIB%22%D2%E9%01%F7%F7%1Ea%84%CF%AF%7Cx%07%D6%BC%DBo%AB%40w%AB%17%95h%40%10%8B%96%9F%BB%DC%7B%ABa%A7%07%0Clm%3F%A6%1A%5C%88%D34%EF%E1D%B3%A3%87%F3G2%B6E%AA%93%16%DA
1552512722.335890 DEBUG: [nfd.Forwarder] onIncomingInterest face=258 interest=/localhost/nfd/faces/events/%FE%03
1552512722.335910 DEBUG: [nfd.ContentStore] find /localhost/nfd/faces/events/%FE%03 L
1552512722.335924 DEBUG: [nfd.ContentStore]   no-match
1552512722.335932 DEBUG: [nfd.Forwarder] onContentStoreMiss interest=/localhost/nfd/faces/events/%FE%03
1552512722.335946 DEBUG: [nfd.Forwarder] onOutgoingInterest face=1 interest=/localhost/nfd/faces/events/%FE%03
1552512722.335999 DEBUG: [nfd.Forwarder] onInterestFinalize interest=/localhost/nfd/fib/add-nexthop/h%1A%07%15%08%09localhost%08%03nfd%08%03ribi%01%00/%00%00%01ix%F8%24%C6/%F4%1E2%5C%CD%9Cw%D1/%16%1C%1B%01%01%1C%17%07%15%08%04root%08%03KEY%08%08%91%0E%B3F%29%8B%C2%D5/%17%FD%01%00P%E9%CAs%CE%03%07%8EB%F5x%C1%96%D5%81%17%D9%A3fq%25D%3F%A6%E1%EB%82%3A%E3%5C%E3%3E%E0Zm%0C%24%5B%D79Vy%A7C%3AQ1y%29%21%D0M%80%80%A1%C3%3DRj%F2%B9%0C%E0%A6%0F1%DE%95%1E%81%B2%F2%091%FD%E5l%F1%F0%FD%B0%13Rh%8B%C2%E7%5CJ%18%03%82%A6%C2%8A%3Er3%C0%C8xC%BFZQ%8A%27FP%E2i%03%D3%20%E6H%BA%BB%88%EB1%103%24%23%99%60%CDF%C1%A4%CE%C2%12%0Ed%D6%F9F%1F%E1Q_j9I%017%BD%F0%22E%8EZ%22%CC~w8%9C%12%19%8D%D1K%8CW%BC%04%0Cq%99T%269O%0C2lQ~%88VZ%FB%60%3B%98%C5%96J%E9%83%125%01%13%99G%2F%28%C8%DDA%A3%D4%07%94%E5%CA7F%0Bu%96%07%19VS%8D%3A%96%90%88%8Ai%9C2%EB0%C6x%9D%C7%81%80%87%09%8C%024%F9%0A%C56%A5%EF%90%B7%04%7Dr%85D%D4%8D satisfied
1552512722.336038 DEBUG: [nfd.Forwarder] onInterestFinalize interest=/localhost/nfd/faces/update/h%06l%01%01p%01%01/%00%00%01ix%F8%24%CA/%A4%00%60%9A%23%C4%04%05/%16%1C%1B%01%01%1C%17%07%15%08%04root%08%03KEY%08%08%91%0E%B3F%29%8B%C2%D5/%17%FD%01%00W%94%B1%B4%04%E7%05i9R8x%14%A35%CB%81%A9%E6y%167%A4%D4%AD%9E%27%04%A8%BD%F7%3D%1BV_%F42%CC%11%16%C58Y%00f%A0c%1B%84%14%08MD%23%21%15%0C%9A%CC%DE%B5%22%F5a%D2%D6%93o%15%5E%F2%2F%3F%94lp6%0DA%83e%D5%BF%A6%E1%92fy%B2%EE%B4X%02%F0e%A9%5C%22%AA%C1Y%ABZ%04%E4F%F3%5E%7D%96%C8%23%D1%B2%3F%D5%14%09%E3%2C%1B9%0E%29Tu%2C%BF4%22%9D%24t%F7%28E%3D%7C%05%91s%12%08%85%B1%A7%E2o%08%BF%D1Q%F6%C7%A2%2A%60%B6%22F%9C7%3En%22P%83%B3%5D%60%CDLs%A8%5DF%1Dc%B6%18%C5%27%AE%DE%B9%8F%FF%FE%BA%9CQgIB%22%D2%E9%01%F7%F7%1Ea%84%CF%AF%7Cx%07%D6%BC%DBo%AB%40w%AB%17%95h%40%10%8B%96%9F%BB%DC%7B%ABa%A7%07%0Clm%3F%A6%1A%5C%88%D34%EF%E1D%B3%A3%87%F3G2%B6E%AA%93%16%DA satisfied
1552512722.336105 DEBUG: [nfd.Forwarder] onIncomingData face=1 data=/localhost/nfd/faces/events/%FE%03
1552512722.336122 DEBUG: [nfd.ContentStore] insert /localhost/nfd/faces/events/%FE%03
1552512722.336131 DEBUG: [nfd.Forwarder] onIncomingData matching=/localhost/nfd/faces/events/%FE%03
1552512722.336152 DEBUG: [nfd.Forwarder] onOutgoingData face=258 data=/localhost/nfd/faces/events/%FE%03
1552512722.336191 DEBUG: [nfd.Forwarder] onInterestFinalize interest=/localhost/nfd/faces/events/%FE%03 satisfied
1552512722.336316 DEBUG: [nfd.Forwarder] onIncomingInterest face=258 interest=/localhost/nfd/faces/events/%FE%04
1552512722.336347 DEBUG: [nfd.ContentStore] find /localhost/nfd/faces/events/%FE%04 L
1552512722.336374 DEBUG: [nfd.ContentStore]   no-match
1552512722.336388 DEBUG: [nfd.Forwarder] onContentStoreMiss interest=/localhost/nfd/faces/events/%FE%04
1552512722.336407 DEBUG: [nfd.Forwarder] onOutgoingInterest face=1 interest=/localhost/nfd/faces/events/%FE%04
1552512722.336481 DEBUG: [nfd.Forwarder] onIncomingData face=1 data=/localhost/nfd/faces/events/%FE%04
1552512722.336496 DEBUG: [nfd.ContentStore] insert /localhost/nfd/faces/events/%FE%04
1552512722.336505 DEBUG: [nfd.Forwarder] onIncomingData matching=/localhost/nfd/faces/events/%FE%04
1552512722.336523 DEBUG: [nfd.Forwarder] onOutgoingData face=258 data=/localhost/nfd/faces/events/%FE%04
1552512722.336561 DEBUG: [nfd.Forwarder] onInterestFinalize interest=/localhost/nfd/faces/events/%FE%04 satisfied
1552512722.336639 DEBUG: [nfd.Forwarder] onIncomingInterest face=258 interest=/localhost/nfd/faces/events/%FE%05
1552512722.336669 DEBUG: [nfd.ContentStore] find /localhost/nfd/faces/events/%FE%05 L
1552512722.336692 DEBUG: [nfd.ContentStore]   no-match
1552512722.336707 DEBUG: [nfd.Forwarder] onContentStoreMiss interest=/localhost/nfd/faces/events/%FE%05
1552512722.336726 DEBUG: [nfd.Forwarder] onOutgoingInterest face=1 interest=/localhost/nfd/faces/events/%FE%05
1552512760.510667 INFO: [nfd.UnixStreamTransport] [id=0,local=unix:///run/nfd.sock,remote=fd://35] Creating transport
1552512760.510703 INFO: [nfd.FaceTable] Added face id=261 remote=fd://35 local=unix:///run/nfd.sock
1552512760.514508 DEBUG: [nfd.Forwarder] onIncomingData face=1 data=/localhost/nfd/faces/events/%FE%05
1552512760.514543 DEBUG: [nfd.ContentStore] insert /localhost/nfd/faces/events/%FE%05
1552512760.514561 DEBUG: [nfd.Forwarder] onIncomingData matching=/localhost/nfd/faces/events/%FE%05
1552512760.514629 DEBUG: [nfd.Forwarder] onOutgoingData face=258 data=/localhost/nfd/faces/events/%FE%05
1552512760.514703 DEBUG: [nfd.Forwarder] onInterestFinalize interest=/localhost/nfd/faces/events/%FE%05 satisfied
1552512760.514830 DEBUG: [nfd.Forwarder] onIncomingInterest face=258 interest=/localhost/nfd/faces/events/%FE%06
1552512760.514868 DEBUG: [nfd.ContentStore] find /localhost/nfd/faces/events/%FE%06 L
1552512760.514899 DEBUG: [nfd.ContentStore]   no-match
1552512760.514910 DEBUG: [nfd.Forwarder] onContentStoreMiss interest=/localhost/nfd/faces/events/%FE%06
1552512760.514926 DEBUG: [nfd.Forwarder] onOutgoingInterest face=1 interest=/localhost/nfd/faces/events/%FE%06
1552512760.519689 DEBUG: [nfd.Forwarder] onIncomingInterest face=261 interest=/localhost/nfd/faces/create/h%19r%14udp4%3A%2F%2F10.0.2.8%3A6363%85%01%00/%00%00%01ix%F8%BA%BF/%01%15n%BE%D0O%EA_/%16%1C%1B%01%01%1C%17%07%15%08%04root%08%03KEY%08%08%91%0E%B3F%29%8B%C2%D5/%17%FD%01%00Q%DCH%97%8F%E3%E5Q7%A5X%80%93%FD%06%A0J%D8%7D%87goC%B11Im%0Az%F1%9F%F5Gz%25iN%20%D7%ED%CF%22%16%B0U%C1%B3p%C3%7CV%E6k%9F%7B5%D0%20%D3o%DB%929%11%E1~%C7%E6%E2%5C%B8%CCLc%8F%3AU%21%B9V%BAj%5B%95%A6%2B%9C%9F%A9%BEO%1E9%EDv%F2%28%88%EAG%21%0F%11F%7B%2Bk%26m%7F%FE%CF%D1%DDX%D3%F7%BB%B1%92d%ACR%9D%E6%00mkB%99%A1%08%0F%FAf%F2V%90%16JHqw%02%D2%298j%B7E%E6%BB%AA%A7%D0%7F%CFD%E9%E4%EA%90%F5%B4X%21%0BTV%26%C3%08%DC%90%B1%A4E%1E%2F%00%7CQ%CD0%D7%85%F4%18%F79%A0%874%854%82%CF%E1%B5F%AEI%B9%21%8C%F9%3B%8C%E9%A5%A9%3E%BD%18%FF%D7A%09T%E8%05%8A%AF%1A%98%8A%7F%1C%1A%ABS%EB9%0Bs~%C8%C6O%9E%93%F9%FB%BA%1Fj%06%A9%B7%B1%1C%FF%B8%A0r%87
1552512760.519777 DEBUG: [nfd.ContentStore] find /localhost/nfd/faces/create/h%19r%14udp4%3A%2F%2F10.0.2.8%3A6363%85%01%00/%00%00%01ix%F8%BA%BF/%01%15n%BE%D0O%EA_/%16%1C%1B%01%01%1C%17%07%15%08%04root%08%03KEY%08%08%91%0E%B3F%29%8B%C2%D5/%17%FD%01%00Q%DCH%97%8F%E3%E5Q7%A5X%80%93%FD%06%A0J%D8%7D%87goC%B11Im%0Az%F1%9F%F5Gz%25iN%20%D7%ED%CF%22%16%B0U%C1%B3p%C3%7CV%E6k%9F%7B5%D0%20%D3o%DB%929%11%E1~%C7%E6%E2%5C%B8%CCLc%8F%3AU%21%B9V%BAj%5B%95%A6%2B%9C%9F%A9%BEO%1E9%EDv%F2%28%88%EAG%21%0F%11F%7B%2Bk%26m%7F%FE%CF%D1%DDX%D3%F7%BB%B1%92d%ACR%9D%E6%00mkB%99%A1%08%0F%FAf%F2V%90%16JHqw%02%D2%298j%B7E%E6%BB%AA%A7%D0%7F%CFD%E9%E4%EA%90%F5%B4X%21%0BTV%26%C3%08%DC%90%B1%A4E%1E%2F%00%7CQ%CD0%D7%85%F4%18%F79%A0%874%854%82%CF%E1%B5F%AEI%B9%21%8C%F9%3B%8C%E9%A5%A9%3E%BD%18%FF%D7A%09T%E8%05%8A%AF%1A%98%8A%7F%1C%1A%ABS%EB9%0Bs~%C8%C6O%9E%93%F9%FB%BA%1Fj%06%A9%B7%B1%1C%FF%B8%A0r%87 L
1552512760.519840 DEBUG: [nfd.ContentStore]   no-match
1552512760.519850 DEBUG: [nfd.Forwarder] onContentStoreMiss interest=/localhost/nfd/faces/create/h%19r%14udp4%3A%2F%2F10.0.2.8%3A6363%85%01%00/%00%00%01ix%F8%BA%BF/%01%15n%BE%D0O%EA_/%16%1C%1B%01%01%1C%17%07%15%08%04root%08%03KEY%08%08%91%0E%B3F%29%8B%C2%D5/%17%FD%01%00Q%DCH%97%8F%E3%E5Q7%A5X%80%93%FD%06%A0J%D8%7D%87goC%B11Im%0Az%F1%9F%F5Gz%25iN%20%D7%ED%CF%22%16%B0U%C1%B3p%C3%7CV%E6k%9F%7B5%D0%20%D3o%DB%929%11%E1~%C7%E6%E2%5C%B8%CCLc%8F%3AU%21%B9V%BAj%5B%95%A6%2B%9C%9F%A9%BEO%1E9%EDv%F2%28%88%EAG%21%0F%11F%7B%2Bk%26m%7F%FE%CF%D1%DDX%D3%F7%BB%B1%92d%ACR%9D%E6%00mkB%99%A1%08%0F%FAf%F2V%90%16JHqw%02%D2%298j%B7E%E6%BB%AA%A7%D0%7F%CFD%E9%E4%EA%90%F5%B4X%21%0BTV%26%C3%08%DC%90%B1%A4E%1E%2F%00%7CQ%CD0%D7%85%F4%18%F79%A0%874%854%82%CF%E1%B5F%AEI%B9%21%8C%F9%3B%8C%E9%A5%A9%3E%BD%18%FF%D7A%09T%E8%05%8A%AF%1A%98%8A%7F%1C%1A%ABS%EB9%0Bs~%C8%C6O%9E%93%F9%FB%BA%1Fj%06%A9%B7%B1%1C%FF%B8%A0r%87
1552512760.519909 DEBUG: [nfd.Forwarder] onOutgoingInterest face=1 interest=/localhost/nfd/faces/create/h%19r%14udp4%3A%2F%2F10.0.2.8%3A6363%85%01%00/%00%00%01ix%F8%BA%BF/%01%15n%BE%D0O%EA_/%16%1C%1B%01%01%1C%17%07%15%08%04root%08%03KEY%08%08%91%0E%B3F%29%8B%C2%D5/%17%FD%01%00Q%DCH%97%8F%E3%E5Q7%A5X%80%93%FD%06%A0J%D8%7D%87goC%B11Im%0Az%F1%9F%F5Gz%25iN%20%D7%ED%CF%22%16%B0U%C1%B3p%C3%7CV%E6k%9F%7B5%D0%20%D3o%DB%929%11%E1~%C7%E6%E2%5C%B8%CCLc%8F%3AU%21%B9V%BAj%5B%95%A6%2B%9C%9F%A9%BEO%1E9%EDv%F2%28%88%EAG%21%0F%11F%7B%2Bk%26m%7F%FE%CF%D1%DDX%D3%F7%BB%B1%92d%ACR%9D%E6%00mkB%99%A1%08%0F%FAf%F2V%90%16JHqw%02%D2%298j%B7E%E6%BB%AA%A7%D0%7F%CFD%E9%E4%EA%90%F5%B4X%21%0BTV%26%C3%08%DC%90%B1%A4E%1E%2F%00%7CQ%CD0%D7%85%F4%18%F79%A0%874%854%82%CF%E1%B5F%AEI%B9%21%8C%F9%3B%8C%E9%A5%A9%3E%BD%18%FF%D7A%09T%E8%05%8A%AF%1A%98%8A%7F%1C%1A%ABS%EB9%0Bs~%C8%C6O%9E%93%F9%FB%BA%1Fj%06%A9%B7%B1%1C%FF%B8%A0r%87
1552512760.520189 INFO: [nfd.UnicastUdpTransport] [id=0,local=udp4://10.0.2.7:6363,remote=udp4://10.0.2.8:6363] Creating transport
1552512760.520223 INFO: [nfd.FaceTable] Added face id=262 remote=udp4://10.0.2.8:6363 local=udp4://10.0.2.7:6363
1552512760.526186 DEBUG: [nfd.Forwarder] onIncomingData face=1 data=/localhost/nfd/faces/events/%FE%06
1552512760.526208 DEBUG: [nfd.ContentStore] insert /localhost/nfd/faces/events/%FE%06
1552512760.526215 DEBUG: [nfd.Forwarder] onIncomingData matching=/localhost/nfd/faces/events/%FE%06
1552512760.526233 DEBUG: [nfd.Forwarder] onOutgoingData face=258 data=/localhost/nfd/faces/events/%FE%06
1552512760.526287 DEBUG: [nfd.Forwarder] onIncomingData face=1 data=/localhost/nfd/faces/create/h%19r%14udp4%3A%2F%2F10.0.2.8%3A6363%85%01%00/%00%00%01ix%F8%BA%BF/%01%15n%BE%D0O%EA_/%16%1C%1B%01%01%1C%17%07%15%08%04root%08%03KEY%08%08%91%0E%B3F%29%8B%C2%D5/%17%FD%01%00Q%DCH%97%8F%E3%E5Q7%A5X%80%93%FD%06%A0J%D8%7D%87goC%B11Im%0Az%F1%9F%F5Gz%25iN%20%D7%ED%CF%22%16%B0U%C1%B3p%C3%7CV%E6k%9F%7B5%D0%20%D3o%DB%929%11%E1~%C7%E6%E2%5C%B8%CCLc%8F%3AU%21%B9V%BAj%5B%95%A6%2B%9C%9F%A9%BEO%1E9%EDv%F2%28%88%EAG%21%0F%11F%7B%2Bk%26m%7F%FE%CF%D1%DDX%D3%F7%BB%B1%92d%ACR%9D%E6%00mkB%99%A1%08%0F%FAf%F2V%90%16JHqw%02%D2%298j%B7E%E6%BB%AA%A7%D0%7F%CFD%E9%E4%EA%90%F5%B4X%21%0BTV%26%C3%08%DC%90%B1%A4E%1E%2F%00%7CQ%CD0%D7%85%F4%18%F79%A0%874%854%82%CF%E1%B5F%AEI%B9%21%8C%F9%3B%8C%E9%A5%A9%3E%BD%18%FF%D7A%09T%E8%05%8A%AF%1A%98%8A%7F%1C%1A%ABS%EB9%0Bs~%C8%C6O%9E%93%F9%FB%BA%1Fj%06%A9%B7%B1%1C%FF%B8%A0r%87
1552512760.526362 DEBUG: [nfd.ContentStore] insert /localhost/nfd/faces/create/h%19r%14udp4%3A%2F%2F10.0.2.8%3A6363%85%01%00/%00%00%01ix%F8%BA%BF/%01%15n%BE%D0O%EA_/%16%1C%1B%01%01%1C%17%07%15%08%04root%08%03KEY%08%08%91%0E%B3F%29%8B%C2%D5/%17%FD%01%00Q%DCH%97%8F%E3%E5Q7%A5X%80%93%FD%06%A0J%D8%7D%87goC%B11Im%0Az%F1%9F%F5Gz%25iN%20%D7%ED%CF%22%16%B0U%C1%B3p%C3%7CV%E6k%9F%7B5%D0%20%D3o%DB%929%11%E1~%C7%E6%E2%5C%B8%CCLc%8F%3AU%21%B9V%BAj%5B%95%A6%2B%9C%9F%A9%BEO%1E9%EDv%F2%28%88%EAG%21%0F%11F%7B%2Bk%26m%7F%FE%CF%D1%DDX%D3%F7%BB%B1%92d%ACR%9D%E6%00mkB%99%A1%08%0F%FAf%F2V%90%16JHqw%02%D2%298j%B7E%E6%BB%AA%A7%D0%7F%CFD%E9%E4%EA%90%F5%B4X%21%0BTV%26%C3%08%DC%90%B1%A4E%1E%2F%00%7CQ%CD0%D7%85%F4%18%F79%A0%874%854%82%CF%E1%B5F%AEI%B9%21%8C%F9%3B%8C%E9%A5%A9%3E%BD%18%FF%D7A%09T%E8%05%8A%AF%1A%98%8A%7F%1C%1A%ABS%EB9%0Bs~%C8%C6O%9E%93%F9%FB%BA%1Fj%06%A9%B7%B1%1C%FF%B8%A0r%87
1552512760.526419 DEBUG: [nfd.Forwarder] onIncomingData matching=/localhost/nfd/faces/create/h%19r%14udp4%3A%2F%2F10.0.2.8%3A6363%85%01%00/%00%00%01ix%F8%BA%BF/%01%15n%BE%D0O%EA_/%16%1C%1B%01%01%1C%17%07%15%08%04root%08%03KEY%08%08%91%0E%B3F%29%8B%C2%D5/%17%FD%01%00Q%DCH%97%8F%E3%E5Q7%A5X%80%93%FD%06%A0J%D8%7D%87goC%B11Im%0Az%F1%9F%F5Gz%25iN%20%D7%ED%CF%22%16%B0U%C1%B3p%C3%7CV%E6k%9F%7B5%D0%20%D3o%DB%929%11%E1~%C7%E6%E2%5C%B8%CCLc%8F%3AU%21%B9V%BAj%5B%95%A6%2B%9C%9F%A9%BEO%1E9%EDv%F2%28%88%EAG%21%0F%11F%7B%2Bk%26m%7F%FE%CF%D1%DDX%D3%F7%BB%B1%92d%ACR%9D%E6%00mkB%99%A1%08%0F%FAf%F2V%90%16JHqw%02%D2%298j%B7E%E6%BB%AA%A7%D0%7F%CFD%E9%E4%EA%90%F5%B4X%21%0BTV%26%C3%08%DC%90%B1%A4E%1E%2F%00%7CQ%CD0%D7%85%F4%18%F79%A0%874%854%82%CF%E1%B5F%AEI%B9%21%8C%F9%3B%8C%E9%A5%A9%3E%BD%18%FF%D7A%09T%E8%05%8A%AF%1A%98%8A%7F%1C%1A%ABS%EB9%0Bs~%C8%C6O%9E%93%F9%FB%BA%1Fj%06%A9%B7%B1%1C%FF%B8%A0r%87
1552512760.526485 DEBUG: [nfd.Forwarder] onOutgoingData face=261 data=/localhost/nfd/faces/create/h%19r%14udp4%3A%2F%2F10.0.2.8%3A6363%85%01%00/%00%00%01ix%F8%BA%BF/%01%15n%BE%D0O%EA_/%16%1C%1B%01%01%1C%17%07%15%08%04root%08%03KEY%08%08%91%0E%B3F%29%8B%C2%D5/%17%FD%01%00Q%DCH%97%8F%E3%E5Q7%A5X%80%93%FD%06%A0J%D8%7D%87goC%B11Im%0Az%F1%9F%F5Gz%25iN%20%D7%ED%CF%22%16%B0U%C1%B3p%C3%7CV%E6k%9F%7B5%D0%20%D3o%DB%929%11%E1~%C7%E6%E2%5C%B8%CCLc%8F%3AU%21%B9V%BAj%5B%95%A6%2B%9C%9F%A9%BEO%1E9%EDv%F2%28%88%EAG%21%0F%11F%7B%2Bk%26m%7F%FE%CF%D1%DDX%D3%F7%BB%B1%92d%ACR%9D%E6%00mkB%99%A1%08%0F%FAf%F2V%90%16JHqw%02%D2%298j%B7E%E6%BB%AA%A7%D0%7F%CFD%E9%E4%EA%90%F5%B4X%21%0BTV%26%C3%08%DC%90%B1%A4E%1E%2F%00%7CQ%CD0%D7%85%F4%18%F79%A0%874%854%82%CF%E1%B5F%AEI%B9%21%8C%F9%3B%8C%E9%A5%A9%3E%BD%18%FF%D7A%09T%E8%05%8A%AF%1A%98%8A%7F%1C%1A%ABS%EB9%0Bs~%C8%C6O%9E%93%F9%FB%BA%1Fj%06%A9%B7%B1%1C%FF%B8%A0r%87
1552512760.526607 DEBUG: [nfd.Forwarder] onIncomingInterest face=258 interest=/localhost/nfd/faces/events/%FE%07
1552512760.526639 DEBUG: [nfd.ContentStore] find /localhost/nfd/faces/events/%FE%07 L
1552512760.526661 DEBUG: [nfd.ContentStore]   no-match
1552512760.526669 DEBUG: [nfd.Forwarder] onContentStoreMiss interest=/localhost/nfd/faces/events/%FE%07
1552512760.526684 DEBUG: [nfd.Forwarder] onOutgoingInterest face=1 interest=/localhost/nfd/faces/events/%FE%07
1552512760.526716 DEBUG: [nfd.Forwarder] onInterestFinalize interest=/localhost/nfd/faces/events/%FE%06 satisfied
1552512760.526734 DEBUG: [nfd.Forwarder] onInterestFinalize interest=/localhost/nfd/faces/create/h%19r%14udp4%3A%2F%2F10.0.2.8%3A6363%85%01%00/%00%00%01ix%F8%BA%BF/%01%15n%BE%D0O%EA_/%16%1C%1B%01%01%1C%17%07%15%08%04root%08%03KEY%08%08%91%0E%B3F%29%8B%C2%D5/%17%FD%01%00Q%DCH%97%8F%E3%E5Q7%A5X%80%93%FD%06%A0J%D8%7D%87goC%B11Im%0Az%F1%9F%F5Gz%25iN%20%D7%ED%CF%22%16%B0U%C1%B3p%C3%7CV%E6k%9F%7B5%D0%20%D3o%DB%929%11%E1~%C7%E6%E2%5C%B8%CCLc%8F%3AU%21%B9V%BAj%5B%95%A6%2B%9C%9F%A9%BEO%1E9%EDv%F2%28%88%EAG%21%0F%11F%7B%2Bk%26m%7F%FE%CF%D1%DDX%D3%F7%BB%B1%92d%ACR%9D%E6%00mkB%99%A1%08%0F%FAf%F2V%90%16JHqw%02%D2%298j%B7E%E6%BB%AA%A7%D0%7F%CFD%E9%E4%EA%90%F5%B4X%21%0BTV%26%C3%08%DC%90%B1%A4E%1E%2F%00%7CQ%CD0%D7%85%F4%18%F79%A0%874%854%82%CF%E1%B5F%AEI%B9%21%8C%F9%3B%8C%E9%A5%A9%3E%BD%18%FF%D7A%09T%E8%05%8A%AF%1A%98%8A%7F%1C%1A%ABS%EB9%0Bs~%C8%C6O%9E%93%F9%FB%BA%1Fj%06%A9%B7%B1%1C%FF%B8%A0r%87 satisfied
1552512760.526960 INFO: [nfd.Transport] [id=261,local=unix:///run/nfd.sock,remote=fd://35] setState UP -> CLOSING
1552512760.527022 INFO: [nfd.Transport] [id=261,local=unix:///run/nfd.sock,remote=fd://35] setState CLOSING -> CLOSED
1552512760.529980 INFO: [nfd.FaceTable] Removed face id=261 remote=fd://35 local=unix:///run/nfd.sock
1552512760.530039 DEBUG: [nfd.Forwarder] onIncomingData face=1 data=/localhost/nfd/faces/events/%FE%07
1552512760.530056 DEBUG: [nfd.ContentStore] insert /localhost/nfd/faces/events/%FE%07
1552512760.530062 DEBUG: [nfd.Forwarder] onIncomingData matching=/localhost/nfd/faces/events/%FE%07
1552512760.530082 DEBUG: [nfd.Forwarder] onOutgoingData face=258 data=/localhost/nfd/faces/events/%FE%07
1552512760.530127 DEBUG: [nfd.Forwarder] onInterestFinalize interest=/localhost/nfd/faces/events/%FE%07 satisfied
1552512760.530244 DEBUG: [nfd.Forwarder] onIncomingInterest face=258 interest=/localhost/nfd/faces/events/%FE%08
1552512760.530276 DEBUG: [nfd.ContentStore] find /localhost/nfd/faces/events/%FE%08 L
1552512760.530292 DEBUG: [nfd.ContentStore]   no-match
1552512760.530296 DEBUG: [nfd.Forwarder] onContentStoreMiss interest=/localhost/nfd/faces/events/%FE%08
1552512760.530310 DEBUG: [nfd.Forwarder] onOutgoingInterest face=1 interest=/localhost/nfd/faces/events/%FE%08
1552512764.169746 INFO: [nfd.UnixStreamTransport] [id=0,local=unix:///run/nfd.sock,remote=fd://35] Creating transport
1552512764.169773 INFO: [nfd.FaceTable] Added face id=263 remote=fd://35 local=unix:///run/nfd.sock
1552512764.173041 DEBUG: [nfd.Forwarder] onIncomingInterest face=263 interest=/localhost/nfd/faces/query/%96%04i%02%01%06
1552512764.173078 DEBUG: [nfd.ContentStore] find /localhost/nfd/faces/query/%96%04i%02%01%06 L
1552512764.173099 DEBUG: [nfd.ContentStore]   no-match
1552512764.173110 DEBUG: [nfd.Forwarder] onContentStoreMiss interest=/localhost/nfd/faces/query/%96%04i%02%01%06
1552512764.173129 DEBUG: [nfd.Forwarder] onOutgoingInterest face=1 interest=/localhost/nfd/faces/query/%96%04i%02%01%06
1552512764.175892 DEBUG: [nfd.Forwarder] onIncomingData face=1 data=/localhost/nfd/faces/events/%FE%08
1552512764.175914 DEBUG: [nfd.ContentStore] insert /localhost/nfd/faces/events/%FE%08
1552512764.175922 DEBUG: [nfd.Forwarder] onIncomingData matching=/localhost/nfd/faces/events/%FE%08
1552512764.175941 DEBUG: [nfd.Forwarder] onOutgoingData face=258 data=/localhost/nfd/faces/events/%FE%08
1552512764.176002 DEBUG: [nfd.Forwarder] onInterestFinalize interest=/localhost/nfd/faces/events/%FE%08 satisfied
1552512764.176053 DEBUG: [nfd.Forwarder] onIncomingData face=1 data=/localhost/nfd/faces/query/%96%04i%02%01%06/%FD%00%00%01ix%F8%C9%0D/%00%00
1552512764.176086 DEBUG: [nfd.ContentStore] insert /localhost/nfd/faces/query/%96%04i%02%01%06/%FD%00%00%01ix%F8%C9%0D/%00%00
1552512764.176108 DEBUG: [nfd.Forwarder] onIncomingData matching=/localhost/nfd/faces/query/%96%04i%02%01%06
1552512764.176134 DEBUG: [nfd.Forwarder] onOutgoingData face=263 data=/localhost/nfd/faces/query/%96%04i%02%01%06/%FD%00%00%01ix%F8%C9%0D/%00%00
1552512764.176213 DEBUG: [nfd.Forwarder] onIncomingInterest face=258 interest=/localhost/nfd/faces/events/%FE%09
1552512764.176261 DEBUG: [nfd.ContentStore] find /localhost/nfd/faces/events/%FE%09 L
1552512764.176301 DEBUG: [nfd.ContentStore]   no-match
1552512764.176315 DEBUG: [nfd.Forwarder] onContentStoreMiss interest=/localhost/nfd/faces/events/%FE%09
1552512764.176332 DEBUG: [nfd.Forwarder] onOutgoingInterest face=1 interest=/localhost/nfd/faces/events/%FE%09
1552512764.176366 DEBUG: [nfd.Forwarder] onInterestFinalize interest=/localhost/nfd/faces/query/%96%04i%02%01%06 satisfied
1552512764.182564 DEBUG: [nfd.Forwarder] onIncomingInterest face=263 interest=/localhost/nfd/rib/register/h%15%07%06%08%04testi%02%01%06o%01%FFj%01%00l%01%01/%00%00%01ix%F8%C9%10/I%DF%16%1B%5E%D0%F3%CD/%16%1C%1B%01%01%1C%17%07%15%08%04root%08%03KEY%08%08%91%0E%B3F%29%8B%C2%D5/%17%FD%01%00%08b9%1A%B5N%AB%08%D3o%12z%DE%C2%B2%EB%C9%18F%AC%CA%01%A9%5B%8A%EA%20%18%E0%84%FA%E3%08%EE%9F%F6%F0%893%AE%1DQ%06%F6%BC%84m%F8%0F%81%F6%DF%C6N%3F%B3%2F5%D8%B1%B0%CC%E5%25%27%E3%12i6%26%B81%01%B2p.B%0F%83%8A%09G%CC%94U%05%3C%24%E9%8F%A5%FF%81%60j%03b%B8%F6%DE%5E%25%14tB%883%A8%D4%0B%19b%F5%E8%82wH%10%0C%E9%95%D2%E5%07%00%0A%CE%CB%CAE%83%CB%09%24C%BC%FA%C4%1E%5CJp%98%85%3A%3F%16%04%7B~%D4%B9%1E8%8D%26Y%C0%D8n%D12%99%BD%00te%CBs%1C%92%94%5D%9E%09%11%E7%D3%C9z%93%E4%F2c%E7U~iP%E6%29%06m%EE%04A%D8%DFmH%95%93%D7%D6H%FEt%FEl~%F4M%5BD%CE%ABw7%3C%EC%C3%D1%EE%84%02%1F%8B6%3F%EC%1D%8FS%8F%F6%15%D8%C1%7B%2BW%21%0Av%3C%8A%96o5%AB%0E%01%CA%86%16%26
1552512764.182655 DEBUG: [nfd.ContentStore] find /localhost/nfd/rib/register/h%15%07%06%08%04testi%02%01%06o%01%FFj%01%00l%01%01/%00%00%01ix%F8%C9%10/I%DF%16%1B%5E%D0%F3%CD/%16%1C%1B%01%01%1C%17%07%15%08%04root%08%03KEY%08%08%91%0E%B3F%29%8B%C2%D5/%17%FD%01%00%08b9%1A%B5N%AB%08%D3o%12z%DE%C2%B2%EB%C9%18F%AC%CA%01%A9%5B%8A%EA%20%18%E0%84%FA%E3%08%EE%9F%F6%F0%893%AE%1DQ%06%F6%BC%84m%F8%0F%81%F6%DF%C6N%3F%B3%2F5%D8%B1%B0%CC%E5%25%27%E3%12i6%26%B81%01%B2p.B%0F%83%8A%09G%CC%94U%05%3C%24%E9%8F%A5%FF%81%60j%03b%B8%F6%DE%5E%25%14tB%883%A8%D4%0B%19b%F5%E8%82wH%10%0C%E9%95%D2%E5%07%00%0A%CE%CB%CAE%83%CB%09%24C%BC%FA%C4%1E%5CJp%98%85%3A%3F%16%04%7B~%D4%B9%1E8%8D%26Y%C0%D8n%D12%99%BD%00te%CBs%1C%92%94%5D%9E%09%11%E7%D3%C9z%93%E4%F2c%E7U~iP%E6%29%06m%EE%04A%D8%DFmH%95%93%D7%D6H%FEt%FEl~%F4M%5BD%CE%ABw7%3C%EC%C3%D1%EE%84%02%1F%8B6%3F%EC%1D%8FS%8F%F6%15%D8%C1%7B%2BW%21%0Av%3C%8A%96o5%AB%0E%01%CA%86%16%26 L
1552512764.182724 DEBUG: [nfd.ContentStore]   no-match
1552512764.182734 DEBUG: [nfd.Forwarder] onContentStoreMiss interest=/localhost/nfd/rib/register/h%15%07%06%08%04testi%02%01%06o%01%FFj%01%00l%01%01/%00%00%01ix%F8%C9%10/I%DF%16%1B%5E%D0%F3%CD/%16%1C%1B%01%01%1C%17%07%15%08%04root%08%03KEY%08%08%91%0E%B3F%29%8B%C2%D5/%17%FD%01%00%08b9%1A%B5N%AB%08%D3o%12z%DE%C2%B2%EB%C9%18F%AC%CA%01%A9%5B%8A%EA%20%18%E0%84%FA%E3%08%EE%9F%F6%F0%893%AE%1DQ%06%F6%BC%84m%F8%0F%81%F6%DF%C6N%3F%B3%2F5%D8%B1%B0%CC%E5%25%27%E3%12i6%26%B81%01%B2p.B%0F%83%8A%09G%CC%94U%05%3C%24%E9%8F%A5%FF%81%60j%03b%B8%F6%DE%5E%25%14tB%883%A8%D4%0B%19b%F5%E8%82wH%10%0C%E9%95%D2%E5%07%00%0A%CE%CB%CAE%83%CB%09%24C%BC%FA%C4%1E%5CJp%98%85%3A%3F%16%04%7B~%D4%B9%1E8%8D%26Y%C0%D8n%D12%99%BD%00te%CBs%1C%92%94%5D%9E%09%11%E7%D3%C9z%93%E4%F2c%E7U~iP%E6%29%06m%EE%04A%D8%DFmH%95%93%D7%D6H%FEt%FEl~%F4M%5BD%CE%ABw7%3C%EC%C3%D1%EE%84%02%1F%8B6%3F%EC%1D%8FS%8F%F6%15%D8%C1%7B%2BW%21%0Av%3C%8A%96o5%AB%0E%01%CA%86%16%26
1552512764.182801 DEBUG: [nfd.Forwarder] onOutgoingInterest face=258 interest=/localhost/nfd/rib/register/h%15%07%06%08%04testi%02%01%06o%01%FFj%01%00l%01%01/%00%00%01ix%F8%C9%10/I%DF%16%1B%5E%D0%F3%CD/%16%1C%1B%01%01%1C%17%07%15%08%04root%08%03KEY%08%08%91%0E%B3F%29%8B%C2%D5/%17%FD%01%00%08b9%1A%B5N%AB%08%D3o%12z%DE%C2%B2%EB%C9%18F%AC%CA%01%A9%5B%8A%EA%20%18%E0%84%FA%E3%08%EE%9F%F6%F0%893%AE%1DQ%06%F6%BC%84m%F8%0F%81%F6%DF%C6N%3F%B3%2F5%D8%B1%B0%CC%E5%25%27%E3%12i6%26%B81%01%B2p.B%0F%83%8A%09G%CC%94U%05%3C%24%E9%8F%A5%FF%81%60j%03b%B8%F6%DE%5E%25%14tB%883%A8%D4%0B%19b%F5%E8%82wH%10%0C%E9%95%D2%E5%07%00%0A%CE%CB%CAE%83%CB%09%24C%BC%FA%C4%1E%5CJp%98%85%3A%3F%16%04%7B~%D4%B9%1E8%8D%26Y%C0%D8n%D12%99%BD%00te%CBs%1C%92%94%5D%9E%09%11%E7%D3%C9z%93%E4%F2c%E7U~iP%E6%29%06m%EE%04A%D8%DFmH%95%93%D7%D6H%FEt%FEl~%F4M%5BD%CE%ABw7%3C%EC%C3%D1%EE%84%02%1F%8B6%3F%EC%1D%8FS%8F%F6%15%D8%C1%7B%2BW%21%0Av%3C%8A%96o5%AB%0E%01%CA%86%16%26
1552512764.185948 INFO: [nfd.RibManager] Adding route /test nexthop=262 origin=static cost=0
1552512764.189254 DEBUG: [nfd.Forwarder] onIncomingData face=258 data=/localhost/nfd/rib/register/h%15%07%06%08%04testi%02%01%06o%01%FFj%01%00l%01%01/%00%00%01ix%F8%C9%10/I%DF%16%1B%5E%D0%F3%CD/%16%1C%1B%01%01%1C%17%07%15%08%04root%08%03KEY%08%08%91%0E%B3F%29%8B%C2%D5/%17%FD%01%00%08b9%1A%B5N%AB%08%D3o%12z%DE%C2%B2%EB%C9%18F%AC%CA%01%A9%5B%8A%EA%20%18%E0%84%FA%E3%08%EE%9F%F6%F0%893%AE%1DQ%06%F6%BC%84m%F8%0F%81%F6%DF%C6N%3F%B3%2F5%D8%B1%B0%CC%E5%25%27%E3%12i6%26%B81%01%B2p.B%0F%83%8A%09G%CC%94U%05%3C%24%E9%8F%A5%FF%81%60j%03b%B8%F6%DE%5E%25%14tB%883%A8%D4%0B%19b%F5%E8%82wH%10%0C%E9%95%D2%E5%07%00%0A%CE%CB%CAE%83%CB%09%24C%BC%FA%C4%1E%5CJp%98%85%3A%3F%16%04%7B~%D4%B9%1E8%8D%26Y%C0%D8n%D12%99%BD%00te%CBs%1C%92%94%5D%9E%09%11%E7%D3%C9z%93%E4%F2c%E7U~iP%E6%29%06m%EE%04A%D8%DFmH%95%93%D7%D6H%FEt%FEl~%F4M%5BD%CE%ABw7%3C%EC%C3%D1%EE%84%02%1F%8B6%3F%EC%1D%8FS%8F%F6%15%D8%C1%7B%2BW%21%0Av%3C%8A%96o5%AB%0E%01%CA%86%16%26
1552512764.189325 DEBUG: [nfd.ContentStore] insert /localhost/nfd/rib/register/h%15%07%06%08%04testi%02%01%06o%01%FFj%01%00l%01%01/%00%00%01ix%F8%C9%10/I%DF%16%1B%5E%D0%F3%CD/%16%1C%1B%01%01%1C%17%07%15%08%04root%08%03KEY%08%08%91%0E%B3F%29%8B%C2%D5/%17%FD%01%00%08b9%1A%B5N%AB%08%D3o%12z%DE%C2%B2%EB%C9%18F%AC%CA%01%A9%5B%8A%EA%20%18%E0%84%FA%E3%08%EE%9F%F6%F0%893%AE%1DQ%06%F6%BC%84m%F8%0F%81%F6%DF%C6N%3F%B3%2F5%D8%B1%B0%CC%E5%25%27%E3%12i6%26%B81%01%B2p.B%0F%83%8A%09G%CC%94U%05%3C%24%E9%8F%A5%FF%81%60j%03b%B8%F6%DE%5E%25%14tB%883%A8%D4%0B%19b%F5%E8%82wH%10%0C%E9%95%D2%E5%07%00%0A%CE%CB%CAE%83%CB%09%24C%BC%FA%C4%1E%5CJp%98%85%3A%3F%16%04%7B~%D4%B9%1E8%8D%26Y%C0%D8n%D12%99%BD%00te%CBs%1C%92%94%5D%9E%09%11%E7%D3%C9z%93%E4%F2c%E7U~iP%E6%29%06m%EE%04A%D8%DFmH%95%93%D7%D6H%FEt%FEl~%F4M%5BD%CE%ABw7%3C%EC%C3%D1%EE%84%02%1F%8B6%3F%EC%1D%8FS%8F%F6%15%D8%C1%7B%2BW%21%0Av%3C%8A%96o5%AB%0E%01%CA%86%16%26
1552512764.189379 DEBUG: [nfd.Forwarder] onIncomingData matching=/localhost/nfd/rib/register/h%15%07%06%08%04testi%02%01%06o%01%FFj%01%00l%01%01/%00%00%01ix%F8%C9%10/I%DF%16%1B%5E%D0%F3%CD/%16%1C%1B%01%01%1C%17%07%15%08%04root%08%03KEY%08%08%91%0E%B3F%29%8B%C2%D5/%17%FD%01%00%08b9%1A%B5N%AB%08%D3o%12z%DE%C2%B2%EB%C9%18F%AC%CA%01%A9%5B%8A%EA%20%18%E0%84%FA%E3%08%EE%9F%F6%F0%893%AE%1DQ%06%F6%BC%84m%F8%0F%81%F6%DF%C6N%3F%B3%2F5%D8%B1%B0%CC%E5%25%27%E3%12i6%26%B81%01%B2p.B%0F%83%8A%09G%CC%94U%05%3C%24%E9%8F%A5%FF%81%60j%03b%B8%F6%DE%5E%25%14tB%883%A8%D4%0B%19b%F5%E8%82wH%10%0C%E9%95%D2%E5%07%00%0A%CE%CB%CAE%83%CB%09%24C%BC%FA%C4%1E%5CJp%98%85%3A%3F%16%04%7B~%D4%B9%1E8%8D%26Y%C0%D8n%D12%99%BD%00te%CBs%1C%92%94%5D%9E%09%11%E7%D3%C9z%93%E4%F2c%E7U~iP%E6%29%06m%EE%04A%D8%DFmH%95%93%D7%D6H%FEt%FEl~%F4M%5BD%CE%ABw7%3C%EC%C3%D1%EE%84%02%1F%8B6%3F%EC%1D%8FS%8F%F6%15%D8%C1%7B%2BW%21%0Av%3C%8A%96o5%AB%0E%01%CA%86%16%26
1552512764.189460 DEBUG: [nfd.Forwarder] onOutgoingData face=263 data=/localhost/nfd/rib/register/h%15%07%06%08%04testi%02%01%06o%01%FFj%01%00l%01%01/%00%00%01ix%F8%C9%10/I%DF%16%1B%5E%D0%F3%CD/%16%1C%1B%01%01%1C%17%07%15%08%04root%08%03KEY%08%08%91%0E%B3F%29%8B%C2%D5/%17%FD%01%00%08b9%1A%B5N%AB%08%D3o%12z%DE%C2%B2%EB%C9%18F%AC%CA%01%A9%5B%8A%EA%20%18%E0%84%FA%E3%08%EE%9F%F6%F0%893%AE%1DQ%06%F6%BC%84m%F8%0F%81%F6%DF%C6N%3F%B3%2F5%D8%B1%B0%CC%E5%25%27%E3%12i6%26%B81%01%B2p.B%0F%83%8A%09G%CC%94U%05%3C%24%E9%8F%A5%FF%81%60j%03b%B8%F6%DE%5E%25%14tB%883%A8%D4%0B%19b%F5%E8%82wH%10%0C%E9%95%D2%E5%07%00%0A%CE%CB%CAE%83%CB%09%24C%BC%FA%C4%1E%5CJp%98%85%3A%3F%16%04%7B~%D4%B9%1E8%8D%26Y%C0%D8n%D12%99%BD%00te%CBs%1C%92%94%5D%9E%09%11%E7%D3%C9z%93%E4%F2c%E7U~iP%E6%29%06m%EE%04A%D8%DFmH%95%93%D7%D6H%FEt%FEl~%F4M%5BD%CE%ABw7%3C%EC%C3%D1%EE%84%02%1F%8B6%3F%EC%1D%8FS%8F%F6%15%D8%C1%7B%2BW%21%0Av%3C%8A%96o5%AB%0E%01%CA%86%16%26
1552512764.189552 DEBUG: [nfd.Forwarder] onIncomingInterest face=258 interest=/localhost/nfd/fib/add-nexthop/h%0F%07%06%08%04testi%02%01%06j%01%00/%00%00%01ix%F8%C9%1A/v%FBj%01%25U%F2%AD/%16%1C%1B%01%01%1C%17%07%15%08%04root%08%03KEY%08%08%91%0E%B3F%29%8B%C2%D5/%17%FD%01%00%13%3C%8Bf%CAY%CC%E2%22W%9B%9C%C4%F5%B3%C8%E3%0B%04%967%C0%D3%92M%EC%BA%D3sP3%A1%A6%0C%99%16%C9%5D%8FJ7%F2X%D5%A6%D8%3B%DF%A5%D88%A3%A6%0A%EFR%D4%17%0F%3C%E4F%83%AA%7CNLPh%E2%FC%95%E3%07%F6K%CE%A2Q%87%A1%93Ax%F3%AD%A4%5DBB%EF%0D%7Dp%92%25%14%F0%FD%11j99%BD%8E%CD%9E%03%2C%953%C5%BEB%19%F9%11%EAW%03%1F%99%CA%A8%E2%16o%A5%C0%14r%1A%0A%06%8C%0B%3B8%C7%7FZj%18%E9%DB%00%85c%87%9EG%26m%E1%E1s%F4%04%9F%21mb%14%A5%87L%28%BAWI%FE%06%02%D0%14l%9B%B6y%1A%EFEsB%BD%95%FF%FC%CE%2F%21%D0%BC%FD%0AR%25%A7%94%5B%94n%1D%A8%D6GT%1A%08%C7%1Eit%8DOn%CC%7F%1E%11%2FfO7%12%2A%5D%98%B2JC%5E%9EHW%B7%F3%BB%C4%B8OS%0F%F1%1E%F4%AA%98d%DEEI%98%128%EF
1552512764.189618 DEBUG: [nfd.ContentStore] find /localhost/nfd/fib/add-nexthop/h%0F%07%06%08%04testi%02%01%06j%01%00/%00%00%01ix%F8%C9%1A/v%FBj%01%25U%F2%AD/%16%1C%1B%01%01%1C%17%07%15%08%04root%08%03KEY%08%08%91%0E%B3F%29%8B%C2%D5/%17%FD%01%00%13%3C%8Bf%CAY%CC%E2%22W%9B%9C%C4%F5%B3%C8%E3%0B%04%967%C0%D3%92M%EC%BA%D3sP3%A1%A6%0C%99%16%C9%5D%8FJ7%F2X%D5%A6%D8%3B%DF%A5%D88%A3%A6%0A%EFR%D4%17%0F%3C%E4F%83%AA%7CNLPh%E2%FC%95%E3%07%F6K%CE%A2Q%87%A1%93Ax%F3%AD%A4%5DBB%EF%0D%7Dp%92%25%14%F0%FD%11j99%BD%8E%CD%9E%03%2C%953%C5%BEB%19%F9%11%EAW%03%1F%99%CA%A8%E2%16o%A5%C0%14r%1A%0A%06%8C%0B%3B8%C7%7FZj%18%E9%DB%00%85c%87%9EG%26m%E1%E1s%F4%04%9F%21mb%14%A5%87L%28%BAWI%FE%06%02%D0%14l%9B%B6y%1A%EFEsB%BD%95%FF%FC%CE%2F%21%D0%BC%FD%0AR%25%A7%94%5B%94n%1D%A8%D6GT%1A%08%C7%1Eit%8DOn%CC%7F%1E%11%2FfO7%12%2A%5D%98%B2JC%5E%9EHW%B7%F3%BB%C4%B8OS%0F%F1%1E%F4%AA%98d%DEEI%98%128%EF L
1552512764.189685 DEBUG: [nfd.ContentStore]   no-match
1552512764.189695 DEBUG: [nfd.Forwarder] onContentStoreMiss interest=/localhost/nfd/fib/add-nexthop/h%0F%07%06%08%04testi%02%01%06j%01%00/%00%00%01ix%F8%C9%1A/v%FBj%01%25U%F2%AD/%16%1C%1B%01%01%1C%17%07%15%08%04root%08%03KEY%08%08%91%0E%B3F%29%8B%C2%D5/%17%FD%01%00%13%3C%8Bf%CAY%CC%E2%22W%9B%9C%C4%F5%B3%C8%E3%0B%04%967%C0%D3%92M%EC%BA%D3sP3%A1%A6%0C%99%16%C9%5D%8FJ7%F2X%D5%A6%D8%3B%DF%A5%D88%A3%A6%0A%EFR%D4%17%0F%3C%E4F%83%AA%7CNLPh%E2%FC%95%E3%07%F6K%CE%A2Q%87%A1%93Ax%F3%AD%A4%5DBB%EF%0D%7Dp%92%25%14%F0%FD%11j99%BD%8E%CD%9E%03%2C%953%C5%BEB%19%F9%11%EAW%03%1F%99%CA%A8%E2%16o%A5%C0%14r%1A%0A%06%8C%0B%3B8%C7%7FZj%18%E9%DB%00%85c%87%9EG%26m%E1%E1s%F4%04%9F%21mb%14%A5%87L%28%BAWI%FE%06%02%D0%14l%9B%B6y%1A%EFEsB%BD%95%FF%FC%CE%2F%21%D0%BC%FD%0AR%25%A7%94%5B%94n%1D%A8%D6GT%1A%08%C7%1Eit%8DOn%CC%7F%1E%11%2FfO7%12%2A%5D%98%B2JC%5E%9EHW%B7%F3%BB%C4%B8OS%0F%F1%1E%F4%AA%98d%DEEI%98%128%EF
1552512764.189757 DEBUG: [nfd.Forwarder] onOutgoingInterest face=1 interest=/localhost/nfd/fib/add-nexthop/h%0F%07%06%08%04testi%02%01%06j%01%00/%00%00%01ix%F8%C9%1A/v%FBj%01%25U%F2%AD/%16%1C%1B%01%01%1C%17%07%15%08%04root%08%03KEY%08%08%91%0E%B3F%29%8B%C2%D5/%17%FD%01%00%13%3C%8Bf%CAY%CC%E2%22W%9B%9C%C4%F5%B3%C8%E3%0B%04%967%C0%D3%92M%EC%BA%D3sP3%A1%A6%0C%99%16%C9%5D%8FJ7%F2X%D5%A6%D8%3B%DF%A5%D88%A3%A6%0A%EFR%D4%17%0F%3C%E4F%83%AA%7CNLPh%E2%FC%95%E3%07%F6K%CE%A2Q%87%A1%93Ax%F3%AD%A4%5DBB%EF%0D%7Dp%92%25%14%F0%FD%11j99%BD%8E%CD%9E%03%2C%953%C5%BEB%19%F9%11%EAW%03%1F%99%CA%A8%E2%16o%A5%C0%14r%1A%0A%06%8C%0B%3B8%C7%7FZj%18%E9%DB%00%85c%87%9EG%26m%E1%E1s%F4%04%9F%21mb%14%A5%87L%28%BAWI%FE%06%02%D0%14l%9B%B6y%1A%EFEsB%BD%95%FF%FC%CE%2F%21%D0%BC%FD%0AR%25%A7%94%5B%94n%1D%A8%D6GT%1A%08%C7%1Eit%8DOn%CC%7F%1E%11%2FfO7%12%2A%5D%98%B2JC%5E%9EHW%B7%F3%BB%C4%B8OS%0F%F1%1E%F4%AA%98d%DEEI%98%128%EF
1552512764.193034 INFO: [nfd.Transport] [id=263,local=unix:///run/nfd.sock,remote=fd://35] setState UP -> CLOSING
1552512764.193063 DEBUG: [nfd.Forwarder] onInterestFinalize interest=/localhost/nfd/rib/register/h%15%07%06%08%04testi%02%01%06o%01%FFj%01%00l%01%01/%00%00%01ix%F8%C9%10/I%DF%16%1B%5E%D0%F3%CD/%16%1C%1B%01%01%1C%17%07%15%08%04root%08%03KEY%08%08%91%0E%B3F%29%8B%C2%D5/%17%FD%01%00%08b9%1A%B5N%AB%08%D3o%12z%DE%C2%B2%EB%C9%18F%AC%CA%01%A9%5B%8A%EA%20%18%E0%84%FA%E3%08%EE%9F%F6%F0%893%AE%1DQ%06%F6%BC%84m%F8%0F%81%F6%DF%C6N%3F%B3%2F5%D8%B1%B0%CC%E5%25%27%E3%12i6%26%B81%01%B2p.B%0F%83%8A%09G%CC%94U%05%3C%24%E9%8F%A5%FF%81%60j%03b%B8%F6%DE%5E%25%14tB%883%A8%D4%0B%19b%F5%E8%82wH%10%0C%E9%95%D2%E5%07%00%0A%CE%CB%CAE%83%CB%09%24C%BC%FA%C4%1E%5CJp%98%85%3A%3F%16%04%7B~%D4%B9%1E8%8D%26Y%C0%D8n%D12%99%BD%00te%CBs%1C%92%94%5D%9E%09%11%E7%D3%C9z%93%E4%F2c%E7U~iP%E6%29%06m%EE%04A%D8%DFmH%95%93%D7%D6H%FEt%FEl~%F4M%5BD%CE%ABw7%3C%EC%C3%D1%EE%84%02%1F%8B6%3F%EC%1D%8FS%8F%F6%15%D8%C1%7B%2BW%21%0Av%3C%8A%96o5%AB%0E%01%CA%86%16%26 satisfied
1552512764.193178 INFO: [nfd.Transport] [id=263,local=unix:///run/nfd.sock,remote=fd://35] setState CLOSING -> CLOSED
1552512764.196481 INFO: [nfd.FaceTable] Removed face id=263 remote=fd://35 local=unix:///run/nfd.sock
1552512764.196521 DEBUG: [nfd.Forwarder] onIncomingData face=1 data=/localhost/nfd/fib/add-nexthop/h%0F%07%06%08%04testi%02%01%06j%01%00/%00%00%01ix%F8%C9%1A/v%FBj%01%25U%F2%AD/%16%1C%1B%01%01%1C%17%07%15%08%04root%08%03KEY%08%08%91%0E%B3F%29%8B%C2%D5/%17%FD%01%00%13%3C%8Bf%CAY%CC%E2%22W%9B%9C%C4%F5%B3%C8%E3%0B%04%967%C0%D3%92M%EC%BA%D3sP3%A1%A6%0C%99%16%C9%5D%8FJ7%F2X%D5%A6%D8%3B%DF%A5%D88%A3%A6%0A%EFR%D4%17%0F%3C%E4F%83%AA%7CNLPh%E2%FC%95%E3%07%F6K%CE%A2Q%87%A1%93Ax%F3%AD%A4%5DBB%EF%0D%7Dp%92%25%14%F0%FD%11j99%BD%8E%CD%9E%03%2C%953%C5%BEB%19%F9%11%EAW%03%1F%99%CA%A8%E2%16o%A5%C0%14r%1A%0A%06%8C%0B%3B8%C7%7FZj%18%E9%DB%00%85c%87%9EG%26m%E1%E1s%F4%04%9F%21mb%14%A5%87L%28%BAWI%FE%06%02%D0%14l%9B%B6y%1A%EFEsB%BD%95%FF%FC%CE%2F%21%D0%BC%FD%0AR%25%A7%94%5B%94n%1D%A8%D6GT%1A%08%C7%1Eit%8DOn%CC%7F%1E%11%2FfO7%12%2A%5D%98%B2JC%5E%9EHW%B7%F3%BB%C4%B8OS%0F%F1%1E%F4%AA%98d%DEEI%98%128%EF
1552512764.196583 DEBUG: [nfd.ContentStore] insert /localhost/nfd/fib/add-nexthop/h%0F%07%06%08%04testi%02%01%06j%01%00/%00%00%01ix%F8%C9%1A/v%FBj%01%25U%F2%AD/%16%1C%1B%01%01%1C%17%07%15%08%04root%08%03KEY%08%08%91%0E%B3F%29%8B%C2%D5/%17%FD%01%00%13%3C%8Bf%CAY%CC%E2%22W%9B%9C%C4%F5%B3%C8%E3%0B%04%967%C0%D3%92M%EC%BA%D3sP3%A1%A6%0C%99%16%C9%5D%8FJ7%F2X%D5%A6%D8%3B%DF%A5%D88%A3%A6%0A%EFR%D4%17%0F%3C%E4F%83%AA%7CNLPh%E2%FC%95%E3%07%F6K%CE%A2Q%87%A1%93Ax%F3%AD%A4%5DBB%EF%0D%7Dp%92%25%14%F0%FD%11j99%BD%8E%CD%9E%03%2C%953%C5%BEB%19%F9%11%EAW%03%1F%99%CA%A8%E2%16o%A5%C0%14r%1A%0A%06%8C%0B%3B8%C7%7FZj%18%E9%DB%00%85c%87%9EG%26m%E1%E1s%F4%04%9F%21mb%14%A5%87L%28%BAWI%FE%06%02%D0%14l%9B%B6y%1A%EFEsB%BD%95%FF%FC%CE%2F%21%D0%BC%FD%0AR%25%A7%94%5B%94n%1D%A8%D6GT%1A%08%C7%1Eit%8DOn%CC%7F%1E%11%2FfO7%12%2A%5D%98%B2JC%5E%9EHW%B7%F3%BB%C4%B8OS%0F%F1%1E%F4%AA%98d%DEEI%98%128%EF
1552512764.196661 DEBUG: [nfd.Forwarder] onIncomingData matching=/localhost/nfd/fib/add-nexthop/h%0F%07%06%08%04testi%02%01%06j%01%00/%00%00%01ix%F8%C9%1A/v%FBj%01%25U%F2%AD/%16%1C%1B%01%01%1C%17%07%15%08%04root%08%03KEY%08%08%91%0E%B3F%29%8B%C2%D5/%17%FD%01%00%13%3C%8Bf%CAY%CC%E2%22W%9B%9C%C4%F5%B3%C8%E3%0B%04%967%C0%D3%92M%EC%BA%D3sP3%A1%A6%0C%99%16%C9%5D%8FJ7%F2X%D5%A6%D8%3B%DF%A5%D88%A3%A6%0A%EFR%D4%17%0F%3C%E4F%83%AA%7CNLPh%E2%FC%95%E3%07%F6K%CE%A2Q%87%A1%93Ax%F3%AD%A4%5DBB%EF%0D%7Dp%92%25%14%F0%FD%11j99%BD%8E%CD%9E%03%2C%953%C5%BEB%19%F9%11%EAW%03%1F%99%CA%A8%E2%16o%A5%C0%14r%1A%0A%06%8C%0B%3B8%C7%7FZj%18%E9%DB%00%85c%87%9EG%26m%E1%E1s%F4%04%9F%21mb%14%A5%87L%28%BAWI%FE%06%02%D0%14l%9B%B6y%1A%EFEsB%BD%95%FF%FC%CE%2F%21%D0%BC%FD%0AR%25%A7%94%5B%94n%1D%A8%D6GT%1A%08%C7%1Eit%8DOn%CC%7F%1E%11%2FfO7%12%2A%5D%98%B2JC%5E%9EHW%B7%F3%BB%C4%B8OS%0F%F1%1E%F4%AA%98d%DEEI%98%128%EF
1552512764.196751 DEBUG: [nfd.Forwarder] onOutgoingData face=258 data=/localhost/nfd/fib/add-nexthop/h%0F%07%06%08%04testi%02%01%06j%01%00/%00%00%01ix%F8%C9%1A/v%FBj%01%25U%F2%AD/%16%1C%1B%01%01%1C%17%07%15%08%04root%08%03KEY%08%08%91%0E%B3F%29%8B%C2%D5/%17%FD%01%00%13%3C%8Bf%CAY%CC%E2%22W%9B%9C%C4%F5%B3%C8%E3%0B%04%967%C0%D3%92M%EC%BA%D3sP3%A1%A6%0C%99%16%C9%5D%8FJ7%F2X%D5%A6%D8%3B%DF%A5%D88%A3%A6%0A%EFR%D4%17%0F%3C%E4F%83%AA%7CNLPh%E2%FC%95%E3%07%F6K%CE%A2Q%87%A1%93Ax%F3%AD%A4%5DBB%EF%0D%7Dp%92%25%14%F0%FD%11j99%BD%8E%CD%9E%03%2C%953%C5%BEB%19%F9%11%EAW%03%1F%99%CA%A8%E2%16o%A5%C0%14r%1A%0A%06%8C%0B%3B8%C7%7FZj%18%E9%DB%00%85c%87%9EG%26m%E1%E1s%F4%04%9F%21mb%14%A5%87L%28%BAWI%FE%06%02%D0%14l%9B%B6y%1A%EFEsB%BD%95%FF%FC%CE%2F%21%D0%BC%FD%0AR%25%A7%94%5B%94n%1D%A8%D6GT%1A%08%C7%1Eit%8DOn%CC%7F%1E%11%2FfO7%12%2A%5D%98%B2JC%5E%9EHW%B7%F3%BB%C4%B8OS%0F%F1%1E%F4%AA%98d%DEEI%98%128%EF
1552512764.196906 DEBUG: [nfd.Forwarder] onIncomingData face=1 data=/localhost/nfd/faces/events/%FE%09
1552512764.196933 DEBUG: [nfd.ContentStore] insert /localhost/nfd/faces/events/%FE%09
1552512764.196951 DEBUG: [nfd.Forwarder] onIncomingData matching=/localhost/nfd/faces/events/%FE%09
1552512764.196985 DEBUG: [nfd.Forwarder] onOutgoingData face=258 data=/localhost/nfd/faces/events/%FE%09
1552512764.197034 DEBUG: [nfd.Forwarder] onInterestFinalize interest=/localhost/nfd/fib/add-nexthop/h%0F%07%06%08%04testi%02%01%06j%01%00/%00%00%01ix%F8%C9%1A/v%FBj%01%25U%F2%AD/%16%1C%1B%01%01%1C%17%07%15%08%04root%08%03KEY%08%08%91%0E%B3F%29%8B%C2%D5/%17%FD%01%00%13%3C%8Bf%CAY%CC%E2%22W%9B%9C%C4%F5%B3%C8%E3%0B%04%967%C0%D3%92M%EC%BA%D3sP3%A1%A6%0C%99%16%C9%5D%8FJ7%F2X%D5%A6%D8%3B%DF%A5%D88%A3%A6%0A%EFR%D4%17%0F%3C%E4F%83%AA%7CNLPh%E2%FC%95%E3%07%F6K%CE%A2Q%87%A1%93Ax%F3%AD%A4%5DBB%EF%0D%7Dp%92%25%14%F0%FD%11j99%BD%8E%CD%9E%03%2C%953%C5%BEB%19%F9%11%EAW%03%1F%99%CA%A8%E2%16o%A5%C0%14r%1A%0A%06%8C%0B%3B8%C7%7FZj%18%E9%DB%00%85c%87%9EG%26m%E1%E1s%F4%04%9F%21mb%14%A5%87L%28%BAWI%FE%06%02%D0%14l%9B%B6y%1A%EFEsB%BD%95%FF%FC%CE%2F%21%D0%BC%FD%0AR%25%A7%94%5B%94n%1D%A8%D6GT%1A%08%C7%1Eit%8DOn%CC%7F%1E%11%2FfO7%12%2A%5D%98%B2JC%5E%9EHW%B7%F3%BB%C4%B8OS%0F%F1%1E%F4%AA%98d%DEEI%98%128%EF satisfied
1552512764.197113 DEBUG: [nfd.Forwarder] onInterestFinalize interest=/localhost/nfd/faces/events/%FE%09 satisfied
1552512764.197539 DEBUG: [nfd.Forwarder] onIncomingInterest face=258 interest=/localhost/nfd/faces/events/%FE%0A
1552512764.197565 DEBUG: [nfd.ContentStore] find /localhost/nfd/faces/events/%FE%0A L
1552512764.197586 DEBUG: [nfd.ContentStore]   no-match
1552512764.197597 DEBUG: [nfd.Forwarder] onContentStoreMiss interest=/localhost/nfd/faces/events/%FE%0A
1552512764.197613 DEBUG: [nfd.Forwarder] onOutgoingInterest face=1 interest=/localhost/nfd/faces/events/%FE%0A
1552512812.268725 INFO: [nfd.UnixStreamTransport] [id=0,local=unix:///run/nfd.sock,remote=fd://35] Creating transport
1552512812.268749 INFO: [nfd.FaceTable] Added face id=264 remote=fd://35 local=unix:///run/nfd.sock
1552512812.271800 DEBUG: [nfd.Forwarder] onIncomingInterest face=264 interest=/test/ping/13599167333643041694
1552512812.271834 DEBUG: [nfd.ContentStore] find /test/ping/13599167333643041694 L
1552512812.271848 DEBUG: [nfd.ContentStore]   no-match
1552512812.271853 DEBUG: [nfd.Forwarder] onContentStoreMiss interest=/test/ping/13599167333643041694
1552512812.271866 DEBUG: [nfd.Forwarder] onOutgoingInterest face=262 interest=/test/ping/13599167333643041694
1552512812.272019 DEBUG: [nfd.Forwarder] onIncomingData face=1 data=/localhost/nfd/faces/events/%FE%0A
1552512812.272043 DEBUG: [nfd.ContentStore] insert /localhost/nfd/faces/events/%FE%0A
1552512812.272054 DEBUG: [nfd.Forwarder] onIncomingData matching=/localhost/nfd/faces/events/%FE%0A
1552512812.272079 DEBUG: [nfd.Forwarder] onOutgoingData face=258 data=/localhost/nfd/faces/events/%FE%0A
1552512812.272130 DEBUG: [nfd.Forwarder] onInterestFinalize interest=/localhost/nfd/faces/events/%FE%0A satisfied
1552512812.272234 DEBUG: [nfd.Forwarder] onIncomingInterest face=258 interest=/localhost/nfd/faces/events/%FE%0B
1552512812.272258 DEBUG: [nfd.ContentStore] find /localhost/nfd/faces/events/%FE%0B L
1552512812.272269 DEBUG: [nfd.ContentStore]   no-match
1552512812.272273 DEBUG: [nfd.Forwarder] onContentStoreMiss interest=/localhost/nfd/faces/events/%FE%0B
1552512812.272282 DEBUG: [nfd.Forwarder] onOutgoingInterest face=1 interest=/localhost/nfd/faces/events/%FE%0B
1552512812.274892 DEBUG: [nfd.Forwarder] onIncomingData face=262 data=/test/ping/13599167333643041694
1552512812.274911 DEBUG: [nfd.ContentStore] insert /test/ping/13599167333643041694
1552512812.274926 DEBUG: [nfd.Forwarder] onIncomingData matching=/test/ping/13599167333643041694
1552512812.274945 DEBUG: [nfd.Forwarder] onOutgoingData face=264 data=/test/ping/13599167333643041694
1552512812.274981 DEBUG: [nfd.Forwarder] onInterestFinalize interest=/test/ping/13599167333643041694 satisfied
1552512813.268858 DEBUG: [nfd.Forwarder] onIncomingInterest face=264 interest=/test/ping/13599167333643041695
1552512813.268902 DEBUG: [nfd.ContentStore] find /test/ping/13599167333643041695 L
1552512813.268921 DEBUG: [nfd.ContentStore]   no-match
1552512813.268926 DEBUG: [nfd.Forwarder] onContentStoreMiss interest=/test/ping/13599167333643041695
1552512813.268943 DEBUG: [nfd.Forwarder] onOutgoingInterest face=262 interest=/test/ping/13599167333643041695
1552512813.270125 DEBUG: [nfd.Forwarder] onIncomingData face=262 data=/test/ping/13599167333643041695
1552512813.270145 DEBUG: [nfd.ContentStore] insert /test/ping/13599167333643041695
1552512813.270160 DEBUG: [nfd.Forwarder] onIncomingData matching=/test/ping/13599167333643041695
1552512813.270187 DEBUG: [nfd.Forwarder] onOutgoingData face=264 data=/test/ping/13599167333643041695
1552512813.270227 DEBUG: [nfd.Forwarder] onInterestFinalize interest=/test/ping/13599167333643041695 satisfied
1552512814.268996 DEBUG: [nfd.Forwarder] onIncomingInterest face=264 interest=/test/ping/13599167333643041696
1552512814.269041 DEBUG: [nfd.ContentStore] find /test/ping/13599167333643041696 L
1552512814.269063 DEBUG: [nfd.ContentStore]   no-match
1552512814.269068 DEBUG: [nfd.Forwarder] onContentStoreMiss interest=/test/ping/13599167333643041696
1552512814.269093 DEBUG: [nfd.Forwarder] onOutgoingInterest face=262 interest=/test/ping/13599167333643041696
1552512814.270233 DEBUG: [nfd.Forwarder] onIncomingData face=262 data=/test/ping/13599167333643041696
1552512814.270265 DEBUG: [nfd.ContentStore] insert /test/ping/13599167333643041696
1552512814.270284 DEBUG: [nfd.Forwarder] onIncomingData matching=/test/ping/13599167333643041696
1552512814.270323 DEBUG: [nfd.Forwarder] onOutgoingData face=264 data=/test/ping/13599167333643041696
1552512814.270395 DEBUG: [nfd.Forwarder] onInterestFinalize interest=/test/ping/13599167333643041696 satisfied
1552512815.269253 DEBUG: [nfd.Forwarder] onIncomingInterest face=264 interest=/test/ping/13599167333643041697
1552512815.269302 DEBUG: [nfd.ContentStore] find /test/ping/13599167333643041697 L
1552512815.269321 DEBUG: [nfd.ContentStore]   no-match
1552512815.269326 DEBUG: [nfd.Forwarder] onContentStoreMiss interest=/test/ping/13599167333643041697
1552512815.269342 DEBUG: [nfd.Forwarder] onOutgoingInterest face=262 interest=/test/ping/13599167333643041697
1552512815.270616 DEBUG: [nfd.Forwarder] onIncomingData face=262 data=/test/ping/13599167333643041697
1552512815.270653 DEBUG: [nfd.ContentStore] insert /test/ping/13599167333643041697
1552512815.270681 DEBUG: [nfd.Forwarder] onIncomingData matching=/test/ping/13599167333643041697
1552512815.270735 DEBUG: [nfd.Forwarder] onOutgoingData face=264 data=/test/ping/13599167333643041697
1552512815.270812 DEBUG: [nfd.Forwarder] onInterestFinalize interest=/test/ping/13599167333643041697 satisfied
1552512816.269440 DEBUG: [nfd.Forwarder] onIncomingInterest face=264 interest=/test/ping/13599167333643041698
1552512816.269488 DEBUG: [nfd.ContentStore] find /test/ping/13599167333643041698 L
1552512816.269507 DEBUG: [nfd.ContentStore]   no-match
1552512816.269512 DEBUG: [nfd.Forwarder] onContentStoreMiss interest=/test/ping/13599167333643041698
1552512816.269528 DEBUG: [nfd.Forwarder] onOutgoingInterest face=262 interest=/test/ping/13599167333643041698
1552512816.270625 DEBUG: [nfd.Forwarder] onIncomingData face=262 data=/test/ping/13599167333643041698
1552512816.270647 DEBUG: [nfd.ContentStore] insert /test/ping/13599167333643041698
1552512816.270664 DEBUG: [nfd.Forwarder] onIncomingData matching=/test/ping/13599167333643041698
1552512816.270694 DEBUG: [nfd.Forwarder] onOutgoingData face=264 data=/test/ping/13599167333643041698
1552512816.270739 DEBUG: [nfd.Forwarder] onInterestFinalize interest=/test/ping/13599167333643041698 satisfied
1552512816.708409 INFO: [nfd.Transport] [id=264,local=unix:///run/nfd.sock,remote=fd://35] setState UP -> CLOSING
1552512816.708482 INFO: [nfd.Transport] [id=264,local=unix:///run/nfd.sock,remote=fd://35] setState CLOSING -> CLOSED
1552512816.712119 INFO: [nfd.FaceTable] Removed face id=264 remote=fd://35 local=unix:///run/nfd.sock
1552512816.712197 DEBUG: [nfd.Forwarder] onIncomingData face=1 data=/localhost/nfd/faces/events/%FE%0B
1552512816.712224 DEBUG: [nfd.ContentStore] insert /localhost/nfd/faces/events/%FE%0B
1552512816.712242 DEBUG: [nfd.Forwarder] onIncomingData matching=/localhost/nfd/faces/events/%FE%0B
1552512816.712280 DEBUG: [nfd.Forwarder] onOutgoingData face=258 data=/localhost/nfd/faces/events/%FE%0B
1552512816.712351 DEBUG: [nfd.Forwarder] onInterestFinalize interest=/localhost/nfd/faces/events/%FE%0B satisfied
1552512816.712521 DEBUG: [nfd.Forwarder] onIncomingInterest face=258 interest=/localhost/nfd/faces/events/%FE%0C
1552512816.712561 DEBUG: [nfd.ContentStore] find /localhost/nfd/faces/events/%FE%0C L
1552512816.712600 DEBUG: [nfd.ContentStore]   no-match
1552512816.712618 DEBUG: [nfd.Forwarder] onContentStoreMiss interest=/localhost/nfd/faces/events/%FE%0C
1552512816.712647 DEBUG: [nfd.Forwarder] onOutgoingInterest face=1 interest=/localhost/nfd/faces/events/%FE%0C
1552512876.711763 DEBUG: [nfd.Forwarder] onInterestFinalize interest=/localhost/nfd/faces/events/%FE%0C unsatisfied
1552512876.712612 DEBUG: [nfd.Forwarder] onIncomingInterest face=258 interest=/localhost/nfd/faces/events
1552512876.712652 DEBUG: [nfd.ContentStore] find /localhost/nfd/faces/events L
1552512876.712671 DEBUG: [nfd.ContentStore]   no-match
1552512876.712676 DEBUG: [nfd.Forwarder] onContentStoreMiss interest=/localhost/nfd/faces/events
1552512876.712691 DEBUG: [nfd.Forwarder] onOutgoingInterest face=1 interest=/localhost/nfd/faces/events
1552512886.365341 INFO: [nfd.UnixStreamTransport] [id=0,local=unix:///run/nfd.sock,remote=fd://35] Creating transport
1552512886.365381 INFO: [nfd.FaceTable] Added face id=265 remote=fd://35 local=unix:///run/nfd.sock
1552512886.369028 DEBUG: [nfd.Forwarder] onIncomingInterest face=265 interest=/test/g/0
1552512886.369059 DEBUG: [nfd.ContentStore] find /test/g/0 L
1552512886.369071 DEBUG: [nfd.ContentStore]   no-match
1552512886.369076 DEBUG: [nfd.Forwarder] onContentStoreMiss interest=/test/g/0
1552512886.369088 DEBUG: [nfd.Forwarder] onOutgoingInterest face=262 interest=/test/g/0
1552512886.369194 DEBUG: [nfd.Forwarder] onIncomingData face=1 data=/localhost/nfd/faces/events/%FE%0C
1552512886.369217 DEBUG: [nfd.ContentStore] insert /localhost/nfd/faces/events/%FE%0C
1552512886.369228 DEBUG: [nfd.Forwarder] onIncomingData matching=/localhost/nfd/faces/events
1552512886.369255 DEBUG: [nfd.Forwarder] onOutgoingData face=258 data=/localhost/nfd/faces/events/%FE%0C
1552512886.369311 DEBUG: [nfd.Forwarder] onInterestFinalize interest=/localhost/nfd/faces/events satisfied
1552512886.369460 DEBUG: [nfd.Forwarder] onIncomingInterest face=258 interest=/localhost/nfd/faces/events/%FE%0D
1552512886.369495 DEBUG: [nfd.ContentStore] find /localhost/nfd/faces/events/%FE%0D L
1552512886.369522 DEBUG: [nfd.ContentStore]   no-match
1552512886.369537 DEBUG: [nfd.Forwarder] onContentStoreMiss interest=/localhost/nfd/faces/events/%FE%0D
1552512886.369563 DEBUG: [nfd.Forwarder] onOutgoingInterest face=1 interest=/localhost/nfd/faces/events/%FE%0D
1552512910.054864 DEBUG: [nfd.Forwarder] onIncomingData face=262 data=/test/g/0
1552512910.054903 DEBUG: [nfd.ContentStore] insert /test/g/0
1552512910.054923 DEBUG: [nfd.Forwarder] onIncomingData matching=/test/g/0
1552512910.054963 DEBUG: [nfd.Forwarder] onOutgoingData face=265 data=/test/g/0
1552512910.055039 DEBUG: [nfd.Forwarder] onInterestFinalize interest=/test/g/0 satisfied
1552512910.055402 INFO: [nfd.Transport] [id=265,local=unix:///run/nfd.sock,remote=fd://35] setState UP -> CLOSING
1552512910.055462 INFO: [nfd.Transport] [id=265,local=unix:///run/nfd.sock,remote=fd://35] setState CLOSING -> CLOSED
1552512910.059050 INFO: [nfd.FaceTable] Removed face id=265 remote=fd://35 local=unix:///run/nfd.sock
1552512910.059163 DEBUG: [nfd.Forwarder] onIncomingData face=1 data=/localhost/nfd/faces/events/%FE%0D
1552512910.059186 DEBUG: [nfd.ContentStore] insert /localhost/nfd/faces/events/%FE%0D
1552512910.059196 DEBUG: [nfd.Forwarder] onIncomingData matching=/localhost/nfd/faces/events/%FE%0D
1552512910.059226 DEBUG: [nfd.Forwarder] onOutgoingData face=258 data=/localhost/nfd/faces/events/%FE%0D
1552512910.059286 DEBUG: [nfd.Forwarder] onInterestFinalize interest=/localhost/nfd/faces/events/%FE%0D satisfied
1552512910.059454 DEBUG: [nfd.Forwarder] onIncomingInterest face=258 interest=/localhost/nfd/faces/events/%FE%0E
1552512910.059489 DEBUG: [nfd.ContentStore] find /localhost/nfd/faces/events/%FE%0E L
1552512910.059527 DEBUG: [nfd.ContentStore]   no-match
1552512910.059542 DEBUG: [nfd.Forwarder] onContentStoreMiss interest=/localhost/nfd/faces/events/%FE%0E
1552512910.059565 DEBUG: [nfd.Forwarder] onOutgoingInterest face=1 interest=/localhost/nfd/faces/events/%FE%0E
