NFD version 0.6.5 starting
Built with GNU C++ version 7.3.0, with GNU libstdc++ version 20180720, with Boost version 1.65.1, with libpcap version 1.8.1, with WebSocket++ version 0.8.1, with ndn-cxx version 0.6.5
1552512726.191500 DEBUG: [nfd.ContentStore] set-policy lru
1552512726.191539 INFO: [nfd.CsPolicy] setLimit 10
1552512726.191607 INFO: [nfd.StrategyChoice] setDefaultStrategy /localhost/nfd/strategy/best-route/%FD%05
1552512726.193624 INFO: [nfd.InternalForwarderTransport] [id=0,local=null://,remote=null://] Creating transport
1552512726.193667 INFO: [nfd.FaceTable] Added face id=255 remote=null:// local=null://
1552512726.193690 INFO: [nfd.InternalForwarderTransport] [id=0,local=contentstore://,remote=contentstore://] Creating transport
1552512726.193706 INFO: [nfd.FaceTable] Added face id=254 remote=contentstore:// local=contentstore://
1552512726.193754 INFO: [nfd.InternalForwarderTransport] [id=0,local=internal://,remote=internal://] Creating transport
1552512726.193843 INFO: [nfd.FaceTable] Added face id=1 remote=internal:// local=internal://
1552512726.194614 WARNING: [nfd.CommandAuthenticator] 'certfile any' is intended for demo purposes only and SHOULD NOT be used in production environments
1552512726.195006 INFO: [nfd.StrategyChoice] changeStrategy(/ndn/broadcast) /localhost/nfd/strategy/best-route/%FD%05 -> /localhost/nfd/strategy/multicast/%FD%03
1552512726.195061 INFO: [nfd.StrategyChoice] changeStrategy(/localhost) /localhost/nfd/strategy/best-route/%FD%05 -> /localhost/nfd/strategy/multicast/%FD%03
1552512726.195147 INFO: [nfd.StrategyChoice] changeStrategy(/localhost/nfd) /localhost/nfd/strategy/multicast/%FD%03 -> /localhost/nfd/strategy/best-route/%FD%05
1552512726.195188 INFO: [nfd.CsPolicy] setLimit 65536
1552512726.195200 DEBUG: [nfd.ContentStore] set-policy lru
1552512726.195208 INFO: [nfd.CsPolicy] setLimit 65536
1552512726.195231 INFO: [nfd.EthernetFactory] enabling multicast on 01:00:5e:00:17:aa
1552512726.195281 INFO: [nfd.TcpChannel] [tcp4://0.0.0.0:6363] Creating channel
1552512726.195334 INFO: [nfd.TcpChannel] [tcp6://[::]:6363] Creating channel
1552512726.195412 INFO: [nfd.UdpChannel] [udp4://0.0.0.0:6363] Creating channel
1552512726.195458 INFO: [nfd.UdpChannel] [udp6://[::]:6363] Creating channel
1552512726.195494 INFO: [nfd.UdpFactory] enabling multicast on 224.0.23.170:56363
1552512726.195517 INFO: [nfd.UdpFactory] enabling multicast on [ff02::1234]:56363
1552512726.195604 INFO: [nfd.UnixStreamChannel] [unix:///run/nfd.sock] Creating channel
1552512726.195767 INFO: [nfd.WebSocketChannel] [ws://0.0.0.0:9696] Creating channel
1552512726.195837 INFO: [nfd.WebSocketChannel] [ws://[::]:9696] Creating channel
1552512726.195897 INFO: [nfd.CommandAuthenticator] clear-authorizations
1552512726.195940 WARNING: [nfd.CommandAuthenticator] 'certfile any' is intended for demo purposes only and SHOULD NOT be used in production environments
1552512726.195965 INFO: [nfd.CommandAuthenticator] authorize module=faces signer=any
1552512726.195985 INFO: [nfd.CommandAuthenticator] authorize module=fib signer=any
1552512726.195995 INFO: [nfd.CommandAuthenticator] authorize module=cs signer=any
1552512726.196002 INFO: [nfd.CommandAuthenticator] authorize module=strategy-choice signer=any
1552512726.196357 INFO: [nfd.EthernetChannel] [dev://eth0] Creating channel
1552512726.205826 INFO: [nfd.RibManager] Start monitoring face create/destroy events
1552512726.331470 INFO: [nfd.MulticastEthernetTransport] [id=0,local=dev://eth0,remote=ether://[01:00:5e:00:17:aa]] Creating transport
1552512726.331887 INFO: [nfd.FaceTable] Added face id=256 remote=ether://[01:00:5e:00:17:aa] local=dev://eth0
1552512726.338105 INFO: [nfd.EthernetChannel] [dev://eth1] Creating channel
1552512726.451414 INFO: [nfd.MulticastEthernetTransport] [id=0,local=dev://eth1,remote=ether://[01:00:5e:00:17:aa]] Creating transport
1552512726.451787 INFO: [nfd.FaceTable] Added face id=257 remote=ether://[01:00:5e:00:17:aa] local=dev://eth1
1552512726.455415 INFO: [nfd.UnixStreamTransport] [id=0,local=unix:///run/nfd.sock,remote=fd://30] Creating transport
1552512726.455434 INFO: [nfd.FaceTable] Added face id=258 remote=fd://30 local=unix:///run/nfd.sock
1552512726.459035 DEBUG: [nfd.Forwarder] onIncomingData face=1 data=/localhost/nfd/faces/events/%FE%00
1552512726.459066 DEBUG: [nfd.Forwarder] onDataUnsolicited face=1 data=/localhost/nfd/faces/events/%FE%00 decision=drop
1552512726.459168 DEBUG: [nfd.Forwarder] onIncomingData face=1 data=/localhost/nfd/faces/events/%FE%01
1552512726.459194 DEBUG: [nfd.Forwarder] onDataUnsolicited face=1 data=/localhost/nfd/faces/events/%FE%01 decision=drop
1552512726.459233 DEBUG: [nfd.Forwarder] onIncomingInterest face=258 interest=/localhost/nfd/fib/add-nexthop/h%1A%07%15%08%09localhost%08%03nfd%08%03ribi%01%00/%00%00%01ix%F84%B6/K%DB%8A%7D%19%15%F2q/%16%1C%1B%01%01%1C%17%07%15%08%04root%08%03KEY%08%08%91%0E%B3F%29%8B%C2%D5/%17%FD%01%00bZ%19%22j%A2%84%BB%27%0D%F2%E4l%A0%C3%E7IBU%9A%196%88U%17%26%A1%17%E3M6%B0%5C%12H%F8%BE%0D%FFA%E7%844M%BAH%27s%A5%B2%EB_j%B1%00%82%ED4%FE%836%0CqE%D5%2B%C7%A8%AD%FCp%3B%AArN7%F1%DB%14%A0%14%C0%FD%C7%C6L%A8%8A%8F%3F%B6%5E%8A%87%E8%27%5E%8C9d%28%2B%9Fp4%2F%EC%0F%9F%DEU%20%91U%D0%97%D6%DC%ED%C4%83%E6%93%8F-%40%F9%DD%82gG%7BY%98B%0E%0DI%17%D2%1C%8C%D6%28%5E%00o%B2%A8%E8%FC%F4L%94a%01%1D%90%B9M%C6%F2%129%93T%09%B2VS%00%BB%14%97%D4%C4%F23%BD%2C%99j%B6%1Et%B5~IK%144%8Ft%9CO~%A5rK%1DO%A5%FD-%03%ADU%20%F5%EF%06A%F6%B4%06%B9%FD%8E%D4%E5%ED%7F%60%60%3Ds%EB%0A%D8G%FF%173%5B%21%28%0B%83y%F9%81%CB%DAs9%DD%ADz%F4h3%ACV%B4%DF%25
1552512726.459320 DEBUG: [nfd.ContentStore] find /localhost/nfd/fib/add-nexthop/h%1A%07%15%08%09localhost%08%03nfd%08%03ribi%01%00/%00%00%01ix%F84%B6/K%DB%8A%7D%19%15%F2q/%16%1C%1B%01%01%1C%17%07%15%08%04root%08%03KEY%08%08%91%0E%B3F%29%8B%C2%D5/%17%FD%01%00bZ%19%22j%A2%84%BB%27%0D%F2%E4l%A0%C3%E7IBU%9A%196%88U%17%26%A1%17%E3M6%B0%5C%12H%F8%BE%0D%FFA%E7%844M%BAH%27s%A5%B2%EB_j%B1%00%82%ED4%FE%836%0CqE%D5%2B%C7%A8%AD%FCp%3B%AArN7%F1%DB%14%A0%14%C0%FD%C7%C6L%A8%8A%8F%3F%B6%5E%8A%87%E8%27%5E%8C9d%28%2B%9Fp4%2F%EC%0F%9F%DEU%20%91U%D0%97%D6%DC%ED%C4%83%E6%93%8F-%40%F9%DD%82gG%7BY%98B%0E%0DI%17%D2%1C%8C%D6%28%5E%00o%B2%A8%E8%FC%F4L%94a%01%1D%90%B9M%C6%F2%129%93T%09%B2VS%00%BB%14%97%D4%C4%F23%BD%2C%99j%B6%1Et%B5~IK%144%8Ft%9CO~%A5rK%1DO%A5%FD-%03%ADU%20%F5%EF%06A%F6%B4%06%B9%FD%8E%D4%E5%ED%7F%60%60%3Ds%EB%0A%D8G%FF%173%5B%21%28%0B%83y%F9%81%CB%DAs9%DD%ADz%F4h3%ACV%B4%DF%25 L
1552512726.459410 DEBUG: [nfd.ContentStore]   no-match
1552512726.459419 DEBUG: [nfd.Forwarder] onContentStoreMiss interest=/localhost/nfd/fib/add-nexthop/h%1A%07%15%08%09localhost%08%03nfd%08%03ribi%01%00/%00%00%01ix%F84%B6/K%DB%8A%7D%19%15%F2q/%16%1C%1B%01%01%1C%17%07%15%08%04root%08%03KEY%08%08%91%0E%B3F%29%8B%C2%D5/%17%FD%01%00bZ%19%22j%A2%84%BB%27%0D%F2%E4l%A0%C3%E7IBU%9A%196%88U%17%26%A1%17%E3M6%B0%5C%12H%F8%BE%0D%FFA%E7%844M%BAH%27s%A5%B2%EB_j%B1%00%82%ED4%FE%836%0CqE%D5%2B%C7%A8%AD%FCp%3B%AArN7%F1%DB%14%A0%14%C0%FD%C7%C6L%A8%8A%8F%3F%B6%5E%8A%87%E8%27%5E%8C9d%28%2B%9Fp4%2F%EC%0F%9F%DEU%20%91U%D0%97%D6%DC%ED%C4%83%E6%93%8F-%40%F9%DD%82gG%7BY%98B%0E%0DI%17%D2%1C%8C%D6%28%5E%00o%B2%A8%E8%FC%F4L%94a%01%1D%90%B9M%C6%F2%129%93T%09%B2VS%00%BB%14%97%D4%C4%F23%BD%2C%99j%B6%1Et%B5~IK%144%8Ft%9CO~%A5rK%1DO%A5%FD-%03%ADU%20%F5%EF%06A%F6%B4%06%B9%FD%8E%D4%E5%ED%7F%60%60%3Ds%EB%0A%D8G%FF%173%5B%21%28%0B%83y%F9%81%CB%DAs9%DD%ADz%F4h3%ACV%B4%DF%25
1552512726.459481 DEBUG: [nfd.Forwarder] onOutgoingInterest face=1 interest=/localhost/nfd/fib/add-nexthop/h%1A%07%15%08%09localhost%08%03nfd%08%03ribi%01%00/%00%00%01ix%F84%B6/K%DB%8A%7D%19%15%F2q/%16%1C%1B%01%01%1C%17%07%15%08%04root%08%03KEY%08%08%91%0E%B3F%29%8B%C2%D5/%17%FD%01%00bZ%19%22j%A2%84%BB%27%0D%F2%E4l%A0%C3%E7IBU%9A%196%88U%17%26%A1%17%E3M6%B0%5C%12H%F8%BE%0D%FFA%E7%844M%BAH%27s%A5%B2%EB_j%B1%00%82%ED4%FE%836%0CqE%D5%2B%C7%A8%AD%FCp%3B%AArN7%F1%DB%14%A0%14%C0%FD%C7%C6L%A8%8A%8F%3F%B6%5E%8A%87%E8%27%5E%8C9d%28%2B%9Fp4%2F%EC%0F%9F%DEU%20%91U%D0%97%D6%DC%ED%C4%83%E6%93%8F-%40%F9%DD%82gG%7BY%98B%0E%0DI%17%D2%1C%8C%D6%28%5E%00o%B2%A8%E8%FC%F4L%94a%01%1D%90%B9M%C6%F2%129%93T%09%B2VS%00%BB%14%97%D4%C4%F23%BD%2C%99j%B6%1Et%B5~IK%144%8Ft%9CO~%A5rK%1DO%A5%FD-%03%ADU%20%F5%EF%06A%F6%B4%06%B9%FD%8E%D4%E5%ED%7F%60%60%3Ds%EB%0A%D8G%FF%173%5B%21%28%0B%83y%F9%81%CB%DAs9%DD%ADz%F4h3%ACV%B4%DF%25
1552512726.459569 DEBUG: [nfd.Forwarder] onIncomingInterest face=258 interest=/localhost/nfd/faces/events
1552512726.459604 DEBUG: [nfd.ContentStore] find /localhost/nfd/faces/events L
1552512726.459628 DEBUG: [nfd.ContentStore]   no-match
1552512726.459637 DEBUG: [nfd.Forwarder] onContentStoreMiss interest=/localhost/nfd/faces/events
1552512726.459651 DEBUG: [nfd.Forwarder] onOutgoingInterest face=1 interest=/localhost/nfd/faces/events
1552512726.459693 DEBUG: [nfd.Forwarder] onIncomingInterest face=258 interest=/localhost/nfd/faces/update/h%06l%01%01p%01%01/%00%00%01ix%F84%BD/%C7q%D6%3B%9F%96%09D/%16%1C%1B%01%01%1C%17%07%15%08%04root%08%03KEY%08%08%91%0E%B3F%29%8B%C2%D5/%17%FD%01%007%3FOj%C7%B6%11%5C%603qa%C2%D0%FC%E04%C0%E5%BB%8EU%25%F1-%CF%AF%B3%B9%D2%FA%0F%F2x%0Cq%8D%80%14%AA%8C%9E%ABm6.h%FE%95%CCY%08%B4%01%CD%F7%C61%D1%40u%B1%9E%29%85%E3%F2%80%9E%BC%EB%C8%FD%A5la%B9%F0%00s%F4%FE%26%E9%A0%FE%18%D2%15%CB-%E9i~%BB%1D%2Cj%1C%F52%E0%8D%B8%86a%1C%04%B9%E4%E2%01%F7%F7%14K%8A%FA%94%91%85%C6%CD5%1D%95%7D%BBc%E1%BBX%0AE%8F%87%18%92%B2w%3E%A5%18%EB%C6Vz%BBc%20%F9%E6%C5%BA%5E%1E%93%B1%EB%5E%5Cc%07t%AD%3Bd%3D%19%3D%0E%5E%8D%F9%AD%5E%5D%AE%E6%DC%BE%CD%ED%3E%60n%D8y%DF%EB%DF%B7%A4%5C%CB%C9E%90%D4%96%C2%D7%BA%87%A87%FA%2F%E2%F20%F2%87%9D%09%A3%D5%C6%5B%BDZC%02%08%B9.g%EC%B2Z%FC%07%D4%F2%E9%11%EA%B3%8A%BE%AD%9A%27V%D4%B3c%8A%DC%DEw%1C%2A%D7%E1%89
1552512726.459771 DEBUG: [nfd.ContentStore] find /localhost/nfd/faces/update/h%06l%01%01p%01%01/%00%00%01ix%F84%BD/%C7q%D6%3B%9F%96%09D/%16%1C%1B%01%01%1C%17%07%15%08%04root%08%03KEY%08%08%91%0E%B3F%29%8B%C2%D5/%17%FD%01%007%3FOj%C7%B6%11%5C%603qa%C2%D0%FC%E04%C0%E5%BB%8EU%25%F1-%CF%AF%B3%B9%D2%FA%0F%F2x%0Cq%8D%80%14%AA%8C%9E%ABm6.h%FE%95%CCY%08%B4%01%CD%F7%C61%D1%40u%B1%9E%29%85%E3%F2%80%9E%BC%EB%C8%FD%A5la%B9%F0%00s%F4%FE%26%E9%A0%FE%18%D2%15%CB-%E9i~%BB%1D%2Cj%1C%F52%E0%8D%B8%86a%1C%04%B9%E4%E2%01%F7%F7%14K%8A%FA%94%91%85%C6%CD5%1D%95%7D%BBc%E1%BBX%0AE%8F%87%18%92%B2w%3E%A5%18%EB%C6Vz%BBc%20%F9%E6%C5%BA%5E%1E%93%B1%EB%5E%5Cc%07t%AD%3Bd%3D%19%3D%0E%5E%8D%F9%AD%5E%5D%AE%E6%DC%BE%CD%ED%3E%60n%D8y%DF%EB%DF%B7%A4%5C%CB%C9E%90%D4%96%C2%D7%BA%87%A87%FA%2F%E2%F20%F2%87%9D%09%A3%D5%C6%5B%BDZC%02%08%B9.g%EC%B2Z%FC%07%D4%F2%E9%11%EA%B3%8A%BE%AD%9A%27V%D4%B3c%8A%DC%DEw%1C%2A%D7%E1%89 L
1552512726.459835 DEBUG: [nfd.ContentStore]   no-match
1552512726.459845 DEBUG: [nfd.Forwarder] onContentStoreMiss interest=/localhost/nfd/faces/update/h%06l%01%01p%01%01/%00%00%01ix%F84%BD/%C7q%D6%3B%9F%96%09D/%16%1C%1B%01%01%1C%17%07%15%08%04root%08%03KEY%08%08%91%0E%B3F%29%8B%C2%D5/%17%FD%01%007%3FOj%C7%B6%11%5C%603qa%C2%D0%FC%E04%C0%E5%BB%8EU%25%F1-%CF%AF%B3%B9%D2%FA%0F%F2x%0Cq%8D%80%14%AA%8C%9E%ABm6.h%FE%95%CCY%08%B4%01%CD%F7%C61%D1%40u%B1%9E%29%85%E3%F2%80%9E%BC%EB%C8%FD%A5la%B9%F0%00s%F4%FE%26%E9%A0%FE%18%D2%15%CB-%E9i~%BB%1D%2Cj%1C%F52%E0%8D%B8%86a%1C%04%B9%E4%E2%01%F7%F7%14K%8A%FA%94%91%85%C6%CD5%1D%95%7D%BBc%E1%BBX%0AE%8F%87%18%92%B2w%3E%A5%18%EB%C6Vz%BBc%20%F9%E6%C5%BA%5E%1E%93%B1%EB%5E%5Cc%07t%AD%3Bd%3D%19%3D%0E%5E%8D%F9%AD%5E%5D%AE%E6%DC%BE%CD%ED%3E%60n%D8y%DF%EB%DF%B7%A4%5C%CB%C9E%90%D4%96%C2%D7%BA%87%A87%FA%2F%E2%F20%F2%87%9D%09%A3%D5%C6%5B%BDZC%02%08%B9.g%EC%B2Z%FC%07%D4%F2%E9%11%EA%B3%8A%BE%AD%9A%27V%D4%B3c%8A%DC%DEw%1C%2A%D7%E1%89
1552512726.459894 DEBUG: [nfd.Forwarder] onOutgoingInterest face=1 interest=/localhost/nfd/faces/update/h%06l%01%01p%01%01/%00%00%01ix%F84%BD/%C7q%D6%3B%9F%96%09D/%16%1C%1B%01%01%1C%17%07%15%08%04root%08%03KEY%08%08%91%0E%B3F%29%8B%C2%D5/%17%FD%01%007%3FOj%C7%B6%11%5C%603qa%C2%D0%FC%E04%C0%E5%BB%8EU%25%F1-%CF%AF%B3%B9%D2%FA%0F%F2x%0Cq%8D%80%14%AA%8C%9E%ABm6.h%FE%95%CCY%08%B4%01%CD%F7%C61%D1%40u%B1%9E%29%85%E3%F2%80%9E%BC%EB%C8%FD%A5la%B9%F0%00s%F4%FE%26%E9%A0%FE%18%D2%15%CB-%E9i~%BB%1D%2Cj%1C%F52%E0%8D%B8%86a%1C%04%B9%E4%E2%01%F7%F7%14K%8A%FA%94%91%85%C6%CD5%1D%95%7D%BBc%E1%BBX%0AE%8F%87%18%92%B2w%3E%A5%18%EB%C6Vz%BBc%20%F9%E6%C5%BA%5E%1E%93%B1%EB%5E%5Cc%07t%AD%3Bd%3D%19%3D%0E%5E%8D%F9%AD%5E%5D%AE%E6%DC%BE%CD%ED%3E%60n%D8y%DF%EB%DF%B7%A4%5C%CB%C9E%90%D4%96%C2%D7%BA%87%A87%FA%2F%E2%F20%F2%87%9D%09%A3%D5%C6%5B%BDZC%02%08%B9.g%EC%B2Z%FC%07%D4%F2%E9%11%EA%B3%8A%BE%AD%9A%27V%D4%B3c%8A%DC%DEw%1C%2A%D7%E1%89
1552512726.460080 INFO: [nfd.MulticastUdpTransport] [id=0,local=udp4://10.0.2.13:45418,remote=udp4://224.0.23.170:56363] Creating transport
1552512726.460101 INFO: [nfd.FaceTable] Added face id=259 remote=udp4://224.0.23.170:56363 local=udp4://10.0.2.13:45418
1552512726.462805 INFO: [nfd.MulticastUdpTransport] [id=0,local=udp4://172.18.0.4:57641,remote=udp4://224.0.23.170:56363] Creating transport
1552512726.462822 INFO: [nfd.FaceTable] Added face id=260 remote=udp4://224.0.23.170:56363 local=udp4://172.18.0.4:57641
1552512726.470724 DEBUG: [nfd.Forwarder] onIncomingData face=1 data=/localhost/nfd/faces/events/%FE%02
1552512726.470745 DEBUG: [nfd.ContentStore] insert /localhost/nfd/faces/events/%FE%02
1552512726.470751 DEBUG: [nfd.Forwarder] onIncomingData matching=/localhost/nfd/faces/events
1552512726.470774 DEBUG: [nfd.Forwarder] onOutgoingData face=258 data=/localhost/nfd/faces/events/%FE%02
1552512726.470873 DEBUG: [nfd.Forwarder] onIncomingData face=1 data=/localhost/nfd/faces/events/%FE%03
1552512726.470892 DEBUG: [nfd.ContentStore] insert /localhost/nfd/faces/events/%FE%03
1552512726.470897 DEBUG: [nfd.Forwarder] onIncomingData matching=/localhost/nfd/faces/events
1552512726.470923 DEBUG: [nfd.Forwarder] onIncomingData face=1 data=/localhost/nfd/faces/events/%FE%04
1552512726.470935 DEBUG: [nfd.ContentStore] insert /localhost/nfd/faces/events/%FE%04
1552512726.470940 DEBUG: [nfd.Forwarder] onIncomingData matching=/localhost/nfd/faces/events
1552512726.470959 DEBUG: [nfd.Forwarder] onInterestFinalize interest=/localhost/nfd/faces/events satisfied
1552512726.470999 DEBUG: [nfd.Forwarder] onIncomingData face=1 data=/localhost/nfd/fib/add-nexthop/h%1A%07%15%08%09localhost%08%03nfd%08%03ribi%01%00/%00%00%01ix%F84%B6/K%DB%8A%7D%19%15%F2q/%16%1C%1B%01%01%1C%17%07%15%08%04root%08%03KEY%08%08%91%0E%B3F%29%8B%C2%D5/%17%FD%01%00bZ%19%22j%A2%84%BB%27%0D%F2%E4l%A0%C3%E7IBU%9A%196%88U%17%26%A1%17%E3M6%B0%5C%12H%F8%BE%0D%FFA%E7%844M%BAH%27s%A5%B2%EB_j%B1%00%82%ED4%FE%836%0CqE%D5%2B%C7%A8%AD%FCp%3B%AArN7%F1%DB%14%A0%14%C0%FD%C7%C6L%A8%8A%8F%3F%B6%5E%8A%87%E8%27%5E%8C9d%28%2B%9Fp4%2F%EC%0F%9F%DEU%20%91U%D0%97%D6%DC%ED%C4%83%E6%93%8F-%40%F9%DD%82gG%7BY%98B%0E%0DI%17%D2%1C%8C%D6%28%5E%00o%B2%A8%E8%FC%F4L%94a%01%1D%90%B9M%C6%F2%129%93T%09%B2VS%00%BB%14%97%D4%C4%F23%BD%2C%99j%B6%1Et%B5~IK%144%8Ft%9CO~%A5rK%1DO%A5%FD-%03%ADU%20%F5%EF%06A%F6%B4%06%B9%FD%8E%D4%E5%ED%7F%60%60%3Ds%EB%0A%D8G%FF%173%5B%21%28%0B%83y%F9%81%CB%DAs9%DD%ADz%F4h3%ACV%B4%DF%25
1552512726.471220 DEBUG: [nfd.ContentStore] insert /localhost/nfd/fib/add-nexthop/h%1A%07%15%08%09localhost%08%03nfd%08%03ribi%01%00/%00%00%01ix%F84%B6/K%DB%8A%7D%19%15%F2q/%16%1C%1B%01%01%1C%17%07%15%08%04root%08%03KEY%08%08%91%0E%B3F%29%8B%C2%D5/%17%FD%01%00bZ%19%22j%A2%84%BB%27%0D%F2%E4l%A0%C3%E7IBU%9A%196%88U%17%26%A1%17%E3M6%B0%5C%12H%F8%BE%0D%FFA%E7%844M%BAH%27s%A5%B2%EB_j%B1%00%82%ED4%FE%836%0CqE%D5%2B%C7%A8%AD%FCp%3B%AArN7%F1%DB%14%A0%14%C0%FD%C7%C6L%A8%8A%8F%3F%B6%5E%8A%87%E8%27%5E%8C9d%28%2B%9Fp4%2F%EC%0F%9F%DEU%20%91U%D0%97%D6%DC%ED%C4%83%E6%93%8F-%40%F9%DD%82gG%7BY%98B%0E%0DI%17%D2%1C%8C%D6%28%5E%00o%B2%A8%E8%FC%F4L%94a%01%1D%90%B9M%C6%F2%129%93T%09%B2VS%00%BB%14%97%D4%C4%F23%BD%2C%99j%B6%1Et%B5~IK%144%8Ft%9CO~%A5rK%1DO%A5%FD-%03%ADU%20%F5%EF%06A%F6%B4%06%B9%FD%8E%D4%E5%ED%7F%60%60%3Ds%EB%0A%D8G%FF%173%5B%21%28%0B%83y%F9%81%CB%DAs9%DD%ADz%F4h3%ACV%B4%DF%25
1552512726.471272 DEBUG: [nfd.Forwarder] onIncomingData matching=/localhost/nfd/fib/add-nexthop/h%1A%07%15%08%09localhost%08%03nfd%08%03ribi%01%00/%00%00%01ix%F84%B6/K%DB%8A%7D%19%15%F2q/%16%1C%1B%01%01%1C%17%07%15%08%04root%08%03KEY%08%08%91%0E%B3F%29%8B%C2%D5/%17%FD%01%00bZ%19%22j%A2%84%BB%27%0D%F2%E4l%A0%C3%E7IBU%9A%196%88U%17%26%A1%17%E3M6%B0%5C%12H%F8%BE%0D%FFA%E7%844M%BAH%27s%A5%B2%EB_j%B1%00%82%ED4%FE%836%0CqE%D5%2B%C7%A8%AD%FCp%3B%AArN7%F1%DB%14%A0%14%C0%FD%C7%C6L%A8%8A%8F%3F%B6%5E%8A%87%E8%27%5E%8C9d%28%2B%9Fp4%2F%EC%0F%9F%DEU%20%91U%D0%97%D6%DC%ED%C4%83%E6%93%8F-%40%F9%DD%82gG%7BY%98B%0E%0DI%17%D2%1C%8C%D6%28%5E%00o%B2%A8%E8%FC%F4L%94a%01%1D%90%B9M%C6%F2%129%93T%09%B2VS%00%BB%14%97%D4%C4%F23%BD%2C%99j%B6%1Et%B5~IK%144%8Ft%9CO~%A5rK%1DO%A5%FD-%03%ADU%20%F5%EF%06A%F6%B4%06%B9%FD%8E%D4%E5%ED%7F%60%60%3Ds%EB%0A%D8G%FF%173%5B%21%28%0B%83y%F9%81%CB%DAs9%DD%ADz%F4h3%ACV%B4%DF%25
1552512726.471333 DEBUG: [nfd.Forwarder] onOutgoingData face=258 data=/localhost/nfd/fib/add-nexthop/h%1A%07%15%08%09localhost%08%03nfd%08%03ribi%01%00/%00%00%01ix%F84%B6/K%DB%8A%7D%19%15%F2q/%16%1C%1B%01%01%1C%17%07%15%08%04root%08%03KEY%08%08%91%0E%B3F%29%8B%C2%D5/%17%FD%01%00bZ%19%22j%A2%84%BB%27%0D%F2%E4l%A0%C3%E7IBU%9A%196%88U%17%26%A1%17%E3M6%B0%5C%12H%F8%BE%0D%FFA%E7%844M%BAH%27s%A5%B2%EB_j%B1%00%82%ED4%FE%836%0CqE%D5%2B%C7%A8%AD%FCp%3B%AArN7%F1%DB%14%A0%14%C0%FD%C7%C6L%A8%8A%8F%3F%B6%5E%8A%87%E8%27%5E%8C9d%28%2B%9Fp4%2F%EC%0F%9F%DEU%20%91U%D0%97%D6%DC%ED%C4%83%E6%93%8F-%40%F9%DD%82gG%7BY%98B%0E%0DI%17%D2%1C%8C%D6%28%5E%00o%B2%A8%E8%FC%F4L%94a%01%1D%90%B9M%C6%F2%129%93T%09%B2VS%00%BB%14%97%D4%C4%F23%BD%2C%99j%B6%1Et%B5~IK%144%8Ft%9CO~%A5rK%1DO%A5%FD-%03%ADU%20%F5%EF%06A%F6%B4%06%B9%FD%8E%D4%E5%ED%7F%60%60%3Ds%EB%0A%D8G%FF%173%5B%21%28%0B%83y%F9%81%CB%DAs9%DD%ADz%F4h3%ACV%B4%DF%25
1552512726.471411 DEBUG: [nfd.Forwarder] onIncomingData face=1 data=/localhost/nfd/faces/events/%FE%00
1552512726.471431 DEBUG: [nfd.Forwarder] onDataUnsolicited face=1 data=/localhost/nfd/faces/events/%FE%00 decision=drop
1552512726.471456 DEBUG: [nfd.Forwarder] onIncomingData face=1 data=/localhost/nfd/faces/update/h%06l%01%01p%01%01/%00%00%01ix%F84%BD/%C7q%D6%3B%9F%96%09D/%16%1C%1B%01%01%1C%17%07%15%08%04root%08%03KEY%08%08%91%0E%B3F%29%8B%C2%D5/%17%FD%01%007%3FOj%C7%B6%11%5C%603qa%C2%D0%FC%E04%C0%E5%BB%8EU%25%F1-%CF%AF%B3%B9%D2%FA%0F%F2x%0Cq%8D%80%14%AA%8C%9E%ABm6.h%FE%95%CCY%08%B4%01%CD%F7%C61%D1%40u%B1%9E%29%85%E3%F2%80%9E%BC%EB%C8%FD%A5la%B9%F0%00s%F4%FE%26%E9%A0%FE%18%D2%15%CB-%E9i~%BB%1D%2Cj%1C%F52%E0%8D%B8%86a%1C%04%B9%E4%E2%01%F7%F7%14K%8A%FA%94%91%85%C6%CD5%1D%95%7D%BBc%E1%BBX%0AE%8F%87%18%92%B2w%3E%A5%18%EB%C6Vz%BBc%20%F9%E6%C5%BA%5E%1E%93%B1%EB%5E%5Cc%07t%AD%3Bd%3D%19%3D%0E%5E%8D%F9%AD%5E%5D%AE%E6%DC%BE%CD%ED%3E%60n%D8y%DF%EB%DF%B7%A4%5C%CB%C9E%90%D4%96%C2%D7%BA%87%A87%FA%2F%E2%F20%F2%87%9D%09%A3%D5%C6%5B%BDZC%02%08%B9.g%EC%B2Z%FC%07%D4%F2%E9%11%EA%B3%8A%BE%AD%9A%27V%D4%B3c%8A%DC%DEw%1C%2A%D7%E1%89
1552512726.471499 DEBUG: [nfd.ContentStore] insert /localhost/nfd/faces/update/h%06l%01%01p%01%01/%00%00%01ix%F84%BD/%C7q%D6%3B%9F%96%09D/%16%1C%1B%01%01%1C%17%07%15%08%04root%08%03KEY%08%08%91%0E%B3F%29%8B%C2%D5/%17%FD%01%007%3FOj%C7%B6%11%5C%603qa%C2%D0%FC%E04%C0%E5%BB%8EU%25%F1-%CF%AF%B3%B9%D2%FA%0F%F2x%0Cq%8D%80%14%AA%8C%9E%ABm6.h%FE%95%CCY%08%B4%01%CD%F7%C61%D1%40u%B1%9E%29%85%E3%F2%80%9E%BC%EB%C8%FD%A5la%B9%F0%00s%F4%FE%26%E9%A0%FE%18%D2%15%CB-%E9i~%BB%1D%2Cj%1C%F52%E0%8D%B8%86a%1C%04%B9%E4%E2%01%F7%F7%14K%8A%FA%94%91%85%C6%CD5%1D%95%7D%BBc%E1%BBX%0AE%8F%87%18%92%B2w%3E%A5%18%EB%C6Vz%BBc%20%F9%E6%C5%BA%5E%1E%93%B1%EB%5E%5Cc%07t%AD%3Bd%3D%19%3D%0E%5E%8D%F9%AD%5E%5D%AE%E6%DC%BE%CD%ED%3E%60n%D8y%DF%EB%DF%B7%A4%5C%CB%C9E%90%D4%96%C2%D7%BA%87%A87%FA%2F%E2%F20%F2%87%9D%09%A3%D5%C6%5B%BDZC%02%08%B9.g%EC%B2Z%FC%07%D4%F2%E9%11%EA%B3%8A%BE%AD%9A%27V%D4%B3c%8A%DC%DEw%1C%2A%D7%E1%89
1552512726.471548 DEBUG: [nfd.Forwarder] onIncomingData matching=/localhost/nfd/faces/update/h%06l%01%01p%01%01/%00%00%01ix%F84%BD/%C7q%D6%3B%9F%96%09D/%16%1C%1B%01%01%1C%17%07%15%08%04root%08%03KEY%08%08%91%0E%B3F%29%8B%C2%D5/%17%FD%01%007%3FOj%C7%B6%11%5C%603qa%C2%D0%FC%E04%C0%E5%BB%8EU%25%F1-%CF%AF%B3%B9%D2%FA%0F%F2x%0Cq%8D%80%14%AA%8C%9E%ABm6.h%FE%95%CCY%08%B4%01%CD%F7%C61%D1%40u%B1%9E%29%85%E3%F2%80%9E%BC%EB%C8%FD%A5la%B9%F0%00s%F4%FE%26%E9%A0%FE%18%D2%15%CB-%E9i~%BB%1D%2Cj%1C%F52%E0%8D%B8%86a%1C%04%B9%E4%E2%01%F7%F7%14K%8A%FA%94%91%85%C6%CD5%1D%95%7D%BBc%E1%BBX%0AE%8F%87%18%92%B2w%3E%A5%18%EB%C6Vz%BBc%20%F9%E6%C5%BA%5E%1E%93%B1%EB%5E%5Cc%07t%AD%3Bd%3D%19%3D%0E%5E%8D%F9%AD%5E%5D%AE%E6%DC%BE%CD%ED%3E%60n%D8y%DF%EB%DF%B7%A4%5C%CB%C9E%90%D4%96%C2%D7%BA%87%A87%FA%2F%E2%F20%F2%87%9D%09%A3%D5%C6%5B%BDZC%02%08%B9.g%EC%B2Z%FC%07%D4%F2%E9%11%EA%B3%8A%BE%AD%9A%27V%D4%B3c%8A%DC%DEw%1C%2A%D7%E1%89
1552512726.471603 DEBUG: [nfd.Forwarder] onOutgoingData face=258 data=/localhost/nfd/faces/update/h%06l%01%01p%01%01/%00%00%01ix%F84%BD/%C7q%D6%3B%9F%96%09D/%16%1C%1B%01%01%1C%17%07%15%08%04root%08%03KEY%08%08%91%0E%B3F%29%8B%C2%D5/%17%FD%01%007%3FOj%C7%B6%11%5C%603qa%C2%D0%FC%E04%C0%E5%BB%8EU%25%F1-%CF%AF%B3%B9%D2%FA%0F%F2x%0Cq%8D%80%14%AA%8C%9E%ABm6.h%FE%95%CCY%08%B4%01%CD%F7%C61%D1%40u%B1%9E%29%85%E3%F2%80%9E%BC%EB%C8%FD%A5la%B9%F0%00s%F4%FE%26%E9%A0%FE%18%D2%15%CB-%E9i~%BB%1D%2Cj%1C%F52%E0%8D%B8%86a%1C%04%B9%E4%E2%01%F7%F7%14K%8A%FA%94%91%85%C6%CD5%1D%95%7D%BBc%E1%BBX%0AE%8F%87%18%92%B2w%3E%A5%18%EB%C6Vz%BBc%20%F9%E6%C5%BA%5E%1E%93%B1%EB%5E%5Cc%07t%AD%3Bd%3D%19%3D%0E%5E%8D%F9%AD%5E%5D%AE%E6%DC%BE%CD%ED%3E%60n%D8y%DF%EB%DF%B7%A4%5C%CB%C9E%90%D4%96%C2%D7%BA%87%A87%FA%2F%E2%F20%F2%87%9D%09%A3%D5%C6%5B%BDZC%02%08%B9.g%EC%B2Z%FC%07%D4%F2%E9%11%EA%B3%8A%BE%AD%9A%27V%D4%B3c%8A%DC%DEw%1C%2A%D7%E1%89
1552512726.471662 DEBUG: [nfd.Forwarder] onIncomingInterest face=258 interest=/localhost/nfd/faces/events/%FE%03
1552512726.471683 DEBUG: [nfd.ContentStore] find /localhost/nfd/faces/events/%FE%03 L
1552512726.471702 DEBUG: [nfd.ContentStore]   no-match
1552512726.471710 DEBUG: [nfd.Forwarder] onContentStoreMiss interest=/localhost/nfd/faces/events/%FE%03
1552512726.471719 DEBUG: [nfd.Forwarder] onOutgoingInterest face=1 interest=/localhost/nfd/faces/events/%FE%03
1552512726.471767 DEBUG: [nfd.Forwarder] onInterestFinalize interest=/localhost/nfd/fib/add-nexthop/h%1A%07%15%08%09localhost%08%03nfd%08%03ribi%01%00/%00%00%01ix%F84%B6/K%DB%8A%7D%19%15%F2q/%16%1C%1B%01%01%1C%17%07%15%08%04root%08%03KEY%08%08%91%0E%B3F%29%8B%C2%D5/%17%FD%01%00bZ%19%22j%A2%84%BB%27%0D%F2%E4l%A0%C3%E7IBU%9A%196%88U%17%26%A1%17%E3M6%B0%5C%12H%F8%BE%0D%FFA%E7%844M%BAH%27s%A5%B2%EB_j%B1%00%82%ED4%FE%836%0CqE%D5%2B%C7%A8%AD%FCp%3B%AArN7%F1%DB%14%A0%14%C0%FD%C7%C6L%A8%8A%8F%3F%B6%5E%8A%87%E8%27%5E%8C9d%28%2B%9Fp4%2F%EC%0F%9F%DEU%20%91U%D0%97%D6%DC%ED%C4%83%E6%93%8F-%40%F9%DD%82gG%7BY%98B%0E%0DI%17%D2%1C%8C%D6%28%5E%00o%B2%A8%E8%FC%F4L%94a%01%1D%90%B9M%C6%F2%129%93T%09%B2VS%00%BB%14%97%D4%C4%F23%BD%2C%99j%B6%1Et%B5~IK%144%8Ft%9CO~%A5rK%1DO%A5%FD-%03%ADU%20%F5%EF%06A%F6%B4%06%B9%FD%8E%D4%E5%ED%7F%60%60%3Ds%EB%0A%D8G%FF%173%5B%21%28%0B%83y%F9%81%CB%DAs9%DD%ADz%F4h3%ACV%B4%DF%25 satisfied
1552512726.471810 DEBUG: [nfd.Forwarder] onInterestFinalize interest=/localhost/nfd/faces/update/h%06l%01%01p%01%01/%00%00%01ix%F84%BD/%C7q%D6%3B%9F%96%09D/%16%1C%1B%01%01%1C%17%07%15%08%04root%08%03KEY%08%08%91%0E%B3F%29%8B%C2%D5/%17%FD%01%007%3FOj%C7%B6%11%5C%603qa%C2%D0%FC%E04%C0%E5%BB%8EU%25%F1-%CF%AF%B3%B9%D2%FA%0F%F2x%0Cq%8D%80%14%AA%8C%9E%ABm6.h%FE%95%CCY%08%B4%01%CD%F7%C61%D1%40u%B1%9E%29%85%E3%F2%80%9E%BC%EB%C8%FD%A5la%B9%F0%00s%F4%FE%26%E9%A0%FE%18%D2%15%CB-%E9i~%BB%1D%2Cj%1C%F52%E0%8D%B8%86a%1C%04%B9%E4%E2%01%F7%F7%14K%8A%FA%94%91%85%C6%CD5%1D%95%7D%BBc%E1%BBX%0AE%8F%87%18%92%B2w%3E%A5%18%EB%C6Vz%BBc%20%F9%E6%C5%BA%5E%1E%93%B1%EB%5E%5Cc%07t%AD%3Bd%3D%19%3D%0E%5E%8D%F9%AD%5E%5D%AE%E6%DC%BE%CD%ED%3E%60n%D8y%DF%EB%DF%B7%A4%5C%CB%C9E%90%D4%96%C2%D7%BA%87%A87%FA%2F%E2%F20%F2%87%9D%09%A3%D5%C6%5B%BDZC%02%08%B9.g%EC%B2Z%FC%07%D4%F2%E9%11%EA%B3%8A%BE%AD%9A%27V%D4%B3c%8A%DC%DEw%1C%2A%D7%E1%89 satisfied
1552512726.471890 DEBUG: [nfd.Forwarder] onIncomingData face=1 data=/localhost/nfd/faces/events/%FE%03
1552512726.471908 DEBUG: [nfd.ContentStore] insert /localhost/nfd/faces/events/%FE%03
1552512726.471918 DEBUG: [nfd.Forwarder] onIncomingData matching=/localhost/nfd/faces/events/%FE%03
1552512726.471941 DEBUG: [nfd.Forwarder] onOutgoingData face=258 data=/localhost/nfd/faces/events/%FE%03
1552512726.471980 DEBUG: [nfd.Forwarder] onInterestFinalize interest=/localhost/nfd/faces/events/%FE%03 satisfied
1552512726.472047 DEBUG: [nfd.Forwarder] onIncomingInterest face=258 interest=/localhost/nfd/faces/events/%FE%04
1552512726.472067 DEBUG: [nfd.ContentStore] find /localhost/nfd/faces/events/%FE%04 L
1552512726.472084 DEBUG: [nfd.ContentStore]   no-match
1552512726.472093 DEBUG: [nfd.Forwarder] onContentStoreMiss interest=/localhost/nfd/faces/events/%FE%04
1552512726.472106 DEBUG: [nfd.Forwarder] onOutgoingInterest face=1 interest=/localhost/nfd/faces/events/%FE%04
1552512726.472177 DEBUG: [nfd.Forwarder] onIncomingData face=1 data=/localhost/nfd/faces/events/%FE%04
1552512726.472197 DEBUG: [nfd.ContentStore] insert /localhost/nfd/faces/events/%FE%04
1552512726.472208 DEBUG: [nfd.Forwarder] onIncomingData matching=/localhost/nfd/faces/events/%FE%04
1552512726.472227 DEBUG: [nfd.Forwarder] onOutgoingData face=258 data=/localhost/nfd/faces/events/%FE%04
1552512726.472270 DEBUG: [nfd.Forwarder] onInterestFinalize interest=/localhost/nfd/faces/events/%FE%04 satisfied
1552512726.472348 DEBUG: [nfd.Forwarder] onIncomingInterest face=258 interest=/localhost/nfd/faces/events/%FE%05
1552512726.472378 DEBUG: [nfd.ContentStore] find /localhost/nfd/faces/events/%FE%05 L
1552512726.472402 DEBUG: [nfd.ContentStore]   no-match
1552512726.472415 DEBUG: [nfd.Forwarder] onContentStoreMiss interest=/localhost/nfd/faces/events/%FE%05
1552512726.472435 DEBUG: [nfd.Forwarder] onOutgoingInterest face=1 interest=/localhost/nfd/faces/events/%FE%05
1552512786.471570 DEBUG: [nfd.Forwarder] onInterestFinalize interest=/localhost/nfd/faces/events/%FE%05 unsatisfied
1552512786.472470 DEBUG: [nfd.Forwarder] onIncomingInterest face=258 interest=/localhost/nfd/faces/events
1552512786.472519 DEBUG: [nfd.ContentStore] find /localhost/nfd/faces/events L
1552512786.472552 DEBUG: [nfd.ContentStore]   no-match
1552512786.472574 DEBUG: [nfd.Forwarder] onContentStoreMiss interest=/localhost/nfd/faces/events
1552512786.472595 DEBUG: [nfd.Forwarder] onOutgoingInterest face=1 interest=/localhost/nfd/faces/events
1552512802.509110 INFO: [nfd.UnixStreamTransport] [id=0,local=unix:///run/nfd.sock,remote=fd://35] Creating transport
1552512802.509134 INFO: [nfd.FaceTable] Added face id=261 remote=fd://35 local=unix:///run/nfd.sock
1552512802.512922 DEBUG: [nfd.Forwarder] onIncomingInterest face=261 interest=/localhost/nfd/rib/register/h%11%07%0C%08%04test%08%04pingl%01%01/%00%00%01ix%F9%5E%C6/%F49%E3%E9%84j%B2%CB/%16%1C%1B%01%01%1C%17%07%15%08%04root%08%03KEY%08%08%91%0E%B3F%29%8B%C2%D5/%17%FD%01%00x%95V%26E%A9%F2s%81%29%3D%0D%C8%CA%E1Q%E6%0D%1A%A2%0F%0D%16%26%ACQ%16%87X%D5T%3F%FFuNA%09%C0V%1Dm%7C%A2%7F%EE%8B%C2%5B%DF%F2%CB%8E%C7%D4%3E%C3%15%18%E9%96%21%B7%2C%D4%9D%908B5%04%E0%5E%22%8A%20%A1%9E%0D%3C%C1%60ZW6%AE%F7CQW%82M%1A%3FZt%20%08%12%5B%BC%8F%DE%EB%8EFR%B4%DB%E7%D5w%BF%21%D7u%F1l%EE%1B%242%BD%9Ch%D8o%24%1Cl%10R%0A%A2%E6%C8%EE%2A%12%88%A4g%CB%01uq%D1%28%D3%A3V%12%C1%C3%E1%9F%22%95%0AHT%283%A4UCN%0D%3Cc%9F%DD%BD%FC%DF%25%DC%DB%90U%00%0A%27%AA%0DK%E0%5E%D9%9AK%13m%B3DE%24%FDy%F9%ABL%C2%FA%FAOc%D3i%92%27%01%F0b8%0A22B%A8%85%3CYt%B87%14%05%0E%60EW%5D%3B%B6%8AH%E3%F1~Z%A5%C7%B7%E0etu%28%C4%D4%DE%C3%BA7%F4%1C
1552512802.513010 DEBUG: [nfd.ContentStore] find /localhost/nfd/rib/register/h%11%07%0C%08%04test%08%04pingl%01%01/%00%00%01ix%F9%5E%C6/%F49%E3%E9%84j%B2%CB/%16%1C%1B%01%01%1C%17%07%15%08%04root%08%03KEY%08%08%91%0E%B3F%29%8B%C2%D5/%17%FD%01%00x%95V%26E%A9%F2s%81%29%3D%0D%C8%CA%E1Q%E6%0D%1A%A2%0F%0D%16%26%ACQ%16%87X%D5T%3F%FFuNA%09%C0V%1Dm%7C%A2%7F%EE%8B%C2%5B%DF%F2%CB%8E%C7%D4%3E%C3%15%18%E9%96%21%B7%2C%D4%9D%908B5%04%E0%5E%22%8A%20%A1%9E%0D%3C%C1%60ZW6%AE%F7CQW%82M%1A%3FZt%20%08%12%5B%BC%8F%DE%EB%8EFR%B4%DB%E7%D5w%BF%21%D7u%F1l%EE%1B%242%BD%9Ch%D8o%24%1Cl%10R%0A%A2%E6%C8%EE%2A%12%88%A4g%CB%01uq%D1%28%D3%A3V%12%C1%C3%E1%9F%22%95%0AHT%283%A4UCN%0D%3Cc%9F%DD%BD%FC%DF%25%DC%DB%90U%00%0A%27%AA%0DK%E0%5E%D9%9AK%13m%B3DE%24%FDy%F9%ABL%C2%FA%FAOc%D3i%92%27%01%F0b8%0A22B%A8%85%3CYt%B87%14%05%0E%60EW%5D%3B%B6%8AH%E3%F1~Z%A5%C7%B7%E0etu%28%C4%D4%DE%C3%BA7%F4%1C L
1552512802.513077 DEBUG: [nfd.ContentStore]   no-match
1552512802.513082 DEBUG: [nfd.Forwarder] onContentStoreMiss interest=/localhost/nfd/rib/register/h%11%07%0C%08%04test%08%04pingl%01%01/%00%00%01ix%F9%5E%C6/%F49%E3%E9%84j%B2%CB/%16%1C%1B%01%01%1C%17%07%15%08%04root%08%03KEY%08%08%91%0E%B3F%29%8B%C2%D5/%17%FD%01%00x%95V%26E%A9%F2s%81%29%3D%0D%C8%CA%E1Q%E6%0D%1A%A2%0F%0D%16%26%ACQ%16%87X%D5T%3F%FFuNA%09%C0V%1Dm%7C%A2%7F%EE%8B%C2%5B%DF%F2%CB%8E%C7%D4%3E%C3%15%18%E9%96%21%B7%2C%D4%9D%908B5%04%E0%5E%22%8A%20%A1%9E%0D%3C%C1%60ZW6%AE%F7CQW%82M%1A%3FZt%20%08%12%5B%BC%8F%DE%EB%8EFR%B4%DB%E7%D5w%BF%21%D7u%F1l%EE%1B%242%BD%9Ch%D8o%24%1Cl%10R%0A%A2%E6%C8%EE%2A%12%88%A4g%CB%01uq%D1%28%D3%A3V%12%C1%C3%E1%9F%22%95%0AHT%283%A4UCN%0D%3Cc%9F%DD%BD%FC%DF%25%DC%DB%90U%00%0A%27%AA%0DK%E0%5E%D9%9AK%13m%B3DE%24%FDy%F9%ABL%C2%FA%FAOc%D3i%92%27%01%F0b8%0A22B%A8%85%3CYt%B87%14%05%0E%60EW%5D%3B%B6%8AH%E3%F1~Z%A5%C7%B7%E0etu%28%C4%D4%DE%C3%BA7%F4%1C
1552512802.513147 DEBUG: [nfd.Forwarder] onOutgoingInterest face=258 interest=/localhost/nfd/rib/register/h%11%07%0C%08%04test%08%04pingl%01%01/%00%00%01ix%F9%5E%C6/%F49%E3%E9%84j%B2%CB/%16%1C%1B%01%01%1C%17%07%15%08%04root%08%03KEY%08%08%91%0E%B3F%29%8B%C2%D5/%17%FD%01%00x%95V%26E%A9%F2s%81%29%3D%0D%C8%CA%E1Q%E6%0D%1A%A2%0F%0D%16%26%ACQ%16%87X%D5T%3F%FFuNA%09%C0V%1Dm%7C%A2%7F%EE%8B%C2%5B%DF%F2%CB%8E%C7%D4%3E%C3%15%18%E9%96%21%B7%2C%D4%9D%908B5%04%E0%5E%22%8A%20%A1%9E%0D%3C%C1%60ZW6%AE%F7CQW%82M%1A%3FZt%20%08%12%5B%BC%8F%DE%EB%8EFR%B4%DB%E7%D5w%BF%21%D7u%F1l%EE%1B%242%BD%9Ch%D8o%24%1Cl%10R%0A%A2%E6%C8%EE%2A%12%88%A4g%CB%01uq%D1%28%D3%A3V%12%C1%C3%E1%9F%22%95%0AHT%283%A4UCN%0D%3Cc%9F%DD%BD%FC%DF%25%DC%DB%90U%00%0A%27%AA%0DK%E0%5E%D9%9AK%13m%B3DE%24%FDy%F9%ABL%C2%FA%FAOc%D3i%92%27%01%F0b8%0A22B%A8%85%3CYt%B87%14%05%0E%60EW%5D%3B%B6%8AH%E3%F1~Z%A5%C7%B7%E0etu%28%C4%D4%DE%C3%BA7%F4%1C
1552512802.513266 DEBUG: [nfd.Forwarder] onIncomingData face=1 data=/localhost/nfd/faces/events/%FE%05
1552512802.513290 DEBUG: [nfd.ContentStore] insert /localhost/nfd/faces/events/%FE%05
1552512802.513301 DEBUG: [nfd.Forwarder] onIncomingData matching=/localhost/nfd/faces/events
1552512802.513330 DEBUG: [nfd.Forwarder] onOutgoingData face=258 data=/localhost/nfd/faces/events/%FE%05
1552512802.513394 DEBUG: [nfd.Forwarder] onInterestFinalize interest=/localhost/nfd/faces/events satisfied
1552512802.515298 INFO: [nfd.RibManager] Adding route /test/ping nexthop=261 origin=app cost=0
1552512802.517465 DEBUG: [nfd.Forwarder] onIncomingData face=258 data=/localhost/nfd/rib/register/h%11%07%0C%08%04test%08%04pingl%01%01/%00%00%01ix%F9%5E%C6/%F49%E3%E9%84j%B2%CB/%16%1C%1B%01%01%1C%17%07%15%08%04root%08%03KEY%08%08%91%0E%B3F%29%8B%C2%D5/%17%FD%01%00x%95V%26E%A9%F2s%81%29%3D%0D%C8%CA%E1Q%E6%0D%1A%A2%0F%0D%16%26%ACQ%16%87X%D5T%3F%FFuNA%09%C0V%1Dm%7C%A2%7F%EE%8B%C2%5B%DF%F2%CB%8E%C7%D4%3E%C3%15%18%E9%96%21%B7%2C%D4%9D%908B5%04%E0%5E%22%8A%20%A1%9E%0D%3C%C1%60ZW6%AE%F7CQW%82M%1A%3FZt%20%08%12%5B%BC%8F%DE%EB%8EFR%B4%DB%E7%D5w%BF%21%D7u%F1l%EE%1B%242%BD%9Ch%D8o%24%1Cl%10R%0A%A2%E6%C8%EE%2A%12%88%A4g%CB%01uq%D1%28%D3%A3V%12%C1%C3%E1%9F%22%95%0AHT%283%A4UCN%0D%3Cc%9F%DD%BD%FC%DF%25%DC%DB%90U%00%0A%27%AA%0DK%E0%5E%D9%9AK%13m%B3DE%24%FDy%F9%ABL%C2%FA%FAOc%D3i%92%27%01%F0b8%0A22B%A8%85%3CYt%B87%14%05%0E%60EW%5D%3B%B6%8AH%E3%F1~Z%A5%C7%B7%E0etu%28%C4%D4%DE%C3%BA7%F4%1C
1552512802.517512 DEBUG: [nfd.ContentStore] insert /localhost/nfd/rib/register/h%11%07%0C%08%04test%08%04pingl%01%01/%00%00%01ix%F9%5E%C6/%F49%E3%E9%84j%B2%CB/%16%1C%1B%01%01%1C%17%07%15%08%04root%08%03KEY%08%08%91%0E%B3F%29%8B%C2%D5/%17%FD%01%00x%95V%26E%A9%F2s%81%29%3D%0D%C8%CA%E1Q%E6%0D%1A%A2%0F%0D%16%26%ACQ%16%87X%D5T%3F%FFuNA%09%C0V%1Dm%7C%A2%7F%EE%8B%C2%5B%DF%F2%CB%8E%C7%D4%3E%C3%15%18%E9%96%21%B7%2C%D4%9D%908B5%04%E0%5E%22%8A%20%A1%9E%0D%3C%C1%60ZW6%AE%F7CQW%82M%1A%3FZt%20%08%12%5B%BC%8F%DE%EB%8EFR%B4%DB%E7%D5w%BF%21%D7u%F1l%EE%1B%242%BD%9Ch%D8o%24%1Cl%10R%0A%A2%E6%C8%EE%2A%12%88%A4g%CB%01uq%D1%28%D3%A3V%12%C1%C3%E1%9F%22%95%0AHT%283%A4UCN%0D%3Cc%9F%DD%BD%FC%DF%25%DC%DB%90U%00%0A%27%AA%0DK%E0%5E%D9%9AK%13m%B3DE%24%FDy%F9%ABL%C2%FA%FAOc%D3i%92%27%01%F0b8%0A22B%A8%85%3CYt%B87%14%05%0E%60EW%5D%3B%B6%8AH%E3%F1~Z%A5%C7%B7%E0etu%28%C4%D4%DE%C3%BA7%F4%1C
1552512802.517565 DEBUG: [nfd.Forwarder] onIncomingData matching=/localhost/nfd/rib/register/h%11%07%0C%08%04test%08%04pingl%01%01/%00%00%01ix%F9%5E%C6/%F49%E3%E9%84j%B2%CB/%16%1C%1B%01%01%1C%17%07%15%08%04root%08%03KEY%08%08%91%0E%B3F%29%8B%C2%D5/%17%FD%01%00x%95V%26E%A9%F2s%81%29%3D%0D%C8%CA%E1Q%E6%0D%1A%A2%0F%0D%16%26%ACQ%16%87X%D5T%3F%FFuNA%09%C0V%1Dm%7C%A2%7F%EE%8B%C2%5B%DF%F2%CB%8E%C7%D4%3E%C3%15%18%E9%96%21%B7%2C%D4%9D%908B5%04%E0%5E%22%8A%20%A1%9E%0D%3C%C1%60ZW6%AE%F7CQW%82M%1A%3FZt%20%08%12%5B%BC%8F%DE%EB%8EFR%B4%DB%E7%D5w%BF%21%D7u%F1l%EE%1B%242%BD%9Ch%D8o%24%1Cl%10R%0A%A2%E6%C8%EE%2A%12%88%A4g%CB%01uq%D1%28%D3%A3V%12%C1%C3%E1%9F%22%95%0AHT%283%A4UCN%0D%3Cc%9F%DD%BD%FC%DF%25%DC%DB%90U%00%0A%27%AA%0DK%E0%5E%D9%9AK%13m%B3DE%24%FDy%F9%ABL%C2%FA%FAOc%D3i%92%27%01%F0b8%0A22B%A8%85%3CYt%B87%14%05%0E%60EW%5D%3B%B6%8AH%E3%F1~Z%A5%C7%B7%E0etu%28%C4%D4%DE%C3%BA7%F4%1C
1552512802.517629 DEBUG: [nfd.Forwarder] onOutgoingData face=261 data=/localhost/nfd/rib/register/h%11%07%0C%08%04test%08%04pingl%01%01/%00%00%01ix%F9%5E%C6/%F49%E3%E9%84j%B2%CB/%16%1C%1B%01%01%1C%17%07%15%08%04root%08%03KEY%08%08%91%0E%B3F%29%8B%C2%D5/%17%FD%01%00x%95V%26E%A9%F2s%81%29%3D%0D%C8%CA%E1Q%E6%0D%1A%A2%0F%0D%16%26%ACQ%16%87X%D5T%3F%FFuNA%09%C0V%1Dm%7C%A2%7F%EE%8B%C2%5B%DF%F2%CB%8E%C7%D4%3E%C3%15%18%E9%96%21%B7%2C%D4%9D%908B5%04%E0%5E%22%8A%20%A1%9E%0D%3C%C1%60ZW6%AE%F7CQW%82M%1A%3FZt%20%08%12%5B%BC%8F%DE%EB%8EFR%B4%DB%E7%D5w%BF%21%D7u%F1l%EE%1B%242%BD%9Ch%D8o%24%1Cl%10R%0A%A2%E6%C8%EE%2A%12%88%A4g%CB%01uq%D1%28%D3%A3V%12%C1%C3%E1%9F%22%95%0AHT%283%A4UCN%0D%3Cc%9F%DD%BD%FC%DF%25%DC%DB%90U%00%0A%27%AA%0DK%E0%5E%D9%9AK%13m%B3DE%24%FDy%F9%ABL%C2%FA%FAOc%D3i%92%27%01%F0b8%0A22B%A8%85%3CYt%B87%14%05%0E%60EW%5D%3B%B6%8AH%E3%F1~Z%A5%C7%B7%E0etu%28%C4%D4%DE%C3%BA7%F4%1C
1552512802.517706 DEBUG: [nfd.Forwarder] onIncomingInterest face=258 interest=/localhost/nfd/fib/add-nexthop/h%15%07%0C%08%04test%08%04pingi%02%01%05j%01%00/%00%00%01ix%F9%5E%D3/%3Bn%ABBxL%0D%DB/%16%1C%1B%01%01%1C%17%07%15%08%04root%08%03KEY%08%08%91%0E%B3F%29%8B%C2%D5/%17%FD%01%00%96%9D%11%C9%29%E6%C6%DB%C0%FA%E1%B0%92%ECr%F9%9D%83C%A7%25%9C%8A%05%AF%E2%03%3Fv%05%D7%0A%0A%10%0C1%A9%AD%F8%F3-%A7z%B4%26%92%BCE%3A%7Fe%02k%8C%02%FC%FB%F7%14%CC%E8%FA%DAJ%3B%B8%B9%B6a%C5~%88%ED%F6Z%EF%C3%D5%08%23%3E9%B2%AC%1A%D4%2A%FC%AAP%F1%BB%C1%F2e%F1%7D%8F%B7%BF%957%18%05%2C%0E%BC%EC%0D%1B%E1h%ADv%CE%04%AE%2B%F4%2B%DE%E8z%D8%0C%20C%04%00W%3C2%8C%DD%84%D40%9F%81%9BL%F9w%06%1Ax-k%99%AD%FA%19I%13%5B%F5%86qW%20%B7%D0%19Z%1ET%BF%9DO%1D%82%2F%FB%A6%3F%40%9D%E4%0B%24%D9%95ItXY%9F%DF%D9%2F%87%DD%14%E7l%FFt%FF%3BtKW%FC%F2R%F1Sx%000%CB%25%EC%E6%18%AF%D6%C1%1A%F9%BD%18L%E5%04%ADV%CDi%8F%D8p%F4%97%CDH%1F%F9%0A%3B%D6%19%B6%13%FE%88g%EE%D2%AD%03%DF%CDt%3B%CE
1552512802.517771 DEBUG: [nfd.ContentStore] find /localhost/nfd/fib/add-nexthop/h%15%07%0C%08%04test%08%04pingi%02%01%05j%01%00/%00%00%01ix%F9%5E%D3/%3Bn%ABBxL%0D%DB/%16%1C%1B%01%01%1C%17%07%15%08%04root%08%03KEY%08%08%91%0E%B3F%29%8B%C2%D5/%17%FD%01%00%96%9D%11%C9%29%E6%C6%DB%C0%FA%E1%B0%92%ECr%F9%9D%83C%A7%25%9C%8A%05%AF%E2%03%3Fv%05%D7%0A%0A%10%0C1%A9%AD%F8%F3-%A7z%B4%26%92%BCE%3A%7Fe%02k%8C%02%FC%FB%F7%14%CC%E8%FA%DAJ%3B%B8%B9%B6a%C5~%88%ED%F6Z%EF%C3%D5%08%23%3E9%B2%AC%1A%D4%2A%FC%AAP%F1%BB%C1%F2e%F1%7D%8F%B7%BF%957%18%05%2C%0E%BC%EC%0D%1B%E1h%ADv%CE%04%AE%2B%F4%2B%DE%E8z%D8%0C%20C%04%00W%3C2%8C%DD%84%D40%9F%81%9BL%F9w%06%1Ax-k%99%AD%FA%19I%13%5B%F5%86qW%20%B7%D0%19Z%1ET%BF%9DO%1D%82%2F%FB%A6%3F%40%9D%E4%0B%24%D9%95ItXY%9F%DF%D9%2F%87%DD%14%E7l%FFt%FF%3BtKW%FC%F2R%F1Sx%000%CB%25%EC%E6%18%AF%D6%C1%1A%F9%BD%18L%E5%04%ADV%CDi%8F%D8p%F4%97%CDH%1F%F9%0A%3B%D6%19%B6%13%FE%88g%EE%D2%AD%03%DF%CDt%3B%CE L
1552512802.517850 DEBUG: [nfd.ContentStore]   no-match
1552512802.517860 DEBUG: [nfd.Forwarder] onContentStoreMiss interest=/localhost/nfd/fib/add-nexthop/h%15%07%0C%08%04test%08%04pingi%02%01%05j%01%00/%00%00%01ix%F9%5E%D3/%3Bn%ABBxL%0D%DB/%16%1C%1B%01%01%1C%17%07%15%08%04root%08%03KEY%08%08%91%0E%B3F%29%8B%C2%D5/%17%FD%01%00%96%9D%11%C9%29%E6%C6%DB%C0%FA%E1%B0%92%ECr%F9%9D%83C%A7%25%9C%8A%05%AF%E2%03%3Fv%05%D7%0A%0A%10%0C1%A9%AD%F8%F3-%A7z%B4%26%92%BCE%3A%7Fe%02k%8C%02%FC%FB%F7%14%CC%E8%FA%DAJ%3B%B8%B9%B6a%C5~%88%ED%F6Z%EF%C3%D5%08%23%3E9%B2%AC%1A%D4%2A%FC%AAP%F1%BB%C1%F2e%F1%7D%8F%B7%BF%957%18%05%2C%0E%BC%EC%0D%1B%E1h%ADv%CE%04%AE%2B%F4%2B%DE%E8z%D8%0C%20C%04%00W%3C2%8C%DD%84%D40%9F%81%9BL%F9w%06%1Ax-k%99%AD%FA%19I%13%5B%F5%86qW%20%B7%D0%19Z%1ET%BF%9DO%1D%82%2F%FB%A6%3F%40%9D%E4%0B%24%D9%95ItXY%9F%DF%D9%2F%87%DD%14%E7l%FFt%FF%3BtKW%FC%F2R%F1Sx%000%CB%25%EC%E6%18%AF%D6%C1%1A%F9%BD%18L%E5%04%ADV%CDi%8F%D8p%F4%97%CDH%1F%F9%0A%3B%D6%19%B6%13%FE%88g%EE%D2%AD%03%DF%CDt%3B%CE
1552512802.517930 DEBUG: [nfd.Forwarder] onOutgoingInterest face=1 interest=/localhost/nfd/fib/add-nexthop/h%15%07%0C%08%04test%08%04pingi%02%01%05j%01%00/%00%00%01ix%F9%5E%D3/%3Bn%ABBxL%0D%DB/%16%1C%1B%01%01%1C%17%07%15%08%04root%08%03KEY%08%08%91%0E%B3F%29%8B%C2%D5/%17%FD%01%00%96%9D%11%C9%29%E6%C6%DB%C0%FA%E1%B0%92%ECr%F9%9D%83C%A7%25%9C%8A%05%AF%E2%03%3Fv%05%D7%0A%0A%10%0C1%A9%AD%F8%F3-%A7z%B4%26%92%BCE%3A%7Fe%02k%8C%02%FC%FB%F7%14%CC%E8%FA%DAJ%3B%B8%B9%B6a%C5~%88%ED%F6Z%EF%C3%D5%08%23%3E9%B2%AC%1A%D4%2A%FC%AAP%F1%BB%C1%F2e%F1%7D%8F%B7%BF%957%18%05%2C%0E%BC%EC%0D%1B%E1h%ADv%CE%04%AE%2B%F4%2B%DE%E8z%D8%0C%20C%04%00W%3C2%8C%DD%84%D40%9F%81%9BL%F9w%06%1Ax-k%99%AD%FA%19I%13%5B%F5%86qW%20%B7%D0%19Z%1ET%BF%9DO%1D%82%2F%FB%A6%3F%40%9D%E4%0B%24%D9%95ItXY%9F%DF%D9%2F%87%DD%14%E7l%FFt%FF%3BtKW%FC%F2R%F1Sx%000%CB%25%EC%E6%18%AF%D6%C1%1A%F9%BD%18L%E5%04%ADV%CDi%8F%D8p%F4%97%CDH%1F%F9%0A%3B%D6%19%B6%13%FE%88g%EE%D2%AD%03%DF%CDt%3B%CE
1552512802.520864 DEBUG: [nfd.Forwarder] onIncomingInterest face=258 interest=/localhost/nfd/faces/events/%FE%06
1552512802.520895 DEBUG: [nfd.ContentStore] find /localhost/nfd/faces/events/%FE%06 L
1552512802.520917 DEBUG: [nfd.ContentStore]   no-match
1552512802.520927 DEBUG: [nfd.Forwarder] onContentStoreMiss interest=/localhost/nfd/faces/events/%FE%06
1552512802.520943 DEBUG: [nfd.Forwarder] onOutgoingInterest face=1 interest=/localhost/nfd/faces/events/%FE%06
1552512802.520974 DEBUG: [nfd.Forwarder] onInterestFinalize interest=/localhost/nfd/rib/register/h%11%07%0C%08%04test%08%04pingl%01%01/%00%00%01ix%F9%5E%C6/%F49%E3%E9%84j%B2%CB/%16%1C%1B%01%01%1C%17%07%15%08%04root%08%03KEY%08%08%91%0E%B3F%29%8B%C2%D5/%17%FD%01%00x%95V%26E%A9%F2s%81%29%3D%0D%C8%CA%E1Q%E6%0D%1A%A2%0F%0D%16%26%ACQ%16%87X%D5T%3F%FFuNA%09%C0V%1Dm%7C%A2%7F%EE%8B%C2%5B%DF%F2%CB%8E%C7%D4%3E%C3%15%18%E9%96%21%B7%2C%D4%9D%908B5%04%E0%5E%22%8A%20%A1%9E%0D%3C%C1%60ZW6%AE%F7CQW%82M%1A%3FZt%20%08%12%5B%BC%8F%DE%EB%8EFR%B4%DB%E7%D5w%BF%21%D7u%F1l%EE%1B%242%BD%9Ch%D8o%24%1Cl%10R%0A%A2%E6%C8%EE%2A%12%88%A4g%CB%01uq%D1%28%D3%A3V%12%C1%C3%E1%9F%22%95%0AHT%283%A4UCN%0D%3Cc%9F%DD%BD%FC%DF%25%DC%DB%90U%00%0A%27%AA%0DK%E0%5E%D9%9AK%13m%B3DE%24%FDy%F9%ABL%C2%FA%FAOc%D3i%92%27%01%F0b8%0A22B%A8%85%3CYt%B87%14%05%0E%60EW%5D%3B%B6%8AH%E3%F1~Z%A5%C7%B7%E0etu%28%C4%D4%DE%C3%BA7%F4%1C satisfied
1552512802.521122 DEBUG: [nfd.Forwarder] onIncomingData face=1 data=/localhost/nfd/fib/add-nexthop/h%15%07%0C%08%04test%08%04pingi%02%01%05j%01%00/%00%00%01ix%F9%5E%D3/%3Bn%ABBxL%0D%DB/%16%1C%1B%01%01%1C%17%07%15%08%04root%08%03KEY%08%08%91%0E%B3F%29%8B%C2%D5/%17%FD%01%00%96%9D%11%C9%29%E6%C6%DB%C0%FA%E1%B0%92%ECr%F9%9D%83C%A7%25%9C%8A%05%AF%E2%03%3Fv%05%D7%0A%0A%10%0C1%A9%AD%F8%F3-%A7z%B4%26%92%BCE%3A%7Fe%02k%8C%02%FC%FB%F7%14%CC%E8%FA%DAJ%3B%B8%B9%B6a%C5~%88%ED%F6Z%EF%C3%D5%08%23%3E9%B2%AC%1A%D4%2A%FC%AAP%F1%BB%C1%F2e%F1%7D%8F%B7%BF%957%18%05%2C%0E%BC%EC%0D%1B%E1h%ADv%CE%04%AE%2B%F4%2B%DE%E8z%D8%0C%20C%04%00W%3C2%8C%DD%84%D40%9F%81%9BL%F9w%06%1Ax-k%99%AD%FA%19I%13%5B%F5%86qW%20%B7%D0%19Z%1ET%BF%9DO%1D%82%2F%FB%A6%3F%40%9D%E4%0B%24%D9%95ItXY%9F%DF%D9%2F%87%DD%14%E7l%FFt%FF%3BtKW%FC%F2R%F1Sx%000%CB%25%EC%E6%18%AF%D6%C1%1A%F9%BD%18L%E5%04%ADV%CDi%8F%D8p%F4%97%CDH%1F%F9%0A%3B%D6%19%B6%13%FE%88g%EE%D2%AD%03%DF%CDt%3B%CE
1552512802.521206 DEBUG: [nfd.ContentStore] insert /localhost/nfd/fib/add-nexthop/h%15%07%0C%08%04test%08%04pingi%02%01%05j%01%00/%00%00%01ix%F9%5E%D3/%3Bn%ABBxL%0D%DB/%16%1C%1B%01%01%1C%17%07%15%08%04root%08%03KEY%08%08%91%0E%B3F%29%8B%C2%D5/%17%FD%01%00%96%9D%11%C9%29%E6%C6%DB%C0%FA%E1%B0%92%ECr%F9%9D%83C%A7%25%9C%8A%05%AF%E2%03%3Fv%05%D7%0A%0A%10%0C1%A9%AD%F8%F3-%A7z%B4%26%92%BCE%3A%7Fe%02k%8C%02%FC%FB%F7%14%CC%E8%FA%DAJ%3B%B8%B9%B6a%C5~%88%ED%F6Z%EF%C3%D5%08%23%3E9%B2%AC%1A%D4%2A%FC%AAP%F1%BB%C1%F2e%F1%7D%8F%B7%BF%957%18%05%2C%0E%BC%EC%0D%1B%E1h%ADv%CE%04%AE%2B%F4%2B%DE%E8z%D8%0C%20C%04%00W%3C2%8C%DD%84%D40%9F%81%9BL%F9w%06%1Ax-k%99%AD%FA%19I%13%5B%F5%86qW%20%B7%D0%19Z%1ET%BF%9DO%1D%82%2F%FB%A6%3F%40%9D%E4%0B%24%D9%95ItXY%9F%DF%D9%2F%87%DD%14%E7l%FFt%FF%3BtKW%FC%F2R%F1Sx%000%CB%25%EC%E6%18%AF%D6%C1%1A%F9%BD%18L%E5%04%ADV%CDi%8F%D8p%F4%97%CDH%1F%F9%0A%3B%D6%19%B6%13%FE%88g%EE%D2%AD%03%DF%CDt%3B%CE
1552512802.521286 DEBUG: [nfd.Forwarder] onIncomingData matching=/localhost/nfd/fib/add-nexthop/h%15%07%0C%08%04test%08%04pingi%02%01%05j%01%00/%00%00%01ix%F9%5E%D3/%3Bn%ABBxL%0D%DB/%16%1C%1B%01%01%1C%17%07%15%08%04root%08%03KEY%08%08%91%0E%B3F%29%8B%C2%D5/%17%FD%01%00%96%9D%11%C9%29%E6%C6%DB%C0%FA%E1%B0%92%ECr%F9%9D%83C%A7%25%9C%8A%05%AF%E2%03%3Fv%05%D7%0A%0A%10%0C1%A9%AD%F8%F3-%A7z%B4%26%92%BCE%3A%7Fe%02k%8C%02%FC%FB%F7%14%CC%E8%FA%DAJ%3B%B8%B9%B6a%C5~%88%ED%F6Z%EF%C3%D5%08%23%3E9%B2%AC%1A%D4%2A%FC%AAP%F1%BB%C1%F2e%F1%7D%8F%B7%BF%957%18%05%2C%0E%BC%EC%0D%1B%E1h%ADv%CE%04%AE%2B%F4%2B%DE%E8z%D8%0C%20C%04%00W%3C2%8C%DD%84%D40%9F%81%9BL%F9w%06%1Ax-k%99%AD%FA%19I%13%5B%F5%86qW%20%B7%D0%19Z%1ET%BF%9DO%1D%82%2F%FB%A6%3F%40%9D%E4%0B%24%D9%95ItXY%9F%DF%D9%2F%87%DD%14%E7l%FFt%FF%3BtKW%FC%F2R%F1Sx%000%CB%25%EC%E6%18%AF%D6%C1%1A%F9%BD%18L%E5%04%ADV%CDi%8F%D8p%F4%97%CDH%1F%F9%0A%3B%D6%19%B6%13%FE%88g%EE%D2%AD%03%DF%CDt%3B%CE
1552512802.521377 DEBUG: [nfd.Forwarder] onOutgoingData face=258 data=/localhost/nfd/fib/add-nexthop/h%15%07%0C%08%04test%08%04pingi%02%01%05j%01%00/%00%00%01ix%F9%5E%D3/%3Bn%ABBxL%0D%DB/%16%1C%1B%01%01%1C%17%07%15%08%04root%08%03KEY%08%08%91%0E%B3F%29%8B%C2%D5/%17%FD%01%00%96%9D%11%C9%29%E6%C6%DB%C0%FA%E1%B0%92%ECr%F9%9D%83C%A7%25%9C%8A%05%AF%E2%03%3Fv%05%D7%0A%0A%10%0C1%A9%AD%F8%F3-%A7z%B4%26%92%BCE%3A%7Fe%02k%8C%02%FC%FB%F7%14%CC%E8%FA%DAJ%3B%B8%B9%B6a%C5~%88%ED%F6Z%EF%C3%D5%08%23%3E9%B2%AC%1A%D4%2A%FC%AAP%F1%BB%C1%F2e%F1%7D%8F%B7%BF%957%18%05%2C%0E%BC%EC%0D%1B%E1h%ADv%CE%04%AE%2B%F4%2B%DE%E8z%D8%0C%20C%04%00W%3C2%8C%DD%84%D40%9F%81%9BL%F9w%06%1Ax-k%99%AD%FA%19I%13%5B%F5%86qW%20%B7%D0%19Z%1ET%BF%9DO%1D%82%2F%FB%A6%3F%40%9D%E4%0B%24%D9%95ItXY%9F%DF%D9%2F%87%DD%14%E7l%FFt%FF%3BtKW%FC%F2R%F1Sx%000%CB%25%EC%E6%18%AF%D6%C1%1A%F9%BD%18L%E5%04%ADV%CDi%8F%D8p%F4%97%CDH%1F%F9%0A%3B%D6%19%B6%13%FE%88g%EE%D2%AD%03%DF%CDt%3B%CE
1552512802.521479 DEBUG: [nfd.Forwarder] onInterestFinalize interest=/localhost/nfd/fib/add-nexthop/h%15%07%0C%08%04test%08%04pingi%02%01%05j%01%00/%00%00%01ix%F9%5E%D3/%3Bn%ABBxL%0D%DB/%16%1C%1B%01%01%1C%17%07%15%08%04root%08%03KEY%08%08%91%0E%B3F%29%8B%C2%D5/%17%FD%01%00%96%9D%11%C9%29%E6%C6%DB%C0%FA%E1%B0%92%ECr%F9%9D%83C%A7%25%9C%8A%05%AF%E2%03%3Fv%05%D7%0A%0A%10%0C1%A9%AD%F8%F3-%A7z%B4%26%92%BCE%3A%7Fe%02k%8C%02%FC%FB%F7%14%CC%E8%FA%DAJ%3B%B8%B9%B6a%C5~%88%ED%F6Z%EF%C3%D5%08%23%3E9%B2%AC%1A%D4%2A%FC%AAP%F1%BB%C1%F2e%F1%7D%8F%B7%BF%957%18%05%2C%0E%BC%EC%0D%1B%E1h%ADv%CE%04%AE%2B%F4%2B%DE%E8z%D8%0C%20C%04%00W%3C2%8C%DD%84%D40%9F%81%9BL%F9w%06%1Ax-k%99%AD%FA%19I%13%5B%F5%86qW%20%B7%D0%19Z%1ET%BF%9DO%1D%82%2F%FB%A6%3F%40%9D%E4%0B%24%D9%95ItXY%9F%DF%D9%2F%87%DD%14%E7l%FFt%FF%3BtKW%FC%F2R%F1Sx%000%CB%25%EC%E6%18%AF%D6%C1%1A%F9%BD%18L%E5%04%ADV%CDi%8F%D8p%F4%97%CDH%1F%F9%0A%3B%D6%19%B6%13%FE%88g%EE%D2%AD%03%DF%CDt%3B%CE satisfied
1552512806.345785 INFO: [nfd.UnicastUdpTransport] [id=0,local=udp4://10.0.2.13:6363,remote=udp4://10.0.2.8:6363] Creating transport
1552512806.345815 INFO: [nfd.FaceTable] Added face id=262 remote=udp4://10.0.2.8:6363 local=udp4://10.0.2.13:6363
1552512806.348210 DEBUG: [nfd.Forwarder] onIncomingInterest face=262 interest=/test/ping/16574507003950960785
1552512806.348231 DEBUG: [nfd.ContentStore] find /test/ping/16574507003950960785 L
1552512806.348248 DEBUG: [nfd.ContentStore]   no-match
1552512806.348259 DEBUG: [nfd.Forwarder] onContentStoreMiss interest=/test/ping/16574507003950960785
1552512806.348275 DEBUG: [nfd.Forwarder] onOutgoingInterest face=261 interest=/test/ping/16574507003950960785
1552512806.348347 DEBUG: [nfd.Forwarder] onIncomingData face=1 data=/localhost/nfd/faces/events/%FE%06
1552512806.348363 DEBUG: [nfd.ContentStore] insert /localhost/nfd/faces/events/%FE%06
1552512806.348371 DEBUG: [nfd.Forwarder] onIncomingData matching=/localhost/nfd/faces/events/%FE%06
1552512806.348398 DEBUG: [nfd.Forwarder] onOutgoingData face=258 data=/localhost/nfd/faces/events/%FE%06
1552512806.348452 DEBUG: [nfd.Forwarder] onInterestFinalize interest=/localhost/nfd/faces/events/%FE%06 satisfied
1552512806.348535 DEBUG: [nfd.Forwarder] onIncomingData face=261 data=/test/ping/16574507003950960785
1552512806.348557 DEBUG: [nfd.ContentStore] insert /test/ping/16574507003950960785
1552512806.348574 DEBUG: [nfd.Forwarder] onIncomingData matching=/test/ping/16574507003950960785
1552512806.348601 DEBUG: [nfd.Forwarder] onOutgoingData face=262 data=/test/ping/16574507003950960785
1552512806.348693 DEBUG: [nfd.Forwarder] onIncomingInterest face=258 interest=/localhost/nfd/faces/events/%FE%07
1552512806.348722 DEBUG: [nfd.ContentStore] find /localhost/nfd/faces/events/%FE%07 L
1552512806.348746 DEBUG: [nfd.ContentStore]   no-match
1552512806.348760 DEBUG: [nfd.Forwarder] onContentStoreMiss interest=/localhost/nfd/faces/events/%FE%07
1552512806.348775 DEBUG: [nfd.Forwarder] onOutgoingInterest face=1 interest=/localhost/nfd/faces/events/%FE%07
1552512806.348805 DEBUG: [nfd.Forwarder] onInterestFinalize interest=/test/ping/16574507003950960785 satisfied
1552512807.339218 DEBUG: [nfd.Forwarder] onIncomingInterest face=262 interest=/test/ping/16574507003950960786
1552512807.339257 DEBUG: [nfd.ContentStore] find /test/ping/16574507003950960786 L
1552512807.339274 DEBUG: [nfd.ContentStore]   no-match
1552512807.339278 DEBUG: [nfd.Forwarder] onContentStoreMiss interest=/test/ping/16574507003950960786
1552512807.339292 DEBUG: [nfd.Forwarder] onOutgoingInterest face=261 interest=/test/ping/16574507003950960786
1552512807.339583 DEBUG: [nfd.Forwarder] onIncomingData face=261 data=/test/ping/16574507003950960786
1552512807.339624 DEBUG: [nfd.ContentStore] insert /test/ping/16574507003950960786
1552512807.339655 DEBUG: [nfd.Forwarder] onIncomingData matching=/test/ping/16574507003950960786
1552512807.339701 DEBUG: [nfd.Forwarder] onOutgoingData face=262 data=/test/ping/16574507003950960786
1552512807.339823 DEBUG: [nfd.Forwarder] onInterestFinalize interest=/test/ping/16574507003950960786 satisfied
1552512812.274287 DEBUG: [nfd.Forwarder] onIncomingInterest face=262 interest=/test/ping/13599167333643041694
1552512812.274327 DEBUG: [nfd.ContentStore] find /test/ping/13599167333643041694 L
1552512812.274349 DEBUG: [nfd.ContentStore]   no-match
1552512812.274360 DEBUG: [nfd.Forwarder] onContentStoreMiss interest=/test/ping/13599167333643041694
1552512812.274377 DEBUG: [nfd.Forwarder] onOutgoingInterest face=261 interest=/test/ping/13599167333643041694
1552512812.274606 DEBUG: [nfd.Forwarder] onIncomingData face=261 data=/test/ping/13599167333643041694
1552512812.274628 DEBUG: [nfd.ContentStore] insert /test/ping/13599167333643041694
1552512812.274643 DEBUG: [nfd.Forwarder] onIncomingData matching=/test/ping/13599167333643041694
1552512812.274672 DEBUG: [nfd.Forwarder] onOutgoingData face=262 data=/test/ping/13599167333643041694
1552512812.274734 DEBUG: [nfd.Forwarder] onInterestFinalize interest=/test/ping/13599167333643041694 satisfied
1552512813.269429 DEBUG: [nfd.Forwarder] onIncomingInterest face=262 interest=/test/ping/13599167333643041695
1552512813.269471 DEBUG: [nfd.ContentStore] find /test/ping/13599167333643041695 L
1552512813.269488 DEBUG: [nfd.ContentStore]   no-match
1552512813.269493 DEBUG: [nfd.Forwarder] onContentStoreMiss interest=/test/ping/13599167333643041695
1552512813.269511 DEBUG: [nfd.Forwarder] onOutgoingInterest face=261 interest=/test/ping/13599167333643041695
1552512813.269781 DEBUG: [nfd.Forwarder] onIncomingData face=261 data=/test/ping/13599167333643041695
1552512813.269824 DEBUG: [nfd.ContentStore] insert /test/ping/13599167333643041695
1552512813.269851 DEBUG: [nfd.Forwarder] onIncomingData matching=/test/ping/13599167333643041695
1552512813.269901 DEBUG: [nfd.Forwarder] onOutgoingData face=262 data=/test/ping/13599167333643041695
1552512813.269982 DEBUG: [nfd.Forwarder] onInterestFinalize interest=/test/ping/13599167333643041695 satisfied
1552512814.269436 DEBUG: [nfd.Forwarder] onIncomingInterest face=262 interest=/test/ping/13599167333643041696
1552512814.269485 DEBUG: [nfd.ContentStore] find /test/ping/13599167333643041696 L
1552512814.269508 DEBUG: [nfd.ContentStore]   no-match
1552512814.269513 DEBUG: [nfd.Forwarder] onContentStoreMiss interest=/test/ping/13599167333643041696
1552512814.269527 DEBUG: [nfd.Forwarder] onOutgoingInterest face=261 interest=/test/ping/13599167333643041696
1552512814.269814 DEBUG: [nfd.Forwarder] onIncomingData face=261 data=/test/ping/13599167333643041696
1552512814.269848 DEBUG: [nfd.ContentStore] insert /test/ping/13599167333643041696
1552512814.269871 DEBUG: [nfd.Forwarder] onIncomingData matching=/test/ping/13599167333643041696
1552512814.269908 DEBUG: [nfd.Forwarder] onOutgoingData face=262 data=/test/ping/13599167333643041696
1552512814.270016 DEBUG: [nfd.Forwarder] onInterestFinalize interest=/test/ping/13599167333643041696 satisfied
1552512815.269798 DEBUG: [nfd.Forwarder] onIncomingInterest face=262 interest=/test/ping/13599167333643041697
1552512815.269838 DEBUG: [nfd.ContentStore] find /test/ping/13599167333643041697 L
1552512815.269869 DEBUG: [nfd.ContentStore]   no-match
1552512815.269879 DEBUG: [nfd.Forwarder] onContentStoreMiss interest=/test/ping/13599167333643041697
1552512815.269906 DEBUG: [nfd.Forwarder] onOutgoingInterest face=261 interest=/test/ping/13599167333643041697
1552512815.270210 DEBUG: [nfd.Forwarder] onIncomingData face=261 data=/test/ping/13599167333643041697
1552512815.270239 DEBUG: [nfd.ContentStore] insert /test/ping/13599167333643041697
1552512815.270257 DEBUG: [nfd.Forwarder] onIncomingData matching=/test/ping/13599167333643041697
1552512815.270293 DEBUG: [nfd.Forwarder] onOutgoingData face=262 data=/test/ping/13599167333643041697
1552512815.270390 DEBUG: [nfd.Forwarder] onInterestFinalize interest=/test/ping/13599167333643041697 satisfied
1552512816.269896 DEBUG: [nfd.Forwarder] onIncomingInterest face=262 interest=/test/ping/13599167333643041698
1552512816.269936 DEBUG: [nfd.ContentStore] find /test/ping/13599167333643041698 L
1552512816.269962 DEBUG: [nfd.ContentStore]   no-match
1552512816.269972 DEBUG: [nfd.Forwarder] onContentStoreMiss interest=/test/ping/13599167333643041698
1552512816.270005 DEBUG: [nfd.Forwarder] onOutgoingInterest face=261 interest=/test/ping/13599167333643041698
1552512816.270281 DEBUG: [nfd.Forwarder] onIncomingData face=261 data=/test/ping/13599167333643041698
1552512816.270305 DEBUG: [nfd.ContentStore] insert /test/ping/13599167333643041698
1552512816.270321 DEBUG: [nfd.Forwarder] onIncomingData matching=/test/ping/13599167333643041698
1552512816.270347 DEBUG: [nfd.Forwarder] onOutgoingData face=262 data=/test/ping/13599167333643041698
1552512816.270478 DEBUG: [nfd.Forwarder] onInterestFinalize interest=/test/ping/13599167333643041698 satisfied
1552512819.878175 DEBUG: [nfd.Forwarder] onIncomingInterest face=261 interest=/localhost/nfd/rib/unregister/h%0E%07%0C%08%04test%08%04ping/%00%00%01ix%F9%A2%A2/%3Exk%9B%BC%3E%F6n/%16%1C%1B%01%01%1C%17%07%15%08%04root%08%03KEY%08%08%91%0E%B3F%29%8B%C2%D5/%17%FD%01%00%2B%C4%B1%AC%F5%EE%95D%8E%8B%5B%11%FF%25u%19%E3Y%5E%14%19%E6E%F9%E9v%9F%CC%3A%2Fo%E1%D7RLF%F5P%B9L%C4%26Y%07%F9%AEg%2A%C9%5D%13%8F%EE%E3%BD%BA%92%0A%CA%87%9E%60%C0NR%AE%9A%C6%02%D7y%28%15%12%8Bq4%FE%1E%9B%2B%AC%B2%D2%C3%D3%8D%2BuN%1C%851%C8%A0%9E%1A%CE%3E6%C7%18%5B%1ER%E2%AE9%11Z%CC%A7%10%E6N%1F%AE%21%3D%A7%83%00_%E8%98%A3%A31%FA%9C%2FUm%1D%17%1Fk%90%92r%EB%F6%92WR%B5%5B%F5%1F%E4%18%A3%A3%23%F0%8C%7B%F7%3A%86%3F%9D%2Cm%EF%3D%FC%F0%A0%86%C2%A4%10%DBE%DC%DD%2B%C2d%C9M%5CJ%28%B8%C0%F1%FD5%AC%C1%C6%2Fn%02t%E7%F8yw7%B2%94%8E%8D%CC%F8%152%AF%0B%0E_%12%E9h3%05%27%10%F6%23%7D%A1T%FD%A8%1C%B4%FF%C5%E2%BDXv%0Ec%D9E%DA%90%F4%0A%B1%A8%A7%98F%99%09%27%92%81%D1%0F
1552512819.878281 DEBUG: [nfd.ContentStore] find /localhost/nfd/rib/unregister/h%0E%07%0C%08%04test%08%04ping/%00%00%01ix%F9%A2%A2/%3Exk%9B%BC%3E%F6n/%16%1C%1B%01%01%1C%17%07%15%08%04root%08%03KEY%08%08%91%0E%B3F%29%8B%C2%D5/%17%FD%01%00%2B%C4%B1%AC%F5%EE%95D%8E%8B%5B%11%FF%25u%19%E3Y%5E%14%19%E6E%F9%E9v%9F%CC%3A%2Fo%E1%D7RLF%F5P%B9L%C4%26Y%07%F9%AEg%2A%C9%5D%13%8F%EE%E3%BD%BA%92%0A%CA%87%9E%60%C0NR%AE%9A%C6%02%D7y%28%15%12%8Bq4%FE%1E%9B%2B%AC%B2%D2%C3%D3%8D%2BuN%1C%851%C8%A0%9E%1A%CE%3E6%C7%18%5B%1ER%E2%AE9%11Z%CC%A7%10%E6N%1F%AE%21%3D%A7%83%00_%E8%98%A3%A31%FA%9C%2FUm%1D%17%1Fk%90%92r%EB%F6%92WR%B5%5B%F5%1F%E4%18%A3%A3%23%F0%8C%7B%F7%3A%86%3F%9D%2Cm%EF%3D%FC%F0%A0%86%C2%A4%10%DBE%DC%DD%2B%C2d%C9M%5CJ%28%B8%C0%F1%FD5%AC%C1%C6%2Fn%02t%E7%F8yw7%B2%94%8E%8D%CC%F8%152%AF%0B%0E_%12%E9h3%05%27%10%F6%23%7D%A1T%FD%A8%1C%B4%FF%C5%E2%BDXv%0Ec%D9E%DA%90%F4%0A%B1%A8%A7%98F%99%09%27%92%81%D1%0F L
1552512819.878370 DEBUG: [nfd.ContentStore]   no-match
1552512819.878389 DEBUG: [nfd.Forwarder] onContentStoreMiss interest=/localhost/nfd/rib/unregister/h%0E%07%0C%08%04test%08%04ping/%00%00%01ix%F9%A2%A2/%3Exk%9B%BC%3E%F6n/%16%1C%1B%01%01%1C%17%07%15%08%04root%08%03KEY%08%08%91%0E%B3F%29%8B%C2%D5/%17%FD%01%00%2B%C4%B1%AC%F5%EE%95D%8E%8B%5B%11%FF%25u%19%E3Y%5E%14%19%E6E%F9%E9v%9F%CC%3A%2Fo%E1%D7RLF%F5P%B9L%C4%26Y%07%F9%AEg%2A%C9%5D%13%8F%EE%E3%BD%BA%92%0A%CA%87%9E%60%C0NR%AE%9A%C6%02%D7y%28%15%12%8Bq4%FE%1E%9B%2B%AC%B2%D2%C3%D3%8D%2BuN%1C%851%C8%A0%9E%1A%CE%3E6%C7%18%5B%1ER%E2%AE9%11Z%CC%A7%10%E6N%1F%AE%21%3D%A7%83%00_%E8%98%A3%A31%FA%9C%2FUm%1D%17%1Fk%90%92r%EB%F6%92WR%B5%5B%F5%1F%E4%18%A3%A3%23%F0%8C%7B%F7%3A%86%3F%9D%2Cm%EF%3D%FC%F0%A0%86%C2%A4%10%DBE%DC%DD%2B%C2d%C9M%5CJ%28%B8%C0%F1%FD5%AC%C1%C6%2Fn%02t%E7%F8yw7%B2%94%8E%8D%CC%F8%152%AF%0B%0E_%12%E9h3%05%27%10%F6%23%7D%A1T%FD%A8%1C%B4%FF%C5%E2%BDXv%0Ec%D9E%DA%90%F4%0A%B1%A8%A7%98F%99%09%27%92%81%D1%0F
1552512819.878475 DEBUG: [nfd.Forwarder] onOutgoingInterest face=258 interest=/localhost/nfd/rib/unregister/h%0E%07%0C%08%04test%08%04ping/%00%00%01ix%F9%A2%A2/%3Exk%9B%BC%3E%F6n/%16%1C%1B%01%01%1C%17%07%15%08%04root%08%03KEY%08%08%91%0E%B3F%29%8B%C2%D5/%17%FD%01%00%2B%C4%B1%AC%F5%EE%95D%8E%8B%5B%11%FF%25u%19%E3Y%5E%14%19%E6E%F9%E9v%9F%CC%3A%2Fo%E1%D7RLF%F5P%B9L%C4%26Y%07%F9%AEg%2A%C9%5D%13%8F%EE%E3%BD%BA%92%0A%CA%87%9E%60%C0NR%AE%9A%C6%02%D7y%28%15%12%8Bq4%FE%1E%9B%2B%AC%B2%D2%C3%D3%8D%2BuN%1C%851%C8%A0%9E%1A%CE%3E6%C7%18%5B%1ER%E2%AE9%11Z%CC%A7%10%E6N%1F%AE%21%3D%A7%83%00_%E8%98%A3%A31%FA%9C%2FUm%1D%17%1Fk%90%92r%EB%F6%92WR%B5%5B%F5%1F%E4%18%A3%A3%23%F0%8C%7B%F7%3A%86%3F%9D%2Cm%EF%3D%FC%F0%A0%86%C2%A4%10%DBE%DC%DD%2B%C2d%C9M%5CJ%28%B8%C0%F1%FD5%AC%C1%C6%2Fn%02t%E7%F8yw7%B2%94%8E%8D%CC%F8%152%AF%0B%0E_%12%E9h3%05%27%10%F6%23%7D%A1T%FD%A8%1C%B4%FF%C5%E2%BDXv%0Ec%D9E%DA%90%F4%0A%B1%A8%A7%98F%99%09%27%92%81%D1%0F
1552512819.882246 INFO: [nfd.RibManager] Removing route /test/ping nexthop=261 origin=app
1552512819.885890 DEBUG: [nfd.Forwarder] onIncomingData face=258 data=/localhost/nfd/rib/unregister/h%0E%07%0C%08%04test%08%04ping/%00%00%01ix%F9%A2%A2/%3Exk%9B%BC%3E%F6n/%16%1C%1B%01%01%1C%17%07%15%08%04root%08%03KEY%08%08%91%0E%B3F%29%8B%C2%D5/%17%FD%01%00%2B%C4%B1%AC%F5%EE%95D%8E%8B%5B%11%FF%25u%19%E3Y%5E%14%19%E6E%F9%E9v%9F%CC%3A%2Fo%E1%D7RLF%F5P%B9L%C4%26Y%07%F9%AEg%2A%C9%5D%13%8F%EE%E3%BD%BA%92%0A%CA%87%9E%60%C0NR%AE%9A%C6%02%D7y%28%15%12%8Bq4%FE%1E%9B%2B%AC%B2%D2%C3%D3%8D%2BuN%1C%851%C8%A0%9E%1A%CE%3E6%C7%18%5B%1ER%E2%AE9%11Z%CC%A7%10%E6N%1F%AE%21%3D%A7%83%00_%E8%98%A3%A31%FA%9C%2FUm%1D%17%1Fk%90%92r%EB%F6%92WR%B5%5B%F5%1F%E4%18%A3%A3%23%F0%8C%7B%F7%3A%86%3F%9D%2Cm%EF%3D%FC%F0%A0%86%C2%A4%10%DBE%DC%DD%2B%C2d%C9M%5CJ%28%B8%C0%F1%FD5%AC%C1%C6%2Fn%02t%E7%F8yw7%B2%94%8E%8D%CC%F8%152%AF%0B%0E_%12%E9h3%05%27%10%F6%23%7D%A1T%FD%A8%1C%B4%FF%C5%E2%BDXv%0Ec%D9E%DA%90%F4%0A%B1%A8%A7%98F%99%09%27%92%81%D1%0F
1552512819.885988 DEBUG: [nfd.ContentStore] insert /localhost/nfd/rib/unregister/h%0E%07%0C%08%04test%08%04ping/%00%00%01ix%F9%A2%A2/%3Exk%9B%BC%3E%F6n/%16%1C%1B%01%01%1C%17%07%15%08%04root%08%03KEY%08%08%91%0E%B3F%29%8B%C2%D5/%17%FD%01%00%2B%C4%B1%AC%F5%EE%95D%8E%8B%5B%11%FF%25u%19%E3Y%5E%14%19%E6E%F9%E9v%9F%CC%3A%2Fo%E1%D7RLF%F5P%B9L%C4%26Y%07%F9%AEg%2A%C9%5D%13%8F%EE%E3%BD%BA%92%0A%CA%87%9E%60%C0NR%AE%9A%C6%02%D7y%28%15%12%8Bq4%FE%1E%9B%2B%AC%B2%D2%C3%D3%8D%2BuN%1C%851%C8%A0%9E%1A%CE%3E6%C7%18%5B%1ER%E2%AE9%11Z%CC%A7%10%E6N%1F%AE%21%3D%A7%83%00_%E8%98%A3%A31%FA%9C%2FUm%1D%17%1Fk%90%92r%EB%F6%92WR%B5%5B%F5%1F%E4%18%A3%A3%23%F0%8C%7B%F7%3A%86%3F%9D%2Cm%EF%3D%FC%F0%A0%86%C2%A4%10%DBE%DC%DD%2B%C2d%C9M%5CJ%28%B8%C0%F1%FD5%AC%C1%C6%2Fn%02t%E7%F8yw7%B2%94%8E%8D%CC%F8%152%AF%0B%0E_%12%E9h3%05%27%10%F6%23%7D%A1T%FD%A8%1C%B4%FF%C5%E2%BDXv%0Ec%D9E%DA%90%F4%0A%B1%A8%A7%98F%99%09%27%92%81%D1%0F
1552512819.886072 DEBUG: [nfd.Forwarder] onIncomingData matching=/localhost/nfd/rib/unregister/h%0E%07%0C%08%04test%08%04ping/%00%00%01ix%F9%A2%A2/%3Exk%9B%BC%3E%F6n/%16%1C%1B%01%01%1C%17%07%15%08%04root%08%03KEY%08%08%91%0E%B3F%29%8B%C2%D5/%17%FD%01%00%2B%C4%B1%AC%F5%EE%95D%8E%8B%5B%11%FF%25u%19%E3Y%5E%14%19%E6E%F9%E9v%9F%CC%3A%2Fo%E1%D7RLF%F5P%B9L%C4%26Y%07%F9%AEg%2A%C9%5D%13%8F%EE%E3%BD%BA%92%0A%CA%87%9E%60%C0NR%AE%9A%C6%02%D7y%28%15%12%8Bq4%FE%1E%9B%2B%AC%B2%D2%C3%D3%8D%2BuN%1C%851%C8%A0%9E%1A%CE%3E6%C7%18%5B%1ER%E2%AE9%11Z%CC%A7%10%E6N%1F%AE%21%3D%A7%83%00_%E8%98%A3%A31%FA%9C%2FUm%1D%17%1Fk%90%92r%EB%F6%92WR%B5%5B%F5%1F%E4%18%A3%A3%23%F0%8C%7B%F7%3A%86%3F%9D%2Cm%EF%3D%FC%F0%A0%86%C2%A4%10%DBE%DC%DD%2B%C2d%C9M%5CJ%28%B8%C0%F1%FD5%AC%C1%C6%2Fn%02t%E7%F8yw7%B2%94%8E%8D%CC%F8%152%AF%0B%0E_%12%E9h3%05%27%10%F6%23%7D%A1T%FD%A8%1C%B4%FF%C5%E2%BDXv%0Ec%D9E%DA%90%F4%0A%B1%A8%A7%98F%99%09%27%92%81%D1%0F
1552512819.886153 DEBUG: [nfd.Forwarder] onOutgoingData face=261 data=/localhost/nfd/rib/unregister/h%0E%07%0C%08%04test%08%04ping/%00%00%01ix%F9%A2%A2/%3Exk%9B%BC%3E%F6n/%16%1C%1B%01%01%1C%17%07%15%08%04root%08%03KEY%08%08%91%0E%B3F%29%8B%C2%D5/%17%FD%01%00%2B%C4%B1%AC%F5%EE%95D%8E%8B%5B%11%FF%25u%19%E3Y%5E%14%19%E6E%F9%E9v%9F%CC%3A%2Fo%E1%D7RLF%F5P%B9L%C4%26Y%07%F9%AEg%2A%C9%5D%13%8F%EE%E3%BD%BA%92%0A%CA%87%9E%60%C0NR%AE%9A%C6%02%D7y%28%15%12%8Bq4%FE%1E%9B%2B%AC%B2%D2%C3%D3%8D%2BuN%1C%851%C8%A0%9E%1A%CE%3E6%C7%18%5B%1ER%E2%AE9%11Z%CC%A7%10%E6N%1F%AE%21%3D%A7%83%00_%E8%98%A3%A31%FA%9C%2FUm%1D%17%1Fk%90%92r%EB%F6%92WR%B5%5B%F5%1F%E4%18%A3%A3%23%F0%8C%7B%F7%3A%86%3F%9D%2Cm%EF%3D%FC%F0%A0%86%C2%A4%10%DBE%DC%DD%2B%C2d%C9M%5CJ%28%B8%C0%F1%FD5%AC%C1%C6%2Fn%02t%E7%F8yw7%B2%94%8E%8D%CC%F8%152%AF%0B%0E_%12%E9h3%05%27%10%F6%23%7D%A1T%FD%A8%1C%B4%FF%C5%E2%BDXv%0Ec%D9E%DA%90%F4%0A%B1%A8%A7%98F%99%09%27%92%81%D1%0F
1552512819.886302 DEBUG: [nfd.Forwarder] onIncomingInterest face=258 interest=/localhost/nfd/fib/remove-nexthop/h%12%07%0C%08%04test%08%04pingi%02%01%05/%00%00%01ix%F9%A2%AA/%F1%8E%B9%DD%60%F4K%8E/%16%1C%1B%01%01%1C%17%07%15%08%04root%08%03KEY%08%08%91%0E%B3F%29%8B%C2%D5/%17%FD%01%00%00Bo%40%09%28%9D%F68i%83%A2%BD%8E%FFK%7B%DA%F3%89%AAq%B70%DF%CC-%86%01%2B4%60%D0~%AE%9B%21%FD%24SA%80%AB%A2%A7%8C%E5%B0%A1%9BE%7C%AE%EA%DB%EDX%84%29%7B%B9%28%D6%2A%E6%AE%05%A3%94%07%EFy%02V%B9%DEH%1ES%C8M%02%5Bb%0FuC%97%29%04z%16%8F%27%DBI%DD%9D%F1O%E1%5B%5C%FC%EB%60%E8%0Fd%A4Qwfu%ADMr%3E%D8-%B1%CCm%10%3B7%28R%DD%89%F1%E3%F3v%20%C2%CF%DEl%DC%D5%3C%29ie8%F3%B9d%D3%18%F5%B7%1Fb%B2%2F%CA%B2%F6%1E%EC%BC%A2%E2%94a%80l%CE%00%15%94%3A6%EC%86%2B%D9%95%C7%99n%11%9F%A7R%F08%1C%A7%08e%89%CB%3F2M%8B%C1%95%E4%82%83G%80%E7%88%88%D6v%5Cjp%A5G%B4%8F%14x%2B%03%C5%DE%1DJDe%E1%A4%14Ah%A8%C9%27%C9nF%D2i%86%E9%8C%C0%DA%1E.S%EFt%A2i%3A%89p
1552512819.886415 DEBUG: [nfd.ContentStore] find /localhost/nfd/fib/remove-nexthop/h%12%07%0C%08%04test%08%04pingi%02%01%05/%00%00%01ix%F9%A2%AA/%F1%8E%B9%DD%60%F4K%8E/%16%1C%1B%01%01%1C%17%07%15%08%04root%08%03KEY%08%08%91%0E%B3F%29%8B%C2%D5/%17%FD%01%00%00Bo%40%09%28%9D%F68i%83%A2%BD%8E%FFK%7B%DA%F3%89%AAq%B70%DF%CC-%86%01%2B4%60%D0~%AE%9B%21%FD%24SA%80%AB%A2%A7%8C%E5%B0%A1%9BE%7C%AE%EA%DB%EDX%84%29%7B%B9%28%D6%2A%E6%AE%05%A3%94%07%EFy%02V%B9%DEH%1ES%C8M%02%5Bb%0FuC%97%29%04z%16%8F%27%DBI%DD%9D%F1O%E1%5B%5C%FC%EB%60%E8%0Fd%A4Qwfu%ADMr%3E%D8-%B1%CCm%10%3B7%28R%DD%89%F1%E3%F3v%20%C2%CF%DEl%DC%D5%3C%29ie8%F3%B9d%D3%18%F5%B7%1Fb%B2%2F%CA%B2%F6%1E%EC%BC%A2%E2%94a%80l%CE%00%15%94%3A6%EC%86%2B%D9%95%C7%99n%11%9F%A7R%F08%1C%A7%08e%89%CB%3F2M%8B%C1%95%E4%82%83G%80%E7%88%88%D6v%5Cjp%A5G%B4%8F%14x%2B%03%C5%DE%1DJDe%E1%A4%14Ah%A8%C9%27%C9nF%D2i%86%E9%8C%C0%DA%1E.S%EFt%A2i%3A%89p L
1552512819.886490 DEBUG: [nfd.ContentStore]   no-match
1552512819.886501 DEBUG: [nfd.Forwarder] onContentStoreMiss interest=/localhost/nfd/fib/remove-nexthop/h%12%07%0C%08%04test%08%04pingi%02%01%05/%00%00%01ix%F9%A2%AA/%F1%8E%B9%DD%60%F4K%8E/%16%1C%1B%01%01%1C%17%07%15%08%04root%08%03KEY%08%08%91%0E%B3F%29%8B%C2%D5/%17%FD%01%00%00Bo%40%09%28%9D%F68i%83%A2%BD%8E%FFK%7B%DA%F3%89%AAq%B70%DF%CC-%86%01%2B4%60%D0~%AE%9B%21%FD%24SA%80%AB%A2%A7%8C%E5%B0%A1%9BE%7C%AE%EA%DB%EDX%84%29%7B%B9%28%D6%2A%E6%AE%05%A3%94%07%EFy%02V%B9%DEH%1ES%C8M%02%5Bb%0FuC%97%29%04z%16%8F%27%DBI%DD%9D%F1O%E1%5B%5C%FC%EB%60%E8%0Fd%A4Qwfu%ADMr%3E%D8-%B1%CCm%10%3B7%28R%DD%89%F1%E3%F3v%20%C2%CF%DEl%DC%D5%3C%29ie8%F3%B9d%D3%18%F5%B7%1Fb%B2%2F%CA%B2%F6%1E%EC%BC%A2%E2%94a%80l%CE%00%15%94%3A6%EC%86%2B%D9%95%C7%99n%11%9F%A7R%F08%1C%A7%08e%89%CB%3F2M%8B%C1%95%E4%82%83G%80%E7%88%88%D6v%5Cjp%A5G%B4%8F%14x%2B%03%C5%DE%1DJDe%E1%A4%14Ah%A8%C9%27%C9nF%D2i%86%E9%8C%C0%DA%1E.S%EFt%A2i%3A%89p
1552512819.886567 DEBUG: [nfd.Forwarder] onOutgoingInterest face=1 interest=/localhost/nfd/fib/remove-nexthop/h%12%07%0C%08%04test%08%04pingi%02%01%05/%00%00%01ix%F9%A2%AA/%F1%8E%B9%DD%60%F4K%8E/%16%1C%1B%01%01%1C%17%07%15%08%04root%08%03KEY%08%08%91%0E%B3F%29%8B%C2%D5/%17%FD%01%00%00Bo%40%09%28%9D%F68i%83%A2%BD%8E%FFK%7B%DA%F3%89%AAq%B70%DF%CC-%86%01%2B4%60%D0~%AE%9B%21%FD%24SA%80%AB%A2%A7%8C%E5%B0%A1%9BE%7C%AE%EA%DB%EDX%84%29%7B%B9%28%D6%2A%E6%AE%05%A3%94%07%EFy%02V%B9%DEH%1ES%C8M%02%5Bb%0FuC%97%29%04z%16%8F%27%DBI%DD%9D%F1O%E1%5B%5C%FC%EB%60%E8%0Fd%A4Qwfu%ADMr%3E%D8-%B1%CCm%10%3B7%28R%DD%89%F1%E3%F3v%20%C2%CF%DEl%DC%D5%3C%29ie8%F3%B9d%D3%18%F5%B7%1Fb%B2%2F%CA%B2%F6%1E%EC%BC%A2%E2%94a%80l%CE%00%15%94%3A6%EC%86%2B%D9%95%C7%99n%11%9F%A7R%F08%1C%A7%08e%89%CB%3F2M%8B%C1%95%E4%82%83G%80%E7%88%88%D6v%5Cjp%A5G%B4%8F%14x%2B%03%C5%DE%1DJDe%E1%A4%14Ah%A8%C9%27%C9nF%D2i%86%E9%8C%C0%DA%1E.S%EFt%A2i%3A%89p
1552512819.886652 DEBUG: [nfd.Forwarder] onInterestFinalize interest=/localhost/nfd/rib/unregister/h%0E%07%0C%08%04test%08%04ping/%00%00%01ix%F9%A2%A2/%3Exk%9B%BC%3E%F6n/%16%1C%1B%01%01%1C%17%07%15%08%04root%08%03KEY%08%08%91%0E%B3F%29%8B%C2%D5/%17%FD%01%00%2B%C4%B1%AC%F5%EE%95D%8E%8B%5B%11%FF%25u%19%E3Y%5E%14%19%E6E%F9%E9v%9F%CC%3A%2Fo%E1%D7RLF%F5P%B9L%C4%26Y%07%F9%AEg%2A%C9%5D%13%8F%EE%E3%BD%BA%92%0A%CA%87%9E%60%C0NR%AE%9A%C6%02%D7y%28%15%12%8Bq4%FE%1E%9B%2B%AC%B2%D2%C3%D3%8D%2BuN%1C%851%C8%A0%9E%1A%CE%3E6%C7%18%5B%1ER%E2%AE9%11Z%CC%A7%10%E6N%1F%AE%21%3D%A7%83%00_%E8%98%A3%A31%FA%9C%2FUm%1D%17%1Fk%90%92r%EB%F6%92WR%B5%5B%F5%1F%E4%18%A3%A3%23%F0%8C%7B%F7%3A%86%3F%9D%2Cm%EF%3D%FC%F0%A0%86%C2%A4%10%DBE%DC%DD%2B%C2d%C9M%5CJ%28%B8%C0%F1%FD5%AC%C1%C6%2Fn%02t%E7%F8yw7%B2%94%8E%8D%CC%F8%152%AF%0B%0E_%12%E9h3%05%27%10%F6%23%7D%A1T%FD%A8%1C%B4%FF%C5%E2%BDXv%0Ec%D9E%DA%90%F4%0A%B1%A8%A7%98F%99%09%27%92%81%D1%0F satisfied
1552512819.890051 INFO: [nfd.Transport] [id=261,local=unix:///run/nfd.sock,remote=fd://35] setState UP -> CLOSING
1552512819.890118 INFO: [nfd.Transport] [id=261,local=unix:///run/nfd.sock,remote=fd://35] setState CLOSING -> CLOSED
1552512819.893119 INFO: [nfd.FaceTable] Removed face id=261 remote=fd://35 local=unix:///run/nfd.sock
1552512819.893167 DEBUG: [nfd.Forwarder] onIncomingData face=1 data=/localhost/nfd/fib/remove-nexthop/h%12%07%0C%08%04test%08%04pingi%02%01%05/%00%00%01ix%F9%A2%AA/%F1%8E%B9%DD%60%F4K%8E/%16%1C%1B%01%01%1C%17%07%15%08%04root%08%03KEY%08%08%91%0E%B3F%29%8B%C2%D5/%17%FD%01%00%00Bo%40%09%28%9D%F68i%83%A2%BD%8E%FFK%7B%DA%F3%89%AAq%B70%DF%CC-%86%01%2B4%60%D0~%AE%9B%21%FD%24SA%80%AB%A2%A7%8C%E5%B0%A1%9BE%7C%AE%EA%DB%EDX%84%29%7B%B9%28%D6%2A%E6%AE%05%A3%94%07%EFy%02V%B9%DEH%1ES%C8M%02%5Bb%0FuC%97%29%04z%16%8F%27%DBI%DD%9D%F1O%E1%5B%5C%FC%EB%60%E8%0Fd%A4Qwfu%ADMr%3E%D8-%B1%CCm%10%3B7%28R%DD%89%F1%E3%F3v%20%C2%CF%DEl%DC%D5%3C%29ie8%F3%B9d%D3%18%F5%B7%1Fb%B2%2F%CA%B2%F6%1E%EC%BC%A2%E2%94a%80l%CE%00%15%94%3A6%EC%86%2B%D9%95%C7%99n%11%9F%A7R%F08%1C%A7%08e%89%CB%3F2M%8B%C1%95%E4%82%83G%80%E7%88%88%D6v%5Cjp%A5G%B4%8F%14x%2B%03%C5%DE%1DJDe%E1%A4%14Ah%A8%C9%27%C9nF%D2i%86%E9%8C%C0%DA%1E.S%EFt%A2i%3A%89p
1552512819.893246 DEBUG: [nfd.ContentStore] insert /localhost/nfd/fib/remove-nexthop/h%12%07%0C%08%04test%08%04pingi%02%01%05/%00%00%01ix%F9%A2%AA/%F1%8E%B9%DD%60%F4K%8E/%16%1C%1B%01%01%1C%17%07%15%08%04root%08%03KEY%08%08%91%0E%B3F%29%8B%C2%D5/%17%FD%01%00%00Bo%40%09%28%9D%F68i%83%A2%BD%8E%FFK%7B%DA%F3%89%AAq%B70%DF%CC-%86%01%2B4%60%D0~%AE%9B%21%FD%24SA%80%AB%A2%A7%8C%E5%B0%A1%9BE%7C%AE%EA%DB%EDX%84%29%7B%B9%28%D6%2A%E6%AE%05%A3%94%07%EFy%02V%B9%DEH%1ES%C8M%02%5Bb%0FuC%97%29%04z%16%8F%27%DBI%DD%9D%F1O%E1%5B%5C%FC%EB%60%E8%0Fd%A4Qwfu%ADMr%3E%D8-%B1%CCm%10%3B7%28R%DD%89%F1%E3%F3v%20%C2%CF%DEl%DC%D5%3C%29ie8%F3%B9d%D3%18%F5%B7%1Fb%B2%2F%CA%B2%F6%1E%EC%BC%A2%E2%94a%80l%CE%00%15%94%3A6%EC%86%2B%D9%95%C7%99n%11%9F%A7R%F08%1C%A7%08e%89%CB%3F2M%8B%C1%95%E4%82%83G%80%E7%88%88%D6v%5Cjp%A5G%B4%8F%14x%2B%03%C5%DE%1DJDe%E1%A4%14Ah%A8%C9%27%C9nF%D2i%86%E9%8C%C0%DA%1E.S%EFt%A2i%3A%89p
1552512819.893326 DEBUG: [nfd.Forwarder] onIncomingData matching=/localhost/nfd/fib/remove-nexthop/h%12%07%0C%08%04test%08%04pingi%02%01%05/%00%00%01ix%F9%A2%AA/%F1%8E%B9%DD%60%F4K%8E/%16%1C%1B%01%01%1C%17%07%15%08%04root%08%03KEY%08%08%91%0E%B3F%29%8B%C2%D5/%17%FD%01%00%00Bo%40%09%28%9D%F68i%83%A2%BD%8E%FFK%7B%DA%F3%89%AAq%B70%DF%CC-%86%01%2B4%60%D0~%AE%9B%21%FD%24SA%80%AB%A2%A7%8C%E5%B0%A1%9BE%7C%AE%EA%DB%EDX%84%29%7B%B9%28%D6%2A%E6%AE%05%A3%94%07%EFy%02V%B9%DEH%1ES%C8M%02%5Bb%0FuC%97%29%04z%16%8F%27%DBI%DD%9D%F1O%E1%5B%5C%FC%EB%60%E8%0Fd%A4Qwfu%ADMr%3E%D8-%B1%CCm%10%3B7%28R%DD%89%F1%E3%F3v%20%C2%CF%DEl%DC%D5%3C%29ie8%F3%B9d%D3%18%F5%B7%1Fb%B2%2F%CA%B2%F6%1E%EC%BC%A2%E2%94a%80l%CE%00%15%94%3A6%EC%86%2B%D9%95%C7%99n%11%9F%A7R%F08%1C%A7%08e%89%CB%3F2M%8B%C1%95%E4%82%83G%80%E7%88%88%D6v%5Cjp%A5G%B4%8F%14x%2B%03%C5%DE%1DJDe%E1%A4%14Ah%A8%C9%27%C9nF%D2i%86%E9%8C%C0%DA%1E.S%EFt%A2i%3A%89p
1552512819.893414 DEBUG: [nfd.Forwarder] onOutgoingData face=258 data=/localhost/nfd/fib/remove-nexthop/h%12%07%0C%08%04test%08%04pingi%02%01%05/%00%00%01ix%F9%A2%AA/%F1%8E%B9%DD%60%F4K%8E/%16%1C%1B%01%01%1C%17%07%15%08%04root%08%03KEY%08%08%91%0E%B3F%29%8B%C2%D5/%17%FD%01%00%00Bo%40%09%28%9D%F68i%83%A2%BD%8E%FFK%7B%DA%F3%89%AAq%B70%DF%CC-%86%01%2B4%60%D0~%AE%9B%21%FD%24SA%80%AB%A2%A7%8C%E5%B0%A1%9BE%7C%AE%EA%DB%EDX%84%29%7B%B9%28%D6%2A%E6%AE%05%A3%94%07%EFy%02V%B9%DEH%1ES%C8M%02%5Bb%0FuC%97%29%04z%16%8F%27%DBI%DD%9D%F1O%E1%5B%5C%FC%EB%60%E8%0Fd%A4Qwfu%ADMr%3E%D8-%B1%CCm%10%3B7%28R%DD%89%F1%E3%F3v%20%C2%CF%DEl%DC%D5%3C%29ie8%F3%B9d%D3%18%F5%B7%1Fb%B2%2F%CA%B2%F6%1E%EC%BC%A2%E2%94a%80l%CE%00%15%94%3A6%EC%86%2B%D9%95%C7%99n%11%9F%A7R%F08%1C%A7%08e%89%CB%3F2M%8B%C1%95%E4%82%83G%80%E7%88%88%D6v%5Cjp%A5G%B4%8F%14x%2B%03%C5%DE%1DJDe%E1%A4%14Ah%A8%C9%27%C9nF%D2i%86%E9%8C%C0%DA%1E.S%EFt%A2i%3A%89p
1552512819.893572 DEBUG: [nfd.Forwarder] onIncomingData face=1 data=/localhost/nfd/faces/events/%FE%07
1552512819.893608 DEBUG: [nfd.ContentStore] insert /localhost/nfd/faces/events/%FE%07
1552512819.893621 DEBUG: [nfd.Forwarder] onIncomingData matching=/localhost/nfd/faces/events/%FE%07
1552512819.893647 DEBUG: [nfd.Forwarder] onOutgoingData face=258 data=/localhost/nfd/faces/events/%FE%07
1552512819.893689 DEBUG: [nfd.Forwarder] onInterestFinalize interest=/localhost/nfd/fib/remove-nexthop/h%12%07%0C%08%04test%08%04pingi%02%01%05/%00%00%01ix%F9%A2%AA/%F1%8E%B9%DD%60%F4K%8E/%16%1C%1B%01%01%1C%17%07%15%08%04root%08%03KEY%08%08%91%0E%B3F%29%8B%C2%D5/%17%FD%01%00%00Bo%40%09%28%9D%F68i%83%A2%BD%8E%FFK%7B%DA%F3%89%AAq%B70%DF%CC-%86%01%2B4%60%D0~%AE%9B%21%FD%24SA%80%AB%A2%A7%8C%E5%B0%A1%9BE%7C%AE%EA%DB%EDX%84%29%7B%B9%28%D6%2A%E6%AE%05%A3%94%07%EFy%02V%B9%DEH%1ES%C8M%02%5Bb%0FuC%97%29%04z%16%8F%27%DBI%DD%9D%F1O%E1%5B%5C%FC%EB%60%E8%0Fd%A4Qwfu%ADMr%3E%D8-%B1%CCm%10%3B7%28R%DD%89%F1%E3%F3v%20%C2%CF%DEl%DC%D5%3C%29ie8%F3%B9d%D3%18%F5%B7%1Fb%B2%2F%CA%B2%F6%1E%EC%BC%A2%E2%94a%80l%CE%00%15%94%3A6%EC%86%2B%D9%95%C7%99n%11%9F%A7R%F08%1C%A7%08e%89%CB%3F2M%8B%C1%95%E4%82%83G%80%E7%88%88%D6v%5Cjp%A5G%B4%8F%14x%2B%03%C5%DE%1DJDe%E1%A4%14Ah%A8%C9%27%C9nF%D2i%86%E9%8C%C0%DA%1E.S%EFt%A2i%3A%89p satisfied
1552512819.893765 DEBUG: [nfd.Forwarder] onInterestFinalize interest=/localhost/nfd/faces/events/%FE%07 satisfied
1552512819.893811 DEBUG: [nfd.Forwarder] onIncomingInterest face=258 interest=/localhost/nfd/faces/events/%FE%08
1552512819.893834 DEBUG: [nfd.ContentStore] find /localhost/nfd/faces/events/%FE%08 L
1552512819.893857 DEBUG: [nfd.ContentStore]   no-match
1552512819.893864 DEBUG: [nfd.Forwarder] onContentStoreMiss interest=/localhost/nfd/faces/events/%FE%08
1552512819.893879 DEBUG: [nfd.Forwarder] onOutgoingInterest face=1 interest=/localhost/nfd/faces/events/%FE%08
1552512844.448580 INFO: [nfd.TcpTransport] [id=0,local=tcp4://127.0.0.1:6363,remote=tcp4://127.0.0.1:39560] Creating transport
1552512844.448601 INFO: [nfd.FaceTable] Added face id=263 remote=tcp4://127.0.0.1:39560 local=tcp4://127.0.0.1:6363
1552512844.451085 DEBUG: [nfd.Forwarder] onIncomingData face=1 data=/localhost/nfd/faces/events/%FE%08
1552512844.451107 DEBUG: [nfd.ContentStore] insert /localhost/nfd/faces/events/%FE%08
1552512844.451114 DEBUG: [nfd.Forwarder] onIncomingData matching=/localhost/nfd/faces/events/%FE%08
1552512844.451137 DEBUG: [nfd.Forwarder] onOutgoingData face=258 data=/localhost/nfd/faces/events/%FE%08
1552512844.451181 DEBUG: [nfd.Forwarder] onInterestFinalize interest=/localhost/nfd/faces/events/%FE%08 satisfied
1552512844.451291 DEBUG: [nfd.Forwarder] onIncomingInterest face=258 interest=/localhost/nfd/faces/events/%FE%09
1552512844.451320 DEBUG: [nfd.ContentStore] find /localhost/nfd/faces/events/%FE%09 L
1552512844.451338 DEBUG: [nfd.ContentStore]   no-match
1552512844.451343 DEBUG: [nfd.Forwarder] onContentStoreMiss interest=/localhost/nfd/faces/events/%FE%09
1552512844.451355 DEBUG: [nfd.Forwarder] onOutgoingInterest face=1 interest=/localhost/nfd/faces/events/%FE%09
1552512844.452343 DEBUG: [nfd.Forwarder] onIncomingInterest face=263 interest=/localhost/nfd/rib/register/h%0B%07%09%08%04test%08%01g/%00%00%01ix%FA%02%93/%5B%EE%8C%2A%014%23I/%16%1C%1B%01%01%1C%17%07%15%08%04root%08%03KEY%08%08%91%0E%B3F%29%8B%C2%D5/%17%00
1552512844.452373 DEBUG: [nfd.ContentStore] find /localhost/nfd/rib/register/h%0B%07%09%08%04test%08%01g/%00%00%01ix%FA%02%93/%5B%EE%8C%2A%014%23I/%16%1C%1B%01%01%1C%17%07%15%08%04root%08%03KEY%08%08%91%0E%B3F%29%8B%C2%D5/%17%00 L
1552512844.452391 DEBUG: [nfd.ContentStore]   no-match
1552512844.452396 DEBUG: [nfd.Forwarder] onContentStoreMiss interest=/localhost/nfd/rib/register/h%0B%07%09%08%04test%08%01g/%00%00%01ix%FA%02%93/%5B%EE%8C%2A%014%23I/%16%1C%1B%01%01%1C%17%07%15%08%04root%08%03KEY%08%08%91%0E%B3F%29%8B%C2%D5/%17%00
1552512844.452411 DEBUG: [nfd.Forwarder] onOutgoingInterest face=258 interest=/localhost/nfd/rib/register/h%0B%07%09%08%04test%08%01g/%00%00%01ix%FA%02%93/%5B%EE%8C%2A%014%23I/%16%1C%1B%01%01%1C%17%07%15%08%04root%08%03KEY%08%08%91%0E%B3F%29%8B%C2%D5/%17%00
1552512844.454436 INFO: [nfd.RibManager] Adding route /test/g nexthop=263 origin=app cost=0
1552512844.457505 DEBUG: [nfd.Forwarder] onIncomingData face=258 data=/localhost/nfd/rib/register/h%0B%07%09%08%04test%08%01g/%00%00%01ix%FA%02%93/%5B%EE%8C%2A%014%23I/%16%1C%1B%01%01%1C%17%07%15%08%04root%08%03KEY%08%08%91%0E%B3F%29%8B%C2%D5/%17%00
1552512844.457557 DEBUG: [nfd.ContentStore] insert /localhost/nfd/rib/register/h%0B%07%09%08%04test%08%01g/%00%00%01ix%FA%02%93/%5B%EE%8C%2A%014%23I/%16%1C%1B%01%01%1C%17%07%15%08%04root%08%03KEY%08%08%91%0E%B3F%29%8B%C2%D5/%17%00
1552512844.457584 DEBUG: [nfd.Forwarder] onIncomingData matching=/localhost/nfd/rib/register/h%0B%07%09%08%04test%08%01g/%00%00%01ix%FA%02%93/%5B%EE%8C%2A%014%23I/%16%1C%1B%01%01%1C%17%07%15%08%04root%08%03KEY%08%08%91%0E%B3F%29%8B%C2%D5/%17%00
1552512844.457616 DEBUG: [nfd.Forwarder] onOutgoingData face=263 data=/localhost/nfd/rib/register/h%0B%07%09%08%04test%08%01g/%00%00%01ix%FA%02%93/%5B%EE%8C%2A%014%23I/%16%1C%1B%01%01%1C%17%07%15%08%04root%08%03KEY%08%08%91%0E%B3F%29%8B%C2%D5/%17%00
1552512844.457710 DEBUG: [nfd.Forwarder] onIncomingInterest face=258 interest=/localhost/nfd/fib/add-nexthop/h%12%07%09%08%04test%08%01gi%02%01%07j%01%00/%00%00%01ix%FA%02%A6/h%CEQ%11%1D%EE%0Bz/%16%1C%1B%01%01%1C%17%07%15%08%04root%08%03KEY%08%08%91%0E%B3F%29%8B%C2%D5/%17%FD%01%00%8A%FF%89d%15%5Eo%07%F9%17ir%0A%A1%05%C3p%D9%2A%DC%98%B3%9B%D8%19%F7%10o%E2%253%1E%24%C0%E8%2C4s%90%15%3D%96%CC%B0%C1SB%0E%1D%5C%E88w8%D9%2C%B0%DF%F4G%C1un-%02%E8%9B%98%8D%DD%E4%E5%93%8A%F9%A1%1C%F8%03%CC%FE~J%CB%0D7D%15%19%B2%9C%5E%DBS%14%EA%C6%0C%F6%A06%B1%99M%9A%98%8C%3AW%1F%DBN%BC%8Es%D1%C1%83B%82%0FQF%F6%88%1D%7F%9Cw%9D%9D%F0d%92%95%FB%F0%C0%0A%B1%D4%97%BC5c%00y%E3%06%AD%E6FuqM%22%93%98%D2d%BA%E5%F9%A8%8B%E5%AA%E4T%06%FA%0DB%606%25m%F7%FAcp%E2%D0~%E8%3E%E9%5B%84%2F%E7%9D%3B2%E5%05%06%8DH%93%8A%CD%97%2B%D5%FB%B6%C4%3F%B5Bc%9F%FF%A3%15%25%26%9A%86%E1%C5%8B%5B%3C%86%0F%24%12Sd%5D%83Q%91%E4%7B%C2%9A%96%29%2Bl%00b%EAgzo%C8%1C%EB%D9QC%97
1552512844.457782 DEBUG: [nfd.ContentStore] find /localhost/nfd/fib/add-nexthop/h%12%07%09%08%04test%08%01gi%02%01%07j%01%00/%00%00%01ix%FA%02%A6/h%CEQ%11%1D%EE%0Bz/%16%1C%1B%01%01%1C%17%07%15%08%04root%08%03KEY%08%08%91%0E%B3F%29%8B%C2%D5/%17%FD%01%00%8A%FF%89d%15%5Eo%07%F9%17ir%0A%A1%05%C3p%D9%2A%DC%98%B3%9B%D8%19%F7%10o%E2%253%1E%24%C0%E8%2C4s%90%15%3D%96%CC%B0%C1SB%0E%1D%5C%E88w8%D9%2C%B0%DF%F4G%C1un-%02%E8%9B%98%8D%DD%E4%E5%93%8A%F9%A1%1C%F8%03%CC%FE~J%CB%0D7D%15%19%B2%9C%5E%DBS%14%EA%C6%0C%F6%A06%B1%99M%9A%98%8C%3AW%1F%DBN%BC%8Es%D1%C1%83B%82%0FQF%F6%88%1D%7F%9Cw%9D%9D%F0d%92%95%FB%F0%C0%0A%B1%D4%97%BC5c%00y%E3%06%AD%E6FuqM%22%93%98%D2d%BA%E5%F9%A8%8B%E5%AA%E4T%06%FA%0DB%606%25m%F7%FAcp%E2%D0~%E8%3E%E9%5B%84%2F%E7%9D%3B2%E5%05%06%8DH%93%8A%CD%97%2B%D5%FB%B6%C4%3F%B5Bc%9F%FF%A3%15%25%26%9A%86%E1%C5%8B%5B%3C%86%0F%24%12Sd%5D%83Q%91%E4%7B%C2%9A%96%29%2Bl%00b%EAgzo%C8%1C%EB%D9QC%97 L
1552512844.457845 DEBUG: [nfd.ContentStore]   no-match
1552512844.457856 DEBUG: [nfd.Forwarder] onContentStoreMiss interest=/localhost/nfd/fib/add-nexthop/h%12%07%09%08%04test%08%01gi%02%01%07j%01%00/%00%00%01ix%FA%02%A6/h%CEQ%11%1D%EE%0Bz/%16%1C%1B%01%01%1C%17%07%15%08%04root%08%03KEY%08%08%91%0E%B3F%29%8B%C2%D5/%17%FD%01%00%8A%FF%89d%15%5Eo%07%F9%17ir%0A%A1%05%C3p%D9%2A%DC%98%B3%9B%D8%19%F7%10o%E2%253%1E%24%C0%E8%2C4s%90%15%3D%96%CC%B0%C1SB%0E%1D%5C%E88w8%D9%2C%B0%DF%F4G%C1un-%02%E8%9B%98%8D%DD%E4%E5%93%8A%F9%A1%1C%F8%03%CC%FE~J%CB%0D7D%15%19%B2%9C%5E%DBS%14%EA%C6%0C%F6%A06%B1%99M%9A%98%8C%3AW%1F%DBN%BC%8Es%D1%C1%83B%82%0FQF%F6%88%1D%7F%9Cw%9D%9D%F0d%92%95%FB%F0%C0%0A%B1%D4%97%BC5c%00y%E3%06%AD%E6FuqM%22%93%98%D2d%BA%E5%F9%A8%8B%E5%AA%E4T%06%FA%0DB%606%25m%F7%FAcp%E2%D0~%E8%3E%E9%5B%84%2F%E7%9D%3B2%E5%05%06%8DH%93%8A%CD%97%2B%D5%FB%B6%C4%3F%B5Bc%9F%FF%A3%15%25%26%9A%86%E1%C5%8B%5B%3C%86%0F%24%12Sd%5D%83Q%91%E4%7B%C2%9A%96%29%2Bl%00b%EAgzo%C8%1C%EB%D9QC%97
1552512844.457910 DEBUG: [nfd.Forwarder] onOutgoingInterest face=1 interest=/localhost/nfd/fib/add-nexthop/h%12%07%09%08%04test%08%01gi%02%01%07j%01%00/%00%00%01ix%FA%02%A6/h%CEQ%11%1D%EE%0Bz/%16%1C%1B%01%01%1C%17%07%15%08%04root%08%03KEY%08%08%91%0E%B3F%29%8B%C2%D5/%17%FD%01%00%8A%FF%89d%15%5Eo%07%F9%17ir%0A%A1%05%C3p%D9%2A%DC%98%B3%9B%D8%19%F7%10o%E2%253%1E%24%C0%E8%2C4s%90%15%3D%96%CC%B0%C1SB%0E%1D%5C%E88w8%D9%2C%B0%DF%F4G%C1un-%02%E8%9B%98%8D%DD%E4%E5%93%8A%F9%A1%1C%F8%03%CC%FE~J%CB%0D7D%15%19%B2%9C%5E%DBS%14%EA%C6%0C%F6%A06%B1%99M%9A%98%8C%3AW%1F%DBN%BC%8Es%D1%C1%83B%82%0FQF%F6%88%1D%7F%9Cw%9D%9D%F0d%92%95%FB%F0%C0%0A%B1%D4%97%BC5c%00y%E3%06%AD%E6FuqM%22%93%98%D2d%BA%E5%F9%A8%8B%E5%AA%E4T%06%FA%0DB%606%25m%F7%FAcp%E2%D0~%E8%3E%E9%5B%84%2F%E7%9D%3B2%E5%05%06%8DH%93%8A%CD%97%2B%D5%FB%B6%C4%3F%B5Bc%9F%FF%A3%15%25%26%9A%86%E1%C5%8B%5B%3C%86%0F%24%12Sd%5D%83Q%91%E4%7B%C2%9A%96%29%2Bl%00b%EAgzo%C8%1C%EB%D9QC%97
1552512844.458010 DEBUG: [nfd.Forwarder] onInterestFinalize interest=/localhost/nfd/rib/register/h%0B%07%09%08%04test%08%01g/%00%00%01ix%FA%02%93/%5B%EE%8C%2A%014%23I/%16%1C%1B%01%01%1C%17%07%15%08%04root%08%03KEY%08%08%91%0E%B3F%29%8B%C2%D5/%17%00 satisfied
1552512844.461270 DEBUG: [nfd.Forwarder] onIncomingData face=1 data=/localhost/nfd/fib/add-nexthop/h%12%07%09%08%04test%08%01gi%02%01%07j%01%00/%00%00%01ix%FA%02%A6/h%CEQ%11%1D%EE%0Bz/%16%1C%1B%01%01%1C%17%07%15%08%04root%08%03KEY%08%08%91%0E%B3F%29%8B%C2%D5/%17%FD%01%00%8A%FF%89d%15%5Eo%07%F9%17ir%0A%A1%05%C3p%D9%2A%DC%98%B3%9B%D8%19%F7%10o%E2%253%1E%24%C0%E8%2C4s%90%15%3D%96%CC%B0%C1SB%0E%1D%5C%E88w8%D9%2C%B0%DF%F4G%C1un-%02%E8%9B%98%8D%DD%E4%E5%93%8A%F9%A1%1C%F8%03%CC%FE~J%CB%0D7D%15%19%B2%9C%5E%DBS%14%EA%C6%0C%F6%A06%B1%99M%9A%98%8C%3AW%1F%DBN%BC%8Es%D1%C1%83B%82%0FQF%F6%88%1D%7F%9Cw%9D%9D%F0d%92%95%FB%F0%C0%0A%B1%D4%97%BC5c%00y%E3%06%AD%E6FuqM%22%93%98%D2d%BA%E5%F9%A8%8B%E5%AA%E4T%06%FA%0DB%606%25m%F7%FAcp%E2%D0~%E8%3E%E9%5B%84%2F%E7%9D%3B2%E5%05%06%8DH%93%8A%CD%97%2B%D5%FB%B6%C4%3F%B5Bc%9F%FF%A3%15%25%26%9A%86%E1%C5%8B%5B%3C%86%0F%24%12Sd%5D%83Q%91%E4%7B%C2%9A%96%29%2Bl%00b%EAgzo%C8%1C%EB%D9QC%97
1552512844.461337 DEBUG: [nfd.ContentStore] insert /localhost/nfd/fib/add-nexthop/h%12%07%09%08%04test%08%01gi%02%01%07j%01%00/%00%00%01ix%FA%02%A6/h%CEQ%11%1D%EE%0Bz/%16%1C%1B%01%01%1C%17%07%15%08%04root%08%03KEY%08%08%91%0E%B3F%29%8B%C2%D5/%17%FD%01%00%8A%FF%89d%15%5Eo%07%F9%17ir%0A%A1%05%C3p%D9%2A%DC%98%B3%9B%D8%19%F7%10o%E2%253%1E%24%C0%E8%2C4s%90%15%3D%96%CC%B0%C1SB%0E%1D%5C%E88w8%D9%2C%B0%DF%F4G%C1un-%02%E8%9B%98%8D%DD%E4%E5%93%8A%F9%A1%1C%F8%03%CC%FE~J%CB%0D7D%15%19%B2%9C%5E%DBS%14%EA%C6%0C%F6%A06%B1%99M%9A%98%8C%3AW%1F%DBN%BC%8Es%D1%C1%83B%82%0FQF%F6%88%1D%7F%9Cw%9D%9D%F0d%92%95%FB%F0%C0%0A%B1%D4%97%BC5c%00y%E3%06%AD%E6FuqM%22%93%98%D2d%BA%E5%F9%A8%8B%E5%AA%E4T%06%FA%0DB%606%25m%F7%FAcp%E2%D0~%E8%3E%E9%5B%84%2F%E7%9D%3B2%E5%05%06%8DH%93%8A%CD%97%2B%D5%FB%B6%C4%3F%B5Bc%9F%FF%A3%15%25%26%9A%86%E1%C5%8B%5B%3C%86%0F%24%12Sd%5D%83Q%91%E4%7B%C2%9A%96%29%2Bl%00b%EAgzo%C8%1C%EB%D9QC%97
1552512844.461406 DEBUG: [nfd.Forwarder] onIncomingData matching=/localhost/nfd/fib/add-nexthop/h%12%07%09%08%04test%08%01gi%02%01%07j%01%00/%00%00%01ix%FA%02%A6/h%CEQ%11%1D%EE%0Bz/%16%1C%1B%01%01%1C%17%07%15%08%04root%08%03KEY%08%08%91%0E%B3F%29%8B%C2%D5/%17%FD%01%00%8A%FF%89d%15%5Eo%07%F9%17ir%0A%A1%05%C3p%D9%2A%DC%98%B3%9B%D8%19%F7%10o%E2%253%1E%24%C0%E8%2C4s%90%15%3D%96%CC%B0%C1SB%0E%1D%5C%E88w8%D9%2C%B0%DF%F4G%C1un-%02%E8%9B%98%8D%DD%E4%E5%93%8A%F9%A1%1C%F8%03%CC%FE~J%CB%0D7D%15%19%B2%9C%5E%DBS%14%EA%C6%0C%F6%A06%B1%99M%9A%98%8C%3AW%1F%DBN%BC%8Es%D1%C1%83B%82%0FQF%F6%88%1D%7F%9Cw%9D%9D%F0d%92%95%FB%F0%C0%0A%B1%D4%97%BC5c%00y%E3%06%AD%E6FuqM%22%93%98%D2d%BA%E5%F9%A8%8B%E5%AA%E4T%06%FA%0DB%606%25m%F7%FAcp%E2%D0~%E8%3E%E9%5B%84%2F%E7%9D%3B2%E5%05%06%8DH%93%8A%CD%97%2B%D5%FB%B6%C4%3F%B5Bc%9F%FF%A3%15%25%26%9A%86%E1%C5%8B%5B%3C%86%0F%24%12Sd%5D%83Q%91%E4%7B%C2%9A%96%29%2Bl%00b%EAgzo%C8%1C%EB%D9QC%97
1552512844.461487 DEBUG: [nfd.Forwarder] onOutgoingData face=258 data=/localhost/nfd/fib/add-nexthop/h%12%07%09%08%04test%08%01gi%02%01%07j%01%00/%00%00%01ix%FA%02%A6/h%CEQ%11%1D%EE%0Bz/%16%1C%1B%01%01%1C%17%07%15%08%04root%08%03KEY%08%08%91%0E%B3F%29%8B%C2%D5/%17%FD%01%00%8A%FF%89d%15%5Eo%07%F9%17ir%0A%A1%05%C3p%D9%2A%DC%98%B3%9B%D8%19%F7%10o%E2%253%1E%24%C0%E8%2C4s%90%15%3D%96%CC%B0%C1SB%0E%1D%5C%E88w8%D9%2C%B0%DF%F4G%C1un-%02%E8%9B%98%8D%DD%E4%E5%93%8A%F9%A1%1C%F8%03%CC%FE~J%CB%0D7D%15%19%B2%9C%5E%DBS%14%EA%C6%0C%F6%A06%B1%99M%9A%98%8C%3AW%1F%DBN%BC%8Es%D1%C1%83B%82%0FQF%F6%88%1D%7F%9Cw%9D%9D%F0d%92%95%FB%F0%C0%0A%B1%D4%97%BC5c%00y%E3%06%AD%E6FuqM%22%93%98%D2d%BA%E5%F9%A8%8B%E5%AA%E4T%06%FA%0DB%606%25m%F7%FAcp%E2%D0~%E8%3E%E9%5B%84%2F%E7%9D%3B2%E5%05%06%8DH%93%8A%CD%97%2B%D5%FB%B6%C4%3F%B5Bc%9F%FF%A3%15%25%26%9A%86%E1%C5%8B%5B%3C%86%0F%24%12Sd%5D%83Q%91%E4%7B%C2%9A%96%29%2Bl%00b%EAgzo%C8%1C%EB%D9QC%97
1552512844.461583 DEBUG: [nfd.Forwarder] onInterestFinalize interest=/localhost/nfd/fib/add-nexthop/h%12%07%09%08%04test%08%01gi%02%01%07j%01%00/%00%00%01ix%FA%02%A6/h%CEQ%11%1D%EE%0Bz/%16%1C%1B%01%01%1C%17%07%15%08%04root%08%03KEY%08%08%91%0E%B3F%29%8B%C2%D5/%17%FD%01%00%8A%FF%89d%15%5Eo%07%F9%17ir%0A%A1%05%C3p%D9%2A%DC%98%B3%9B%D8%19%F7%10o%E2%253%1E%24%C0%E8%2C4s%90%15%3D%96%CC%B0%C1SB%0E%1D%5C%E88w8%D9%2C%B0%DF%F4G%C1un-%02%E8%9B%98%8D%DD%E4%E5%93%8A%F9%A1%1C%F8%03%CC%FE~J%CB%0D7D%15%19%B2%9C%5E%DBS%14%EA%C6%0C%F6%A06%B1%99M%9A%98%8C%3AW%1F%DBN%BC%8Es%D1%C1%83B%82%0FQF%F6%88%1D%7F%9Cw%9D%9D%F0d%92%95%FB%F0%C0%0A%B1%D4%97%BC5c%00y%E3%06%AD%E6FuqM%22%93%98%D2d%BA%E5%F9%A8%8B%E5%AA%E4T%06%FA%0DB%606%25m%F7%FAcp%E2%D0~%E8%3E%E9%5B%84%2F%E7%9D%3B2%E5%05%06%8DH%93%8A%CD%97%2B%D5%FB%B6%C4%3F%B5Bc%9F%FF%A3%15%25%26%9A%86%E1%C5%8B%5B%3C%86%0F%24%12Sd%5D%83Q%91%E4%7B%C2%9A%96%29%2Bl%00b%EAgzo%C8%1C%EB%D9QC%97 satisfied
1552512869.787902 DEBUG: [nfd.Forwarder] onIncomingInterest face=262 interest=/test/g/0
1552512869.787940 DEBUG: [nfd.ContentStore] find /test/g/0 L
1552512869.787963 DEBUG: [nfd.ContentStore]   no-match
1552512869.787974 DEBUG: [nfd.Forwarder] onContentStoreMiss interest=/test/g/0
1552512869.787994 DEBUG: [nfd.Forwarder] onOutgoingInterest face=263 interest=/test/g/0
1552512886.369509 DEBUG: [nfd.Forwarder] onIncomingInterest face=262 interest=/test/g/0
1552512886.369551 DEBUG: [nfd.Forwarder] onContentStoreMiss interest=/test/g/0
1552512886.369584 DEBUG: [nfd.Forwarder] onOutgoingInterest face=263 interest=/test/g/0
1552512904.450451 DEBUG: [nfd.Forwarder] onInterestFinalize interest=/localhost/nfd/faces/events/%FE%09 unsatisfied
1552512904.451378 DEBUG: [nfd.Forwarder] onIncomingInterest face=258 interest=/localhost/nfd/faces/events
1552512904.451419 DEBUG: [nfd.ContentStore] find /localhost/nfd/faces/events L
1552512904.451443 DEBUG: [nfd.ContentStore]   no-match
1552512904.451448 DEBUG: [nfd.Forwarder] onContentStoreMiss interest=/localhost/nfd/faces/events
1552512904.451463 DEBUG: [nfd.Forwarder] onOutgoingInterest face=1 interest=/localhost/nfd/faces/events
1552512910.054340 DEBUG: [nfd.Forwarder] onIncomingData face=263 data=/test/g/0
1552512910.054391 DEBUG: [nfd.ContentStore] insert /test/g/0
1552512910.054410 DEBUG: [nfd.Forwarder] onIncomingData matching=/test/g/0
1552512910.054455 DEBUG: [nfd.Forwarder] onOutgoingData face=262 data=/test/g/0
1552512910.054587 DEBUG: [nfd.Forwarder] onInterestFinalize interest=/test/g/0 satisfied
1552512920.055646 DEBUG: [nfd.Forwarder] onIncomingData face=263 data=/test/g/0
1552512920.055694 DEBUG: [nfd.Forwarder] onDataUnsolicited face=263 data=/test/g/0 decision=drop
