NFD version 0.6.5 starting
Built with GNU C++ version 7.3.0, with GNU libstdc++ version 20180720, with Boost version 1.65.1, with libpcap version 1.8.1, with WebSocket++ version 0.8.1, with ndn-cxx version 0.6.5
1552512724.133128 DEBUG: [nfd.ContentStore] set-policy lru
1552512724.133154 INFO: [nfd.CsPolicy] setLimit 10
1552512724.133208 INFO: [nfd.StrategyChoice] setDefaultStrategy /localhost/nfd/strategy/best-route/%FD%05
1552512724.134776 INFO: [nfd.InternalForwarderTransport] [id=0,local=null://,remote=null://] Creating transport
1552512724.134801 INFO: [nfd.FaceTable] Added face id=255 remote=null:// local=null://
1552512724.134813 INFO: [nfd.InternalForwarderTransport] [id=0,local=contentstore://,remote=contentstore://] Creating transport
1552512724.134818 INFO: [nfd.FaceTable] Added face id=254 remote=contentstore:// local=contentstore://
1552512724.134853 INFO: [nfd.InternalForwarderTransport] [id=0,local=internal://,remote=internal://] Creating transport
1552512724.134911 INFO: [nfd.FaceTable] Added face id=1 remote=internal:// local=internal://
1552512724.135476 WARNING: [nfd.CommandAuthenticator] 'certfile any' is intended for demo purposes only and SHOULD NOT be used in production environments
1552512724.135759 INFO: [nfd.StrategyChoice] changeStrategy(/ndn/broadcast) /localhost/nfd/strategy/best-route/%FD%05 -> /localhost/nfd/strategy/multicast/%FD%03
1552512724.135807 INFO: [nfd.StrategyChoice] changeStrategy(/localhost) /localhost/nfd/strategy/best-route/%FD%05 -> /localhost/nfd/strategy/multicast/%FD%03
1552512724.135840 INFO: [nfd.StrategyChoice] changeStrategy(/localhost/nfd) /localhost/nfd/strategy/multicast/%FD%03 -> /localhost/nfd/strategy/best-route/%FD%05
1552512724.135871 INFO: [nfd.CsPolicy] setLimit 65536
1552512724.135881 DEBUG: [nfd.ContentStore] set-policy lru
1552512724.135888 INFO: [nfd.CsPolicy] setLimit 65536
1552512724.135909 INFO: [nfd.EthernetFactory] enabling multicast on 01:00:5e:00:17:aa
1552512724.135949 INFO: [nfd.TcpChannel] [tcp4://0.0.0.0:6363] Creating channel
1552512724.136002 INFO: [nfd.TcpChannel] [tcp6://[::]:6363] Creating channel
1552512724.136090 INFO: [nfd.UdpChannel] [udp4://0.0.0.0:6363] Creating channel
1552512724.136142 INFO: [nfd.UdpChannel] [udp6://[::]:6363] Creating channel
1552512724.136189 INFO: [nfd.UdpFactory] enabling multicast on 224.0.23.170:56363
1552512724.136215 INFO: [nfd.UdpFactory] enabling multicast on [ff02::1234]:56363
1552512724.136326 INFO: [nfd.UnixStreamChannel] [unix:///run/nfd.sock] Creating channel
1552512724.136464 INFO: [nfd.WebSocketChannel] [ws://0.0.0.0:9696] Creating channel
1552512724.136542 INFO: [nfd.WebSocketChannel] [ws://[::]:9696] Creating channel
1552512724.136602 INFO: [nfd.CommandAuthenticator] clear-authorizations
1552512724.136648 WARNING: [nfd.CommandAuthenticator] 'certfile any' is intended for demo purposes only and SHOULD NOT be used in production environments
1552512724.136670 INFO: [nfd.CommandAuthenticator] authorize module=faces signer=any
1552512724.136690 INFO: [nfd.CommandAuthenticator] authorize module=fib signer=any
1552512724.136705 INFO: [nfd.CommandAuthenticator] authorize module=cs signer=any
1552512724.136716 INFO: [nfd.CommandAuthenticator] authorize module=strategy-choice signer=any
1552512724.137079 INFO: [nfd.EthernetChannel] [dev://eth0] Creating channel
1552512724.147917 INFO: [nfd.RibManager] Start monitoring face create/destroy events
1552512724.235415 INFO: [nfd.MulticastEthernetTransport] [id=0,local=dev://eth0,remote=ether://[01:00:5e:00:17:aa]] Creating transport
1552512724.235884 INFO: [nfd.FaceTable] Added face id=256 remote=ether://[01:00:5e:00:17:aa] local=dev://eth0
1552512724.241191 INFO: [nfd.EthernetChannel] [dev://eth1] Creating channel
1552512724.323425 INFO: [nfd.MulticastEthernetTransport] [id=0,local=dev://eth1,remote=ether://[01:00:5e:00:17:aa]] Creating transport
1552512724.324035 INFO: [nfd.FaceTable] Added face id=257 remote=ether://[01:00:5e:00:17:aa] local=dev://eth1
1552512724.328205 INFO: [nfd.UnixStreamTransport] [id=0,local=unix:///run/nfd.sock,remote=fd://30] Creating transport
1552512724.328231 INFO: [nfd.FaceTable] Added face id=258 remote=fd://30 local=unix:///run/nfd.sock
1552512724.331898 DEBUG: [nfd.Forwarder] onIncomingData face=1 data=/localhost/nfd/faces/events/%FE%00
1552512724.331921 DEBUG: [nfd.Forwarder] onDataUnsolicited face=1 data=/localhost/nfd/faces/events/%FE%00 decision=drop
1552512724.331939 DEBUG: [nfd.Forwarder] onIncomingData face=1 data=/localhost/nfd/faces/events/%FE%01
1552512724.331952 DEBUG: [nfd.Forwarder] onDataUnsolicited face=1 data=/localhost/nfd/faces/events/%FE%01 decision=drop
1552512724.331982 DEBUG: [nfd.Forwarder] onIncomingInterest face=258 interest=/localhost/nfd/fib/add-nexthop/h%1A%07%15%08%09localhost%08%03nfd%08%03ribi%01%00/%00%00%01ix%F8%2C%AA/%C4%A7mt%C6%B2uF/%16%1C%1B%01%01%1C%17%07%15%08%04root%08%03KEY%08%08%91%0E%B3F%29%8B%C2%D5/%17%FD%01%009%B9%2A%EB%1C%05%8AJ%12%D6%F8%BB%9E%03~%A0%8D%FD%1CO%BA%A7%82Q%8F%05%C0%85%C0%B4%7D%A4%E73%06%9Fl%82%29.f%DB%A4%8E%12%D4%29%92%C5%80%08%23%8A%0B_3d%7Fx_q%5C%AE%B9%AD%1Fl%E1%8EC%D2%CA%BC%D0%ADHhn%06z%80%29%EB%E2%96%E8c00%A04%3F%3A%EA%DF%F9L%96R%875J%BBr%C3%CF%5EUR%0A%DC%DEz5%BE%3C%EF%F1y%BD%15%B5%E2%BCq%B9h%F5%F3%80m%C4%98%DCv%3C%5B%CAq%2B%22%C2%E0p%85%1B%B4E%F8%EF%D9%83A%8C%1C%83%29%8A%8D%1F%D0%24%60%28%A5%3A%A3%CD%94%C3%5D%D0%89%A7h%E2%DD%1E%7FJ%BD%E8%A54%CF%E6%E0%1C%94%FD%E6%86%3F%90%EA%0C%9E%8A%2F%CD%2F%047%C6%DE%3Bb%5B%08%3D%80%B0%FB%E7s%D5o%9FX%02%D9%B9%B9.%1BE%1F%9Ey%C6%B8%FB%3FY%CF%AB%84%B8vx%D1%ADQ-E%BF%B5%90V%1FP%BA%B5%E5%D1%81
1552512724.332065 DEBUG: [nfd.ContentStore] find /localhost/nfd/fib/add-nexthop/h%1A%07%15%08%09localhost%08%03nfd%08%03ribi%01%00/%00%00%01ix%F8%2C%AA/%C4%A7mt%C6%B2uF/%16%1C%1B%01%01%1C%17%07%15%08%04root%08%03KEY%08%08%91%0E%B3F%29%8B%C2%D5/%17%FD%01%009%B9%2A%EB%1C%05%8AJ%12%D6%F8%BB%9E%03~%A0%8D%FD%1CO%BA%A7%82Q%8F%05%C0%85%C0%B4%7D%A4%E73%06%9Fl%82%29.f%DB%A4%8E%12%D4%29%92%C5%80%08%23%8A%0B_3d%7Fx_q%5C%AE%B9%AD%1Fl%E1%8EC%D2%CA%BC%D0%ADHhn%06z%80%29%EB%E2%96%E8c00%A04%3F%3A%EA%DF%F9L%96R%875J%BBr%C3%CF%5EUR%0A%DC%DEz5%BE%3C%EF%F1y%BD%15%B5%E2%BCq%B9h%F5%F3%80m%C4%98%DCv%3C%5B%CAq%2B%22%C2%E0p%85%1B%B4E%F8%EF%D9%83A%8C%1C%83%29%8A%8D%1F%D0%24%60%28%A5%3A%A3%CD%94%C3%5D%D0%89%A7h%E2%DD%1E%7FJ%BD%E8%A54%CF%E6%E0%1C%94%FD%E6%86%3F%90%EA%0C%9E%8A%2F%CD%2F%047%C6%DE%3Bb%5B%08%3D%80%B0%FB%E7s%D5o%9FX%02%D9%B9%B9.%1BE%1F%9Ey%C6%B8%FB%3FY%CF%AB%84%B8vx%D1%ADQ-E%BF%B5%90V%1FP%BA%B5%E5%D1%81 L
1552512724.332130 DEBUG: [nfd.ContentStore]   no-match
1552512724.332143 DEBUG: [nfd.Forwarder] onContentStoreMiss interest=/localhost/nfd/fib/add-nexthop/h%1A%07%15%08%09localhost%08%03nfd%08%03ribi%01%00/%00%00%01ix%F8%2C%AA/%C4%A7mt%C6%B2uF/%16%1C%1B%01%01%1C%17%07%15%08%04root%08%03KEY%08%08%91%0E%B3F%29%8B%C2%D5/%17%FD%01%009%B9%2A%EB%1C%05%8AJ%12%D6%F8%BB%9E%03~%A0%8D%FD%1CO%BA%A7%82Q%8F%05%C0%85%C0%B4%7D%A4%E73%06%9Fl%82%29.f%DB%A4%8E%12%D4%29%92%C5%80%08%23%8A%0B_3d%7Fx_q%5C%AE%B9%AD%1Fl%E1%8EC%D2%CA%BC%D0%ADHhn%06z%80%29%EB%E2%96%E8c00%A04%3F%3A%EA%DF%F9L%96R%875J%BBr%C3%CF%5EUR%0A%DC%DEz5%BE%3C%EF%F1y%BD%15%B5%E2%BCq%B9h%F5%F3%80m%C4%98%DCv%3C%5B%CAq%2B%22%C2%E0p%85%1B%B4E%F8%EF%D9%83A%8C%1C%83%29%8A%8D%1F%D0%24%60%28%A5%3A%A3%CD%94%C3%5D%D0%89%A7h%E2%DD%1E%7FJ%BD%E8%A54%CF%E6%E0%1C%94%FD%E6%86%3F%90%EA%0C%9E%8A%2F%CD%2F%047%C6%DE%3Bb%5B%08%3D%80%B0%FB%E7s%D5o%9FX%02%D9%B9%B9.%1BE%1F%9Ey%C6%B8%FB%3FY%CF%AB%84%B8vx%D1%ADQ-E%BF%B5%90V%1FP%BA%B5%E5%D1%81
1552512724.332206 DEBUG: [nfd.Forwarder] onOutgoingInterest face=1 interest=/localhost/nfd/fib/add-nexthop/h%1A%07%15%08%09localhost%08%03nfd%08%03ribi%01%00/%00%00%01ix%F8%2C%AA/%C4%A7mt%C6%B2uF/%16%1C%1B%01%01%1C%17%07%15%08%04root%08%03KEY%08%08%91%0E%B3F%29%8B%C2%D5/%17%FD%01%009%B9%2A%EB%1C%05%8AJ%12%D6%F8%BB%9E%03~%A0%8D%FD%1CO%BA%A7%82Q%8F%05%C0%85%C0%B4%7D%A4%E73%06%9Fl%82%29.f%DB%A4%8E%12%D4%29%92%C5%80%08%23%8A%0B_3d%7Fx_q%5C%AE%B9%AD%1Fl%E1%8EC%D2%CA%BC%D0%ADHhn%06z%80%29%EB%E2%96%E8c00%A04%3F%3A%EA%DF%F9L%96R%875J%BBr%C3%CF%5EUR%0A%DC%DEz5%BE%3C%EF%F1y%BD%15%B5%E2%BCq%B9h%F5%F3%80m%C4%98%DCv%3C%5B%CAq%2B%22%C2%E0p%85%1B%B4E%F8%EF%D9%83A%8C%1C%83%29%8A%8D%1F%D0%24%60%28%A5%3A%A3%CD%94%C3%5D%D0%89%A7h%E2%DD%1E%7FJ%BD%E8%A54%CF%E6%E0%1C%94%FD%E6%86%3F%90%EA%0C%9E%8A%2F%CD%2F%047%C6%DE%3Bb%5B%08%3D%80%B0%FB%E7s%D5o%9FX%02%D9%B9%B9.%1BE%1F%9Ey%C6%B8%FB%3FY%CF%AB%84%B8vx%D1%ADQ-E%BF%B5%90V%1FP%BA%B5%E5%D1%81
1552512724.332289 DEBUG: [nfd.Forwarder] onIncomingInterest face=258 interest=/localhost/nfd/faces/events
1552512724.332313 DEBUG: [nfd.ContentStore] find /localhost/nfd/faces/events L
1552512724.332321 DEBUG: [nfd.ContentStore]   no-match
1552512724.332324 DEBUG: [nfd.Forwarder] onContentStoreMiss interest=/localhost/nfd/faces/events
1552512724.332337 DEBUG: [nfd.Forwarder] onOutgoingInterest face=1 interest=/localhost/nfd/faces/events
1552512724.332380 DEBUG: [nfd.Forwarder] onIncomingInterest face=258 interest=/localhost/nfd/faces/update/h%06l%01%01p%01%01/%00%00%01ix%F8%2C%B3/%3BGUR%F2%80%AF%B4/%16%1C%1B%01%01%1C%17%07%15%08%04root%08%03KEY%08%08%91%0E%B3F%29%8B%C2%D5/%17%FD%01%00%12%3E%A5%F9%D9%88%E1%8E%B3%A5%C4%8F5%12%29%17E%23%FD%F0%A1%0D%85%12a%B7g%C1%BA%29%0E%5B%25%05K3T%3B%DC%CE%AAp%AAqP%07%86h%EC%C16%28%AF%B6%20%A4%14%8A%3B8%A0s3%BB%E2%E9%E9m%C4%C4%9E%D5%DE%09%29%FB%7F%09%1BL%0AyS%AF%D5%D1Y%F9sW%2C%11%95%BB%E7%BD%3A%F6%04%CB%BF%C2%FB%21%FDNm%BF%AA%11%B9%B4%A3%9A%8E%C3%0B%FF%B0%B7%8D%E4%02%21%D4%E6%08%40%EFP%21JX%8A%BF%BC%10wz%B7%E9%8B%16%C6%8C%88V7%CB%84Z%2F%E3%B6y%91%C5%B3%C5%B6G%FE%FA%FA%29%FE%08%11J%AF%88R%1D%C7%C7%11W%86%2C%DAF%2F6%AE%0A%0C%2Bw%D2%D5%03%5E%9B%B8%E21%2Bl%E5D%E73%89%0D%A2%9AW5z%09%A4%95%18i%7D%BE%C6%B0%60%13%BA%F7%86L%EF%1A%FFd_%DC%5C%A7%E1%21Y%25%EBA%DC%24%ECFq%A9%17%06%12%25%5B%3E%84%99%8B%D4%A7%B1
1552512724.332458 DEBUG: [nfd.ContentStore] find /localhost/nfd/faces/update/h%06l%01%01p%01%01/%00%00%01ix%F8%2C%B3/%3BGUR%F2%80%AF%B4/%16%1C%1B%01%01%1C%17%07%15%08%04root%08%03KEY%08%08%91%0E%B3F%29%8B%C2%D5/%17%FD%01%00%12%3E%A5%F9%D9%88%E1%8E%B3%A5%C4%8F5%12%29%17E%23%FD%F0%A1%0D%85%12a%B7g%C1%BA%29%0E%5B%25%05K3T%3B%DC%CE%AAp%AAqP%07%86h%EC%C16%28%AF%B6%20%A4%14%8A%3B8%A0s3%BB%E2%E9%E9m%C4%C4%9E%D5%DE%09%29%FB%7F%09%1BL%0AyS%AF%D5%D1Y%F9sW%2C%11%95%BB%E7%BD%3A%F6%04%CB%BF%C2%FB%21%FDNm%BF%AA%11%B9%B4%A3%9A%8E%C3%0B%FF%B0%B7%8D%E4%02%21%D4%E6%08%40%EFP%21JX%8A%BF%BC%10wz%B7%E9%8B%16%C6%8C%88V7%CB%84Z%2F%E3%B6y%91%C5%B3%C5%B6G%FE%FA%FA%29%FE%08%11J%AF%88R%1D%C7%C7%11W%86%2C%DAF%2F6%AE%0A%0C%2Bw%D2%D5%03%5E%9B%B8%E21%2Bl%E5D%E73%89%0D%A2%9AW5z%09%A4%95%18i%7D%BE%C6%B0%60%13%BA%F7%86L%EF%1A%FFd_%DC%5C%A7%E1%21Y%25%EBA%DC%24%ECFq%A9%17%06%12%25%5B%3E%84%99%8B%D4%A7%B1 L
1552512724.332538 DEBUG: [nfd.ContentStore]   no-match
1552512724.332548 DEBUG: [nfd.Forwarder] onContentStoreMiss interest=/localhost/nfd/faces/update/h%06l%01%01p%01%01/%00%00%01ix%F8%2C%B3/%3BGUR%F2%80%AF%B4/%16%1C%1B%01%01%1C%17%07%15%08%04root%08%03KEY%08%08%91%0E%B3F%29%8B%C2%D5/%17%FD%01%00%12%3E%A5%F9%D9%88%E1%8E%B3%A5%C4%8F5%12%29%17E%23%FD%F0%A1%0D%85%12a%B7g%C1%BA%29%0E%5B%25%05K3T%3B%DC%CE%AAp%AAqP%07%86h%EC%C16%28%AF%B6%20%A4%14%8A%3B8%A0s3%BB%E2%E9%E9m%C4%C4%9E%D5%DE%09%29%FB%7F%09%1BL%0AyS%AF%D5%D1Y%F9sW%2C%11%95%BB%E7%BD%3A%F6%04%CB%BF%C2%FB%21%FDNm%BF%AA%11%B9%B4%A3%9A%8E%C3%0B%FF%B0%B7%8D%E4%02%21%D4%E6%08%40%EFP%21JX%8A%BF%BC%10wz%B7%E9%8B%16%C6%8C%88V7%CB%84Z%2F%E3%B6y%91%C5%B3%C5%B6G%FE%FA%FA%29%FE%08%11J%AF%88R%1D%C7%C7%11W%86%2C%DAF%2F6%AE%0A%0C%2Bw%D2%D5%03%5E%9B%B8%E21%2Bl%E5D%E73%89%0D%A2%9AW5z%09%A4%95%18i%7D%BE%C6%B0%60%13%BA%F7%86L%EF%1A%FFd_%DC%5C%A7%E1%21Y%25%EBA%DC%24%ECFq%A9%17%06%12%25%5B%3E%84%99%8B%D4%A7%B1
1552512724.332615 DEBUG: [nfd.Forwarder] onOutgoingInterest face=1 interest=/localhost/nfd/faces/update/h%06l%01%01p%01%01/%00%00%01ix%F8%2C%B3/%3BGUR%F2%80%AF%B4/%16%1C%1B%01%01%1C%17%07%15%08%04root%08%03KEY%08%08%91%0E%B3F%29%8B%C2%D5/%17%FD%01%00%12%3E%A5%F9%D9%88%E1%8E%B3%A5%C4%8F5%12%29%17E%23%FD%F0%A1%0D%85%12a%B7g%C1%BA%29%0E%5B%25%05K3T%3B%DC%CE%AAp%AAqP%07%86h%EC%C16%28%AF%B6%20%A4%14%8A%3B8%A0s3%BB%E2%E9%E9m%C4%C4%9E%D5%DE%09%29%FB%7F%09%1BL%0AyS%AF%D5%D1Y%F9sW%2C%11%95%BB%E7%BD%3A%F6%04%CB%BF%C2%FB%21%FDNm%BF%AA%11%B9%B4%A3%9A%8E%C3%0B%FF%B0%B7%8D%E4%02%21%D4%E6%08%40%EFP%21JX%8A%BF%BC%10wz%B7%E9%8B%16%C6%8C%88V7%CB%84Z%2F%E3%B6y%91%C5%B3%C5%B6G%FE%FA%FA%29%FE%08%11J%AF%88R%1D%C7%C7%11W%86%2C%DAF%2F6%AE%0A%0C%2Bw%D2%D5%03%5E%9B%B8%E21%2Bl%E5D%E73%89%0D%A2%9AW5z%09%A4%95%18i%7D%BE%C6%B0%60%13%BA%F7%86L%EF%1A%FFd_%DC%5C%A7%E1%21Y%25%EBA%DC%24%ECFq%A9%17%06%12%25%5B%3E%84%99%8B%D4%A7%B1
1552512724.332817 INFO: [nfd.MulticastUdpTransport] [id=0,local=udp4://10.0.2.10:47526,remote=udp4://224.0.23.170:56363] Creating transport
1552512724.332840 INFO: [nfd.FaceTable] Added face id=259 remote=udp4://224.0.23.170:56363 local=udp4://10.0.2.10:47526
1552512724.335638 INFO: [nfd.MulticastUdpTransport] [id=0,local=udp4://172.18.0.3:37863,remote=udp4://224.0.23.170:56363] Creating transport
1552512724.335654 INFO: [nfd.FaceTable] Added face id=260 remote=udp4://224.0.23.170:56363 local=udp4://172.18.0.3:37863
1552512724.344236 DEBUG: [nfd.Forwarder] onIncomingData face=1 data=/localhost/nfd/faces/events/%FE%02
1552512724.344258 DEBUG: [nfd.ContentStore] insert /localhost/nfd/faces/events/%FE%02
1552512724.344269 DEBUG: [nfd.Forwarder] onIncomingData matching=/localhost/nfd/faces/events
1552512724.344292 DEBUG: [nfd.Forwarder] onOutgoingData face=258 data=/localhost/nfd/faces/events/%FE%02
1552512724.344401 DEBUG: [nfd.Forwarder] onIncomingData face=1 data=/localhost/nfd/faces/events/%FE%03
1552512724.344420 DEBUG: [nfd.ContentStore] insert /localhost/nfd/faces/events/%FE%03
1552512724.344426 DEBUG: [nfd.Forwarder] onIncomingData matching=/localhost/nfd/faces/events
1552512724.344457 DEBUG: [nfd.Forwarder] onIncomingData face=1 data=/localhost/nfd/faces/events/%FE%04
1552512724.344471 DEBUG: [nfd.ContentStore] insert /localhost/nfd/faces/events/%FE%04
1552512724.344478 DEBUG: [nfd.Forwarder] onIncomingData matching=/localhost/nfd/faces/events
1552512724.344498 DEBUG: [nfd.Forwarder] onInterestFinalize interest=/localhost/nfd/faces/events satisfied
1552512724.344537 DEBUG: [nfd.Forwarder] onIncomingData face=1 data=/localhost/nfd/fib/add-nexthop/h%1A%07%15%08%09localhost%08%03nfd%08%03ribi%01%00/%00%00%01ix%F8%2C%AA/%C4%A7mt%C6%B2uF/%16%1C%1B%01%01%1C%17%07%15%08%04root%08%03KEY%08%08%91%0E%B3F%29%8B%C2%D5/%17%FD%01%009%B9%2A%EB%1C%05%8AJ%12%D6%F8%BB%9E%03~%A0%8D%FD%1CO%BA%A7%82Q%8F%05%C0%85%C0%B4%7D%A4%E73%06%9Fl%82%29.f%DB%A4%8E%12%D4%29%92%C5%80%08%23%8A%0B_3d%7Fx_q%5C%AE%B9%AD%1Fl%E1%8EC%D2%CA%BC%D0%ADHhn%06z%80%29%EB%E2%96%E8c00%A04%3F%3A%EA%DF%F9L%96R%875J%BBr%C3%CF%5EUR%0A%DC%DEz5%BE%3C%EF%F1y%BD%15%B5%E2%BCq%B9h%F5%F3%80m%C4%98%DCv%3C%5B%CAq%2B%22%C2%E0p%85%1B%B4E%F8%EF%D9%83A%8C%1C%83%29%8A%8D%1F%D0%24%60%28%A5%3A%A3%CD%94%C3%5D%D0%89%A7h%E2%DD%1E%7FJ%BD%E8%A54%CF%E6%E0%1C%94%FD%E6%86%3F%90%EA%0C%9E%8A%2F%CD%2F%047%C6%DE%3Bb%5B%08%3D%80%B0%FB%E7s%D5o%9FX%02%D9%B9%B9.%1BE%1F%9Ey%C6%B8%FB%3FY%CF%AB%84%B8vx%D1%ADQ-E%BF%B5%90V%1FP%BA%B5%E5%D1%81
1552512724.344595 DEBUG: [nfd.ContentStore] insert /localhost/nfd/fib/add-nexthop/h%1A%07%15%08%09localhost%08%03nfd%08%03ribi%01%00/%00%00%01ix%F8%2C%AA/%C4%A7mt%C6%B2uF/%16%1C%1B%01%01%1C%17%07%15%08%04root%08%03KEY%08%08%91%0E%B3F%29%8B%C2%D5/%17%FD%01%009%B9%2A%EB%1C%05%8AJ%12%D6%F8%BB%9E%03~%A0%8D%FD%1CO%BA%A7%82Q%8F%05%C0%85%C0%B4%7D%A4%E73%06%9Fl%82%29.f%DB%A4%8E%12%D4%29%92%C5%80%08%23%8A%0B_3d%7Fx_q%5C%AE%B9%AD%1Fl%E1%8EC%D2%CA%BC%D0%ADHhn%06z%80%29%EB%E2%96%E8c00%A04%3F%3A%EA%DF%F9L%96R%875J%BBr%C3%CF%5EUR%0A%DC%DEz5%BE%3C%EF%F1y%BD%15%B5%E2%BCq%B9h%F5%F3%80m%C4%98%DCv%3C%5B%CAq%2B%22%C2%E0p%85%1B%B4E%F8%EF%D9%83A%8C%1C%83%29%8A%8D%1F%D0%24%60%28%A5%3A%A3%CD%94%C3%5D%D0%89%A7h%E2%DD%1E%7FJ%BD%E8%A54%CF%E6%E0%1C%94%FD%E6%86%3F%90%EA%0C%9E%8A%2F%CD%2F%047%C6%DE%3Bb%5B%08%3D%80%B0%FB%E7s%D5o%9FX%02%D9%B9%B9.%1BE%1F%9Ey%C6%B8%FB%3FY%CF%AB%84%B8vx%D1%ADQ-E%BF%B5%90V%1FP%BA%B5%E5%D1%81
1552512724.344647 DEBUG: [nfd.Forwarder] onIncomingData matching=/localhost/nfd/fib/add-nexthop/h%1A%07%15%08%09localhost%08%03nfd%08%03ribi%01%00/%00%00%01ix%F8%2C%AA/%C4%A7mt%C6%B2uF/%16%1C%1B%01%01%1C%17%07%15%08%04root%08%03KEY%08%08%91%0E%B3F%29%8B%C2%D5/%17%FD%01%009%B9%2A%EB%1C%05%8AJ%12%D6%F8%BB%9E%03~%A0%8D%FD%1CO%BA%A7%82Q%8F%05%C0%85%C0%B4%7D%A4%E73%06%9Fl%82%29.f%DB%A4%8E%12%D4%29%92%C5%80%08%23%8A%0B_3d%7Fx_q%5C%AE%B9%AD%1Fl%E1%8EC%D2%CA%BC%D0%ADHhn%06z%80%29%EB%E2%96%E8c00%A04%3F%3A%EA%DF%F9L%96R%875J%BBr%C3%CF%5EUR%0A%DC%DEz5%BE%3C%EF%F1y%BD%15%B5%E2%BCq%B9h%F5%F3%80m%C4%98%DCv%3C%5B%CAq%2B%22%C2%E0p%85%1B%B4E%F8%EF%D9%83A%8C%1C%83%29%8A%8D%1F%D0%24%60%28%A5%3A%A3%CD%94%C3%5D%D0%89%A7h%E2%DD%1E%7FJ%BD%E8%A54%CF%E6%E0%1C%94%FD%E6%86%3F%90%EA%0C%9E%8A%2F%CD%2F%047%C6%DE%3Bb%5B%08%3D%80%B0%FB%E7s%D5o%9FX%02%D9%B9%B9.%1BE%1F%9Ey%C6%B8%FB%3FY%CF%AB%84%B8vx%D1%ADQ-E%BF%B5%90V%1FP%BA%B5%E5%D1%81
1552512724.344702 DEBUG: [nfd.Forwarder] onOutgoingData face=258 data=/localhost/nfd/fib/add-nexthop/h%1A%07%15%08%09localhost%08%03nfd%08%03ribi%01%00/%00%00%01ix%F8%2C%AA/%C4%A7mt%C6%B2uF/%16%1C%1B%01%01%1C%17%07%15%08%04root%08%03KEY%08%08%91%0E%B3F%29%8B%C2%D5/%17%FD%01%009%B9%2A%EB%1C%05%8AJ%12%D6%F8%BB%9E%03~%A0%8D%FD%1CO%BA%A7%82Q%8F%05%C0%85%C0%B4%7D%A4%E73%06%9Fl%82%29.f%DB%A4%8E%12%D4%29%92%C5%80%08%23%8A%0B_3d%7Fx_q%5C%AE%B9%AD%1Fl%E1%8EC%D2%CA%BC%D0%ADHhn%06z%80%29%EB%E2%96%E8c00%A04%3F%3A%EA%DF%F9L%96R%875J%BBr%C3%CF%5EUR%0A%DC%DEz5%BE%3C%EF%F1y%BD%15%B5%E2%BCq%B9h%F5%F3%80m%C4%98%DCv%3C%5B%CAq%2B%22%C2%E0p%85%1B%B4E%F8%EF%D9%83A%8C%1C%83%29%8A%8D%1F%D0%24%60%28%A5%3A%A3%CD%94%C3%5D%D0%89%A7h%E2%DD%1E%7FJ%BD%E8%A54%CF%E6%E0%1C%94%FD%E6%86%3F%90%EA%0C%9E%8A%2F%CD%2F%047%C6%DE%3Bb%5B%08%3D%80%B0%FB%E7s%D5o%9FX%02%D9%B9%B9.%1BE%1F%9Ey%C6%B8%FB%3FY%CF%AB%84%B8vx%D1%ADQ-E%BF%B5%90V%1FP%BA%B5%E5%D1%81
1552512724.344779 DEBUG: [nfd.Forwarder] onIncomingData face=1 data=/localhost/nfd/faces/events/%FE%00
1552512724.344794 DEBUG: [nfd.Forwarder] onDataUnsolicited face=1 data=/localhost/nfd/faces/events/%FE%00 decision=drop
1552512724.344815 DEBUG: [nfd.Forwarder] onIncomingData face=1 data=/localhost/nfd/faces/update/h%06l%01%01p%01%01/%00%00%01ix%F8%2C%B3/%3BGUR%F2%80%AF%B4/%16%1C%1B%01%01%1C%17%07%15%08%04root%08%03KEY%08%08%91%0E%B3F%29%8B%C2%D5/%17%FD%01%00%12%3E%A5%F9%D9%88%E1%8E%B3%A5%C4%8F5%12%29%17E%23%FD%F0%A1%0D%85%12a%B7g%C1%BA%29%0E%5B%25%05K3T%3B%DC%CE%AAp%AAqP%07%86h%EC%C16%28%AF%B6%20%A4%14%8A%3B8%A0s3%BB%E2%E9%E9m%C4%C4%9E%D5%DE%09%29%FB%7F%09%1BL%0AyS%AF%D5%D1Y%F9sW%2C%11%95%BB%E7%BD%3A%F6%04%CB%BF%C2%FB%21%FDNm%BF%AA%11%B9%B4%A3%9A%8E%C3%0B%FF%B0%B7%8D%E4%02%21%D4%E6%08%40%EFP%21JX%8A%BF%BC%10wz%B7%E9%8B%16%C6%8C%88V7%CB%84Z%2F%E3%B6y%91%C5%B3%C5%B6G%FE%FA%FA%29%FE%08%11J%AF%88R%1D%C7%C7%11W%86%2C%DAF%2F6%AE%0A%0C%2Bw%D2%D5%03%5E%9B%B8%E21%2Bl%E5D%E73%89%0D%A2%9AW5z%09%A4%95%18i%7D%BE%C6%B0%60%13%BA%F7%86L%EF%1A%FFd_%DC%5C%A7%E1%21Y%25%EBA%DC%24%ECFq%A9%17%06%12%25%5B%3E%84%99%8B%D4%A7%B1
1552512724.344867 DEBUG: [nfd.ContentStore] insert /localhost/nfd/faces/update/h%06l%01%01p%01%01/%00%00%01ix%F8%2C%B3/%3BGUR%F2%80%AF%B4/%16%1C%1B%01%01%1C%17%07%15%08%04root%08%03KEY%08%08%91%0E%B3F%29%8B%C2%D5/%17%FD%01%00%12%3E%A5%F9%D9%88%E1%8E%B3%A5%C4%8F5%12%29%17E%23%FD%F0%A1%0D%85%12a%B7g%C1%BA%29%0E%5B%25%05K3T%3B%DC%CE%AAp%AAqP%07%86h%EC%C16%28%AF%B6%20%A4%14%8A%3B8%A0s3%BB%E2%E9%E9m%C4%C4%9E%D5%DE%09%29%FB%7F%09%1BL%0AyS%AF%D5%D1Y%F9sW%2C%11%95%BB%E7%BD%3A%F6%04%CB%BF%C2%FB%21%FDNm%BF%AA%11%B9%B4%A3%9A%8E%C3%0B%FF%B0%B7%8D%E4%02%21%D4%E6%08%40%EFP%21JX%8A%BF%BC%10wz%B7%E9%8B%16%C6%8C%88V7%CB%84Z%2F%E3%B6y%91%C5%B3%C5%B6G%FE%FA%FA%29%FE%08%11J%AF%88R%1D%C7%C7%11W%86%2C%DAF%2F6%AE%0A%0C%2Bw%D2%D5%03%5E%9B%B8%E21%2Bl%E5D%E73%89%0D%A2%9AW5z%09%A4%95%18i%7D%BE%C6%B0%60%13%BA%F7%86L%EF%1A%FFd_%DC%5C%A7%E1%21Y%25%EBA%DC%24%ECFq%A9%17%06%12%25%5B%3E%84%99%8B%D4%A7%B1
1552512724.344914 DEBUG: [nfd.Forwarder] onIncomingData matching=/localhost/nfd/faces/update/h%06l%01%01p%01%01/%00%00%01ix%F8%2C%B3/%3BGUR%F2%80%AF%B4/%16%1C%1B%01%01%1C%17%07%15%08%04root%08%03KEY%08%08%91%0E%B3F%29%8B%C2%D5/%17%FD%01%00%12%3E%A5%F9%D9%88%E1%8E%B3%A5%C4%8F5%12%29%17E%23%FD%F0%A1%0D%85%12a%B7g%C1%BA%29%0E%5B%25%05K3T%3B%DC%CE%AAp%AAqP%07%86h%EC%C16%28%AF%B6%20%A4%14%8A%3B8%A0s3%BB%E2%E9%E9m%C4%C4%9E%D5%DE%09%29%FB%7F%09%1BL%0AyS%AF%D5%D1Y%F9sW%2C%11%95%BB%E7%BD%3A%F6%04%CB%BF%C2%FB%21%FDNm%BF%AA%11%B9%B4%A3%9A%8E%C3%0B%FF%B0%B7%8D%E4%02%21%D4%E6%08%40%EFP%21JX%8A%BF%BC%10wz%B7%E9%8B%16%C6%8C%88V7%CB%84Z%2F%E3%B6y%91%C5%B3%C5%B6G%FE%FA%FA%29%FE%08%11J%AF%88R%1D%C7%C7%11W%86%2C%DAF%2F6%AE%0A%0C%2Bw%D2%D5%03%5E%9B%B8%E21%2Bl%E5D%E73%89%0D%A2%9AW5z%09%A4%95%18i%7D%BE%C6%B0%60%13%BA%F7%86L%EF%1A%FFd_%DC%5C%A7%E1%21Y%25%EBA%DC%24%ECFq%A9%17%06%12%25%5B%3E%84%99%8B%D4%A7%B1
1552512724.344971 DEBUG: [nfd.Forwarder] onOutgoingData face=258 data=/localhost/nfd/faces/update/h%06l%01%01p%01%01/%00%00%01ix%F8%2C%B3/%3BGUR%F2%80%AF%B4/%16%1C%1B%01%01%1C%17%07%15%08%04root%08%03KEY%08%08%91%0E%B3F%29%8B%C2%D5/%17%FD%01%00%12%3E%A5%F9%D9%88%E1%8E%B3%A5%C4%8F5%12%29%17E%23%FD%F0%A1%0D%85%12a%B7g%C1%BA%29%0E%5B%25%05K3T%3B%DC%CE%AAp%AAqP%07%86h%EC%C16%28%AF%B6%20%A4%14%8A%3B8%A0s3%BB%E2%E9%E9m%C4%C4%9E%D5%DE%09%29%FB%7F%09%1BL%0AyS%AF%D5%D1Y%F9sW%2C%11%95%BB%E7%BD%3A%F6%04%CB%BF%C2%FB%21%FDNm%BF%AA%11%B9%B4%A3%9A%8E%C3%0B%FF%B0%B7%8D%E4%02%21%D4%E6%08%40%EFP%21JX%8A%BF%BC%10wz%B7%E9%8B%16%C6%8C%88V7%CB%84Z%2F%E3%B6y%91%C5%B3%C5%B6G%FE%FA%FA%29%FE%08%11J%AF%88R%1D%C7%C7%11W%86%2C%DAF%2F6%AE%0A%0C%2Bw%D2%D5%03%5E%9B%B8%E21%2Bl%E5D%E73%89%0D%A2%9AW5z%09%A4%95%18i%7D%BE%C6%B0%60%13%BA%F7%86L%EF%1A%FFd_%DC%5C%A7%E1%21Y%25%EBA%DC%24%ECFq%A9%17%06%12%25%5B%3E%84%99%8B%D4%A7%B1
1552512724.345047 DEBUG: [nfd.Forwarder] onIncomingInterest face=258 interest=/localhost/nfd/faces/events/%FE%03
1552512724.345071 DEBUG: [nfd.ContentStore] find /localhost/nfd/faces/events/%FE%03 L
1552512724.345087 DEBUG: [nfd.ContentStore]   no-match
1552512724.345098 DEBUG: [nfd.Forwarder] onContentStoreMiss interest=/localhost/nfd/faces/events/%FE%03
1552512724.345112 DEBUG: [nfd.Forwarder] onOutgoingInterest face=1 interest=/localhost/nfd/faces/events/%FE%03
1552512724.345180 DEBUG: [nfd.Forwarder] onInterestFinalize interest=/localhost/nfd/fib/add-nexthop/h%1A%07%15%08%09localhost%08%03nfd%08%03ribi%01%00/%00%00%01ix%F8%2C%AA/%C4%A7mt%C6%B2uF/%16%1C%1B%01%01%1C%17%07%15%08%04root%08%03KEY%08%08%91%0E%B3F%29%8B%C2%D5/%17%FD%01%009%B9%2A%EB%1C%05%8AJ%12%D6%F8%BB%9E%03~%A0%8D%FD%1CO%BA%A7%82Q%8F%05%C0%85%C0%B4%7D%A4%E73%06%9Fl%82%29.f%DB%A4%8E%12%D4%29%92%C5%80%08%23%8A%0B_3d%7Fx_q%5C%AE%B9%AD%1Fl%E1%8EC%D2%CA%BC%D0%ADHhn%06z%80%29%EB%E2%96%E8c00%A04%3F%3A%EA%DF%F9L%96R%875J%BBr%C3%CF%5EUR%0A%DC%DEz5%BE%3C%EF%F1y%BD%15%B5%E2%BCq%B9h%F5%F3%80m%C4%98%DCv%3C%5B%CAq%2B%22%C2%E0p%85%1B%B4E%F8%EF%D9%83A%8C%1C%83%29%8A%8D%1F%D0%24%60%28%A5%3A%A3%CD%94%C3%5D%D0%89%A7h%E2%DD%1E%7FJ%BD%E8%A54%CF%E6%E0%1C%94%FD%E6%86%3F%90%EA%0C%9E%8A%2F%CD%2F%047%C6%DE%3Bb%5B%08%3D%80%B0%FB%E7s%D5o%9FX%02%D9%B9%B9.%1BE%1F%9Ey%C6%B8%FB%3FY%CF%AB%84%B8vx%D1%ADQ-E%BF%B5%90V%1FP%BA%B5%E5%D1%81 satisfied
1552512724.345235 DEBUG: [nfd.Forwarder] onInterestFinalize interest=/localhost/nfd/faces/update/h%06l%01%01p%01%01/%00%00%01ix%F8%2C%B3/%3BGUR%F2%80%AF%B4/%16%1C%1B%01%01%1C%17%07%15%08%04root%08%03KEY%08%08%91%0E%B3F%29%8B%C2%D5/%17%FD%01%00%12%3E%A5%F9%D9%88%E1%8E%B3%A5%C4%8F5%12%29%17E%23%FD%F0%A1%0D%85%12a%B7g%C1%BA%29%0E%5B%25%05K3T%3B%DC%CE%AAp%AAqP%07%86h%EC%C16%28%AF%B6%20%A4%14%8A%3B8%A0s3%BB%E2%E9%E9m%C4%C4%9E%D5%DE%09%29%FB%7F%09%1BL%0AyS%AF%D5%D1Y%F9sW%2C%11%95%BB%E7%BD%3A%F6%04%CB%BF%C2%FB%21%FDNm%BF%AA%11%B9%B4%A3%9A%8E%C3%0B%FF%B0%B7%8D%E4%02%21%D4%E6%08%40%EFP%21JX%8A%BF%BC%10wz%B7%E9%8B%16%C6%8C%88V7%CB%84Z%2F%E3%B6y%91%C5%B3%C5%B6G%FE%FA%FA%29%FE%08%11J%AF%88R%1D%C7%C7%11W%86%2C%DAF%2F6%AE%0A%0C%2Bw%D2%D5%03%5E%9B%B8%E21%2Bl%E5D%E73%89%0D%A2%9AW5z%09%A4%95%18i%7D%BE%C6%B0%60%13%BA%F7%86L%EF%1A%FFd_%DC%5C%A7%E1%21Y%25%EBA%DC%24%ECFq%A9%17%06%12%25%5B%3E%84%99%8B%D4%A7%B1 satisfied
1552512724.345316 DEBUG: [nfd.Forwarder] onIncomingData face=1 data=/localhost/nfd/faces/events/%FE%03
1552512724.345336 DEBUG: [nfd.ContentStore] insert /localhost/nfd/faces/events/%FE%03
1552512724.345345 DEBUG: [nfd.Forwarder] onIncomingData matching=/localhost/nfd/faces/events/%FE%03
1552512724.345363 DEBUG: [nfd.Forwarder] onOutgoingData face=258 data=/localhost/nfd/faces/events/%FE%03
1552512724.345405 DEBUG: [nfd.Forwarder] onInterestFinalize interest=/localhost/nfd/faces/events/%FE%03 satisfied
1552512724.345498 DEBUG: [nfd.Forwarder] onIncomingInterest face=258 interest=/localhost/nfd/faces/events/%FE%04
1552512724.345528 DEBUG: [nfd.ContentStore] find /localhost/nfd/faces/events/%FE%04 L
1552512724.345549 DEBUG: [nfd.ContentStore]   no-match
1552512724.345558 DEBUG: [nfd.Forwarder] onContentStoreMiss interest=/localhost/nfd/faces/events/%FE%04
1552512724.345576 DEBUG: [nfd.Forwarder] onOutgoingInterest face=1 interest=/localhost/nfd/faces/events/%FE%04
1552512724.345662 DEBUG: [nfd.Forwarder] onIncomingData face=1 data=/localhost/nfd/faces/events/%FE%04
1552512724.345680 DEBUG: [nfd.ContentStore] insert /localhost/nfd/faces/events/%FE%04
1552512724.345689 DEBUG: [nfd.Forwarder] onIncomingData matching=/localhost/nfd/faces/events/%FE%04
1552512724.345706 DEBUG: [nfd.Forwarder] onOutgoingData face=258 data=/localhost/nfd/faces/events/%FE%04
1552512724.345744 DEBUG: [nfd.Forwarder] onInterestFinalize interest=/localhost/nfd/faces/events/%FE%04 satisfied
1552512724.345850 DEBUG: [nfd.Forwarder] onIncomingInterest face=258 interest=/localhost/nfd/faces/events/%FE%05
1552512724.345884 DEBUG: [nfd.ContentStore] find /localhost/nfd/faces/events/%FE%05 L
1552512724.345907 DEBUG: [nfd.ContentStore]   no-match
1552512724.345920 DEBUG: [nfd.Forwarder] onContentStoreMiss interest=/localhost/nfd/faces/events/%FE%05
1552512724.345941 DEBUG: [nfd.Forwarder] onOutgoingInterest face=1 interest=/localhost/nfd/faces/events/%FE%05
1552512740.568384 INFO: [nfd.UnixStreamTransport] [id=0,local=unix:///run/nfd.sock,remote=fd://35] Creating transport
1552512740.568411 INFO: [nfd.FaceTable] Added face id=261 remote=fd://35 local=unix:///run/nfd.sock
1552512740.571975 DEBUG: [nfd.Forwarder] onIncomingData face=1 data=/localhost/nfd/faces/events/%FE%05
1552512740.572004 DEBUG: [nfd.ContentStore] insert /localhost/nfd/faces/events/%FE%05
1552512740.572018 DEBUG: [nfd.Forwarder] onIncomingData matching=/localhost/nfd/faces/events/%FE%05
1552512740.572046 DEBUG: [nfd.Forwarder] onOutgoingData face=258 data=/localhost/nfd/faces/events/%FE%05
1552512740.572104 DEBUG: [nfd.Forwarder] onInterestFinalize interest=/localhost/nfd/faces/events/%FE%05 satisfied
1552512740.572300 DEBUG: [nfd.Forwarder] onIncomingInterest face=258 interest=/localhost/nfd/faces/events/%FE%06
1552512740.572341 DEBUG: [nfd.ContentStore] find /localhost/nfd/faces/events/%FE%06 L
1552512740.572365 DEBUG: [nfd.ContentStore]   no-match
1552512740.572375 DEBUG: [nfd.Forwarder] onContentStoreMiss interest=/localhost/nfd/faces/events/%FE%06
1552512740.572399 DEBUG: [nfd.Forwarder] onOutgoingInterest face=1 interest=/localhost/nfd/faces/events/%FE%06
1552512740.578304 DEBUG: [nfd.Forwarder] onIncomingInterest face=261 interest=/localhost/nfd/faces/create/h%19r%14udp4%3A%2F%2F10.0.2.8%3A6363%85%01%00/%00%00%01ix%F8l%DD/77%DFka%B6%C8_/%16%1C%1B%01%01%1C%17%07%15%08%04root%08%03KEY%08%08%91%0E%B3F%29%8B%C2%D5/%17%FD%01%00u%9BE%3BD%40%B2%F0%EE%F6%D3%EE%F7%BC%40%D0%87%8C%98%EC%92%BA%2B%91%93%E3e%2F%C0_%D8Y-%D7%94%B1%7F%FF%242%14%10i%7B%24%D4%80ZH%10%E6%0D%9B%05%D5%C3%25K%C6%C0%B4%D0R%A5%3C%0BS%9A%BF%03%D2%21%F2%FFb%D7%CB%C1%C9%CA%DA%C7%83HE%91%28%8F%60Ms%8B%5C%E9_%9D%92%ABF%B3%20%0E%0A%A6%18%97%1F3%E0y%DF%C3u%3D%40n%B5%E9%A2%07%C7%AD%10%A4h4%05%C8%23%D9%ED%EBw%9FaK%1Ck%8C%E7s%D6%948%9A%06g%E8%B5%2B%26%DD%B3%3E%D2%24%7C%CC%01%AB%C6z%1E%C1%D6E%CE%A38%E5M%BDg4r%2C%27%A0%9F%3D%ABnXoV%90%C1%87%9E%0A%CF%09_%A3p%ACcBnAv%8B%96d%A6z%F91Xu%F4wt%E1%0E%E85c%CA%D7%D1%D8Dh%DA%BC%A66%81%97%9B%EBa1%B77L%D9%EAAA%D6%14%EE%23%83-k%AA%13%19%1D%3E%DB%C2%AD
1552512740.578374 DEBUG: [nfd.ContentStore] find /localhost/nfd/faces/create/h%19r%14udp4%3A%2F%2F10.0.2.8%3A6363%85%01%00/%00%00%01ix%F8l%DD/77%DFka%B6%C8_/%16%1C%1B%01%01%1C%17%07%15%08%04root%08%03KEY%08%08%91%0E%B3F%29%8B%C2%D5/%17%FD%01%00u%9BE%3BD%40%B2%F0%EE%F6%D3%EE%F7%BC%40%D0%87%8C%98%EC%92%BA%2B%91%93%E3e%2F%C0_%D8Y-%D7%94%B1%7F%FF%242%14%10i%7B%24%D4%80ZH%10%E6%0D%9B%05%D5%C3%25K%C6%C0%B4%D0R%A5%3C%0BS%9A%BF%03%D2%21%F2%FFb%D7%CB%C1%C9%CA%DA%C7%83HE%91%28%8F%60Ms%8B%5C%E9_%9D%92%ABF%B3%20%0E%0A%A6%18%97%1F3%E0y%DF%C3u%3D%40n%B5%E9%A2%07%C7%AD%10%A4h4%05%C8%23%D9%ED%EBw%9FaK%1Ck%8C%E7s%D6%948%9A%06g%E8%B5%2B%26%DD%B3%3E%D2%24%7C%CC%01%AB%C6z%1E%C1%D6E%CE%A38%E5M%BDg4r%2C%27%A0%9F%3D%ABnXoV%90%C1%87%9E%0A%CF%09_%A3p%ACcBnAv%8B%96d%A6z%F91Xu%F4wt%E1%0E%E85c%CA%D7%D1%D8Dh%DA%BC%A66%81%97%9B%EBa1%B77L%D9%EAAA%D6%14%EE%23%83-k%AA%13%19%1D%3E%DB%C2%AD L
1552512740.578421 DEBUG: [nfd.ContentStore]   no-match
1552512740.578425 DEBUG: [nfd.Forwarder] onContentStoreMiss interest=/localhost/nfd/faces/create/h%19r%14udp4%3A%2F%2F10.0.2.8%3A6363%85%01%00/%00%00%01ix%F8l%DD/77%DFka%B6%C8_/%16%1C%1B%01%01%1C%17%07%15%08%04root%08%03KEY%08%08%91%0E%B3F%29%8B%C2%D5/%17%FD%01%00u%9BE%3BD%40%B2%F0%EE%F6%D3%EE%F7%BC%40%D0%87%8C%98%EC%92%BA%2B%91%93%E3e%2F%C0_%D8Y-%D7%94%B1%7F%FF%242%14%10i%7B%24%D4%80ZH%10%E6%0D%9B%05%D5%C3%25K%C6%C0%B4%D0R%A5%3C%0BS%9A%BF%03%D2%21%F2%FFb%D7%CB%C1%C9%CA%DA%C7%83HE%91%28%8F%60Ms%8B%5C%E9_%9D%92%ABF%B3%20%0E%0A%A6%18%97%1F3%E0y%DF%C3u%3D%40n%B5%E9%A2%07%C7%AD%10%A4h4%05%C8%23%D9%ED%EBw%9FaK%1Ck%8C%E7s%D6%948%9A%06g%E8%B5%2B%26%DD%B3%3E%D2%24%7C%CC%01%AB%C6z%1E%C1%D6E%CE%A38%E5M%BDg4r%2C%27%A0%9F%3D%ABnXoV%90%C1%87%9E%0A%CF%09_%A3p%ACcBnAv%8B%96d%A6z%F91Xu%F4wt%E1%0E%E85c%CA%D7%D1%D8Dh%DA%BC%A66%81%97%9B%EBa1%B77L%D9%EAAA%D6%14%EE%23%83-k%AA%13%19%1D%3E%DB%C2%AD
1552512740.578475 DEBUG: [nfd.Forwarder] onOutgoingInterest face=1 interest=/localhost/nfd/faces/create/h%19r%14udp4%3A%2F%2F10.0.2.8%3A6363%85%01%00/%00%00%01ix%F8l%DD/77%DFka%B6%C8_/%16%1C%1B%01%01%1C%17%07%15%08%04root%08%03KEY%08%08%91%0E%B3F%29%8B%C2%D5/%17%FD%01%00u%9BE%3BD%40%B2%F0%EE%F6%D3%EE%F7%BC%40%D0%87%8C%98%EC%92%BA%2B%91%93%E3e%2F%C0_%D8Y-%D7%94%B1%7F%FF%242%14%10i%7B%24%D4%80ZH%10%E6%0D%9B%05%D5%C3%25K%C6%C0%B4%D0R%A5%3C%0BS%9A%BF%03%D2%21%F2%FFb%D7%CB%C1%C9%CA%DA%C7%83HE%91%28%8F%60Ms%8B%5C%E9_%9D%92%ABF%B3%20%0E%0A%A6%18%97%1F3%E0y%DF%C3u%3D%40n%B5%E9%A2%07%C7%AD%10%A4h4%05%C8%23%D9%ED%EBw%9FaK%1Ck%8C%E7s%D6%948%9A%06g%E8%B5%2B%26%DD%B3%3E%D2%24%7C%CC%01%AB%C6z%1E%C1%D6E%CE%A38%E5M%BDg4r%2C%27%A0%9F%3D%ABnXoV%90%C1%87%9E%0A%CF%09_%A3p%ACcBnAv%8B%96d%A6z%F91Xu%F4wt%E1%0E%E85c%CA%D7%D1%D8Dh%DA%BC%A66%81%97%9B%EBa1%B77L%D9%EAAA%D6%14%EE%23%83-k%AA%13%19%1D%3E%DB%C2%AD
1552512740.578728 INFO: [nfd.UnicastUdpTransport] [id=0,local=udp4://10.0.2.10:6363,remote=udp4://10.0.2.8:6363] Creating transport
1552512740.578753 INFO: [nfd.FaceTable] Added face id=262 remote=udp4://10.0.2.8:6363 local=udp4://10.0.2.10:6363
1552512740.584443 DEBUG: [nfd.Forwarder] onIncomingData face=1 data=/localhost/nfd/faces/events/%FE%06
1552512740.584466 DEBUG: [nfd.ContentStore] insert /localhost/nfd/faces/events/%FE%06
1552512740.584475 DEBUG: [nfd.Forwarder] onIncomingData matching=/localhost/nfd/faces/events/%FE%06
1552512740.584496 DEBUG: [nfd.Forwarder] onOutgoingData face=258 data=/localhost/nfd/faces/events/%FE%06
1552512740.584550 DEBUG: [nfd.Forwarder] onIncomingData face=1 data=/localhost/nfd/faces/create/h%19r%14udp4%3A%2F%2F10.0.2.8%3A6363%85%01%00/%00%00%01ix%F8l%DD/77%DFka%B6%C8_/%16%1C%1B%01%01%1C%17%07%15%08%04root%08%03KEY%08%08%91%0E%B3F%29%8B%C2%D5/%17%FD%01%00u%9BE%3BD%40%B2%F0%EE%F6%D3%EE%F7%BC%40%D0%87%8C%98%EC%92%BA%2B%91%93%E3e%2F%C0_%D8Y-%D7%94%B1%7F%FF%242%14%10i%7B%24%D4%80ZH%10%E6%0D%9B%05%D5%C3%25K%C6%C0%B4%D0R%A5%3C%0BS%9A%BF%03%D2%21%F2%FFb%D7%CB%C1%C9%CA%DA%C7%83HE%91%28%8F%60Ms%8B%5C%E9_%9D%92%ABF%B3%20%0E%0A%A6%18%97%1F3%E0y%DF%C3u%3D%40n%B5%E9%A2%07%C7%AD%10%A4h4%05%C8%23%D9%ED%EBw%9FaK%1Ck%8C%E7s%D6%948%9A%06g%E8%B5%2B%26%DD%B3%3E%D2%24%7C%CC%01%AB%C6z%1E%C1%D6E%CE%A38%E5M%BDg4r%2C%27%A0%9F%3D%ABnXoV%90%C1%87%9E%0A%CF%09_%A3p%ACcBnAv%8B%96d%A6z%F91Xu%F4wt%E1%0E%E85c%CA%D7%D1%D8Dh%DA%BC%A66%81%97%9B%EBa1%B77L%D9%EAAA%D6%14%EE%23%83-k%AA%13%19%1D%3E%DB%C2%AD
1552512740.584604 DEBUG: [nfd.ContentStore] insert /localhost/nfd/faces/create/h%19r%14udp4%3A%2F%2F10.0.2.8%3A6363%85%01%00/%00%00%01ix%F8l%DD/77%DFka%B6%C8_/%16%1C%1B%01%01%1C%17%07%15%08%04root%08%03KEY%08%08%91%0E%B3F%29%8B%C2%D5/%17%FD%01%00u%9BE%3BD%40%B2%F0%EE%F6%D3%EE%F7%BC%40%D0%87%8C%98%EC%92%BA%2B%91%93%E3e%2F%C0_%D8Y-%D7%94%B1%7F%FF%242%14%10i%7B%24%D4%80ZH%10%E6%0D%9B%05%D5%C3%25K%C6%C0%B4%D0R%A5%3C%0BS%9A%BF%03%D2%21%F2%FFb%D7%CB%C1%C9%CA%DA%C7%83HE%91%28%8F%60Ms%8B%5C%E9_%9D%92%ABF%B3%20%0E%0A%A6%18%97%1F3%E0y%DF%C3u%3D%40n%B5%E9%A2%07%C7%AD%10%A4h4%05%C8%23%D9%ED%EBw%9FaK%1Ck%8C%E7s%D6%948%9A%06g%E8%B5%2B%26%DD%B3%3E%D2%24%7C%CC%01%AB%C6z%1E%C1%D6E%CE%A38%E5M%BDg4r%2C%27%A0%9F%3D%ABnXoV%90%C1%87%9E%0A%CF%09_%A3p%ACcBnAv%8B%96d%A6z%F91Xu%F4wt%E1%0E%E85c%CA%D7%D1%D8Dh%DA%BC%A66%81%97%9B%EBa1%B77L%D9%EAAA%D6%14%EE%23%83-k%AA%13%19%1D%3E%DB%C2%AD
1552512740.584650 DEBUG: [nfd.Forwarder] onIncomingData matching=/localhost/nfd/faces/create/h%19r%14udp4%3A%2F%2F10.0.2.8%3A6363%85%01%00/%00%00%01ix%F8l%DD/77%DFka%B6%C8_/%16%1C%1B%01%01%1C%17%07%15%08%04root%08%03KEY%08%08%91%0E%B3F%29%8B%C2%D5/%17%FD%01%00u%9BE%3BD%40%B2%F0%EE%F6%D3%EE%F7%BC%40%D0%87%8C%98%EC%92%BA%2B%91%93%E3e%2F%C0_%D8Y-%D7%94%B1%7F%FF%242%14%10i%7B%24%D4%80ZH%10%E6%0D%9B%05%D5%C3%25K%C6%C0%B4%D0R%A5%3C%0BS%9A%BF%03%D2%21%F2%FFb%D7%CB%C1%C9%CA%DA%C7%83HE%91%28%8F%60Ms%8B%5C%E9_%9D%92%ABF%B3%20%0E%0A%A6%18%97%1F3%E0y%DF%C3u%3D%40n%B5%E9%A2%07%C7%AD%10%A4h4%05%C8%23%D9%ED%EBw%9FaK%1Ck%8C%E7s%D6%948%9A%06g%E8%B5%2B%26%DD%B3%3E%D2%24%7C%CC%01%AB%C6z%1E%C1%D6E%CE%A38%E5M%BDg4r%2C%27%A0%9F%3D%ABnXoV%90%C1%87%9E%0A%CF%09_%A3p%ACcBnAv%8B%96d%A6z%F91Xu%F4wt%E1%0E%E85c%CA%D7%D1%D8Dh%DA%BC%A66%81%97%9B%EBa1%B77L%D9%EAAA%D6%14%EE%23%83-k%AA%13%19%1D%3E%DB%C2%AD
1552512740.584715 DEBUG: [nfd.Forwarder] onOutgoingData face=261 data=/localhost/nfd/faces/create/h%19r%14udp4%3A%2F%2F10.0.2.8%3A6363%85%01%00/%00%00%01ix%F8l%DD/77%DFka%B6%C8_/%16%1C%1B%01%01%1C%17%07%15%08%04root%08%03KEY%08%08%91%0E%B3F%29%8B%C2%D5/%17%FD%01%00u%9BE%3BD%40%B2%F0%EE%F6%D3%EE%F7%BC%40%D0%87%8C%98%EC%92%BA%2B%91%93%E3e%2F%C0_%D8Y-%D7%94%B1%7F%FF%242%14%10i%7B%24%D4%80ZH%10%E6%0D%9B%05%D5%C3%25K%C6%C0%B4%D0R%A5%3C%0BS%9A%BF%03%D2%21%F2%FFb%D7%CB%C1%C9%CA%DA%C7%83HE%91%28%8F%60Ms%8B%5C%E9_%9D%92%ABF%B3%20%0E%0A%A6%18%97%1F3%E0y%DF%C3u%3D%40n%B5%E9%A2%07%C7%AD%10%A4h4%05%C8%23%D9%ED%EBw%9FaK%1Ck%8C%E7s%D6%948%9A%06g%E8%B5%2B%26%DD%B3%3E%D2%24%7C%CC%01%AB%C6z%1E%C1%D6E%CE%A38%E5M%BDg4r%2C%27%A0%9F%3D%ABnXoV%90%C1%87%9E%0A%CF%09_%A3p%ACcBnAv%8B%96d%A6z%F91Xu%F4wt%E1%0E%E85c%CA%D7%D1%D8Dh%DA%BC%A66%81%97%9B%EBa1%B77L%D9%EAAA%D6%14%EE%23%83-k%AA%13%19%1D%3E%DB%C2%AD
1552512740.584824 DEBUG: [nfd.Forwarder] onIncomingInterest face=258 interest=/localhost/nfd/faces/events/%FE%07
1552512740.584850 DEBUG: [nfd.ContentStore] find /localhost/nfd/faces/events/%FE%07 L
1552512740.584872 DEBUG: [nfd.ContentStore]   no-match
1552512740.584879 DEBUG: [nfd.Forwarder] onContentStoreMiss interest=/localhost/nfd/faces/events/%FE%07
1552512740.584894 DEBUG: [nfd.Forwarder] onOutgoingInterest face=1 interest=/localhost/nfd/faces/events/%FE%07
1552512740.584932 DEBUG: [nfd.Forwarder] onInterestFinalize interest=/localhost/nfd/faces/events/%FE%06 satisfied
1552512740.584950 DEBUG: [nfd.Forwarder] onInterestFinalize interest=/localhost/nfd/faces/create/h%19r%14udp4%3A%2F%2F10.0.2.8%3A6363%85%01%00/%00%00%01ix%F8l%DD/77%DFka%B6%C8_/%16%1C%1B%01%01%1C%17%07%15%08%04root%08%03KEY%08%08%91%0E%B3F%29%8B%C2%D5/%17%FD%01%00u%9BE%3BD%40%B2%F0%EE%F6%D3%EE%F7%BC%40%D0%87%8C%98%EC%92%BA%2B%91%93%E3e%2F%C0_%D8Y-%D7%94%B1%7F%FF%242%14%10i%7B%24%D4%80ZH%10%E6%0D%9B%05%D5%C3%25K%C6%C0%B4%D0R%A5%3C%0BS%9A%BF%03%D2%21%F2%FFb%D7%CB%C1%C9%CA%DA%C7%83HE%91%28%8F%60Ms%8B%5C%E9_%9D%92%ABF%B3%20%0E%0A%A6%18%97%1F3%E0y%DF%C3u%3D%40n%B5%E9%A2%07%C7%AD%10%A4h4%05%C8%23%D9%ED%EBw%9FaK%1Ck%8C%E7s%D6%948%9A%06g%E8%B5%2B%26%DD%B3%3E%D2%24%7C%CC%01%AB%C6z%1E%C1%D6E%CE%A38%E5M%BDg4r%2C%27%A0%9F%3D%ABnXoV%90%C1%87%9E%0A%CF%09_%A3p%ACcBnAv%8B%96d%A6z%F91Xu%F4wt%E1%0E%E85c%CA%D7%D1%D8Dh%DA%BC%A66%81%97%9B%EBa1%B77L%D9%EAAA%D6%14%EE%23%83-k%AA%13%19%1D%3E%DB%C2%AD satisfied
1552512740.585159 INFO: [nfd.Transport] [id=261,local=unix:///run/nfd.sock,remote=fd://35] setState UP -> CLOSING
1552512740.585204 INFO: [nfd.Transport] [id=261,local=unix:///run/nfd.sock,remote=fd://35] setState CLOSING -> CLOSED
1552512740.587973 INFO: [nfd.FaceTable] Removed face id=261 remote=fd://35 local=unix:///run/nfd.sock
1552512740.588036 DEBUG: [nfd.Forwarder] onIncomingData face=1 data=/localhost/nfd/faces/events/%FE%07
1552512740.588057 DEBUG: [nfd.ContentStore] insert /localhost/nfd/faces/events/%FE%07
1552512740.588074 DEBUG: [nfd.Forwarder] onIncomingData matching=/localhost/nfd/faces/events/%FE%07
1552512740.588104 DEBUG: [nfd.Forwarder] onOutgoingData face=258 data=/localhost/nfd/faces/events/%FE%07
1552512740.588153 DEBUG: [nfd.Forwarder] onInterestFinalize interest=/localhost/nfd/faces/events/%FE%07 satisfied
1552512740.588345 DEBUG: [nfd.Forwarder] onIncomingInterest face=258 interest=/localhost/nfd/faces/events/%FE%08
1552512740.588398 DEBUG: [nfd.ContentStore] find /localhost/nfd/faces/events/%FE%08 L
1552512740.588425 DEBUG: [nfd.ContentStore]   no-match
1552512740.588432 DEBUG: [nfd.Forwarder] onContentStoreMiss interest=/localhost/nfd/faces/events/%FE%08
1552512740.588451 DEBUG: [nfd.Forwarder] onOutgoingInterest face=1 interest=/localhost/nfd/faces/events/%FE%08
1552512745.891142 INFO: [nfd.UnixStreamTransport] [id=0,local=unix:///run/nfd.sock,remote=fd://35] Creating transport
1552512745.891173 INFO: [nfd.FaceTable] Added face id=263 remote=fd://35 local=unix:///run/nfd.sock
1552512745.895070 DEBUG: [nfd.Forwarder] onIncomingInterest face=263 interest=/localhost/nfd/faces/query/%96%04i%02%01%06
1552512745.895123 DEBUG: [nfd.ContentStore] find /localhost/nfd/faces/query/%96%04i%02%01%06 L
1552512745.895149 DEBUG: [nfd.ContentStore]   no-match
1552512745.895161 DEBUG: [nfd.Forwarder] onContentStoreMiss interest=/localhost/nfd/faces/query/%96%04i%02%01%06
1552512745.895181 DEBUG: [nfd.Forwarder] onOutgoingInterest face=1 interest=/localhost/nfd/faces/query/%96%04i%02%01%06
1552512745.898859 DEBUG: [nfd.Forwarder] onIncomingData face=1 data=/localhost/nfd/faces/events/%FE%08
1552512745.898887 DEBUG: [nfd.ContentStore] insert /localhost/nfd/faces/events/%FE%08
1552512745.898902 DEBUG: [nfd.Forwarder] onIncomingData matching=/localhost/nfd/faces/events/%FE%08
1552512745.898933 DEBUG: [nfd.Forwarder] onOutgoingData face=258 data=/localhost/nfd/faces/events/%FE%08
1552512745.899020 DEBUG: [nfd.Forwarder] onInterestFinalize interest=/localhost/nfd/faces/events/%FE%08 satisfied
1552512745.899084 DEBUG: [nfd.Forwarder] onIncomingData face=1 data=/localhost/nfd/faces/query/%96%04i%02%01%06/%FD%00%00%01ix%F8%81%A7/%00%00
1552512745.899122 DEBUG: [nfd.ContentStore] insert /localhost/nfd/faces/query/%96%04i%02%01%06/%FD%00%00%01ix%F8%81%A7/%00%00
1552512745.899148 DEBUG: [nfd.Forwarder] onIncomingData matching=/localhost/nfd/faces/query/%96%04i%02%01%06
1552512745.899184 DEBUG: [nfd.Forwarder] onOutgoingData face=263 data=/localhost/nfd/faces/query/%96%04i%02%01%06/%FD%00%00%01ix%F8%81%A7/%00%00
1552512745.899277 DEBUG: [nfd.Forwarder] onIncomingInterest face=258 interest=/localhost/nfd/faces/events/%FE%09
1552512745.899312 DEBUG: [nfd.ContentStore] find /localhost/nfd/faces/events/%FE%09 L
1552512745.899338 DEBUG: [nfd.ContentStore]   no-match
1552512745.899353 DEBUG: [nfd.Forwarder] onContentStoreMiss interest=/localhost/nfd/faces/events/%FE%09
1552512745.899375 DEBUG: [nfd.Forwarder] onOutgoingInterest face=1 interest=/localhost/nfd/faces/events/%FE%09
1552512745.899416 DEBUG: [nfd.Forwarder] onInterestFinalize interest=/localhost/nfd/faces/query/%96%04i%02%01%06 satisfied
1552512745.906593 DEBUG: [nfd.Forwarder] onIncomingInterest face=263 interest=/localhost/nfd/rib/register/h%15%07%06%08%04testi%02%01%06o%01%FFj%01%00l%01%01/%00%00%01ix%F8%81%AB/%08%E1d%A9%FB%E0%C18/%16%1C%1B%01%01%1C%17%07%15%08%04root%08%03KEY%08%08%91%0E%B3F%29%8B%C2%D5/%17%FD%01%00D%5Cn%9A%F6%8Dk%F3%3A%C3%8C%E8%8B-y%1C%B8%04%DD%BF%C4%AE%25%D4%09K%BBjl%F4%03%8D7%CDI%C7k%29pbft%B60%7CnX%8Fo%28%2F%09%B6Q%E7li%A6%F6%3F%FFh%88%C3%1F%18D%8D1%00%AE%8EY%C3%88%D4j%EC%3B%89K%5C%81%A9B%7F%A0%92%40%D1e6%A5%EE%FE%E3%D8%7B%DD%E1f%1F%CA%00%FB%A8.X%86P%87%FE%BAE%28%E6%82%9B8o%B6Q%C0%26%CBp%94%12%9F%E5%B8%DB%14%B1%98P%94%C0V%9A%7B%A3%DA%7DHP%FE%D3%85%FA8%94%8A%8B%BDF%87%FD%9B%22%85%BF%08%1E%22bG%27%28%21%B9%F7%0B%F3%AD%0BF%C0%F8%E4%C9%CE%BB%CA%D6%AF%F5%C0%DC%3EzIB%D2%27%A8%A3%F69%83%D2%04%AF%29%3D%1BB%BE%00%16%FE%A0%E8%82%ABy%2F-%10%01R%E8%07%A9w%D3o5%8D%EB%89%CD%1B%2C0%04P%AF%2A%14%5B%EEyF%F4%89%B9l%EE%CF%2A%F4%3E%B1%09s
1552512745.906671 DEBUG: [nfd.ContentStore] find /localhost/nfd/rib/register/h%15%07%06%08%04testi%02%01%06o%01%FFj%01%00l%01%01/%00%00%01ix%F8%81%AB/%08%E1d%A9%FB%E0%C18/%16%1C%1B%01%01%1C%17%07%15%08%04root%08%03KEY%08%08%91%0E%B3F%29%8B%C2%D5/%17%FD%01%00D%5Cn%9A%F6%8Dk%F3%3A%C3%8C%E8%8B-y%1C%B8%04%DD%BF%C4%AE%25%D4%09K%BBjl%F4%03%8D7%CDI%C7k%29pbft%B60%7CnX%8Fo%28%2F%09%B6Q%E7li%A6%F6%3F%FFh%88%C3%1F%18D%8D1%00%AE%8EY%C3%88%D4j%EC%3B%89K%5C%81%A9B%7F%A0%92%40%D1e6%A5%EE%FE%E3%D8%7B%DD%E1f%1F%CA%00%FB%A8.X%86P%87%FE%BAE%28%E6%82%9B8o%B6Q%C0%26%CBp%94%12%9F%E5%B8%DB%14%B1%98P%94%C0V%9A%7B%A3%DA%7DHP%FE%D3%85%FA8%94%8A%8B%BDF%87%FD%9B%22%85%BF%08%1E%22bG%27%28%21%B9%F7%0B%F3%AD%0BF%C0%F8%E4%C9%CE%BB%CA%D6%AF%F5%C0%DC%3EzIB%D2%27%A8%A3%F69%83%D2%04%AF%29%3D%1BB%BE%00%16%FE%A0%E8%82%ABy%2F-%10%01R%E8%07%A9w%D3o5%8D%EB%89%CD%1B%2C0%04P%AF%2A%14%5B%EEyF%F4%89%B9l%EE%CF%2A%F4%3E%B1%09s L
1552512745.906730 DEBUG: [nfd.ContentStore]   no-match
1552512745.906741 DEBUG: [nfd.Forwarder] onContentStoreMiss interest=/localhost/nfd/rib/register/h%15%07%06%08%04testi%02%01%06o%01%FFj%01%00l%01%01/%00%00%01ix%F8%81%AB/%08%E1d%A9%FB%E0%C18/%16%1C%1B%01%01%1C%17%07%15%08%04root%08%03KEY%08%08%91%0E%B3F%29%8B%C2%D5/%17%FD%01%00D%5Cn%9A%F6%8Dk%F3%3A%C3%8C%E8%8B-y%1C%B8%04%DD%BF%C4%AE%25%D4%09K%BBjl%F4%03%8D7%CDI%C7k%29pbft%B60%7CnX%8Fo%28%2F%09%B6Q%E7li%A6%F6%3F%FFh%88%C3%1F%18D%8D1%00%AE%8EY%C3%88%D4j%EC%3B%89K%5C%81%A9B%7F%A0%92%40%D1e6%A5%EE%FE%E3%D8%7B%DD%E1f%1F%CA%00%FB%A8.X%86P%87%FE%BAE%28%E6%82%9B8o%B6Q%C0%26%CBp%94%12%9F%E5%B8%DB%14%B1%98P%94%C0V%9A%7B%A3%DA%7DHP%FE%D3%85%FA8%94%8A%8B%BDF%87%FD%9B%22%85%BF%08%1E%22bG%27%28%21%B9%F7%0B%F3%AD%0BF%C0%F8%E4%C9%CE%BB%CA%D6%AF%F5%C0%DC%3EzIB%D2%27%A8%A3%F69%83%D2%04%AF%29%3D%1BB%BE%00%16%FE%A0%E8%82%ABy%2F-%10%01R%E8%07%A9w%D3o5%8D%EB%89%CD%1B%2C0%04P%AF%2A%14%5B%EEyF%F4%89%B9l%EE%CF%2A%F4%3E%B1%09s
1552512745.906793 DEBUG: [nfd.Forwarder] onOutgoingInterest face=258 interest=/localhost/nfd/rib/register/h%15%07%06%08%04testi%02%01%06o%01%FFj%01%00l%01%01/%00%00%01ix%F8%81%AB/%08%E1d%A9%FB%E0%C18/%16%1C%1B%01%01%1C%17%07%15%08%04root%08%03KEY%08%08%91%0E%B3F%29%8B%C2%D5/%17%FD%01%00D%5Cn%9A%F6%8Dk%F3%3A%C3%8C%E8%8B-y%1C%B8%04%DD%BF%C4%AE%25%D4%09K%BBjl%F4%03%8D7%CDI%C7k%29pbft%B60%7CnX%8Fo%28%2F%09%B6Q%E7li%A6%F6%3F%FFh%88%C3%1F%18D%8D1%00%AE%8EY%C3%88%D4j%EC%3B%89K%5C%81%A9B%7F%A0%92%40%D1e6%A5%EE%FE%E3%D8%7B%DD%E1f%1F%CA%00%FB%A8.X%86P%87%FE%BAE%28%E6%82%9B8o%B6Q%C0%26%CBp%94%12%9F%E5%B8%DB%14%B1%98P%94%C0V%9A%7B%A3%DA%7DHP%FE%D3%85%FA8%94%8A%8B%BDF%87%FD%9B%22%85%BF%08%1E%22bG%27%28%21%B9%F7%0B%F3%AD%0BF%C0%F8%E4%C9%CE%BB%CA%D6%AF%F5%C0%DC%3EzIB%D2%27%A8%A3%F69%83%D2%04%AF%29%3D%1BB%BE%00%16%FE%A0%E8%82%ABy%2F-%10%01R%E8%07%A9w%D3o5%8D%EB%89%CD%1B%2C0%04P%AF%2A%14%5B%EEyF%F4%89%B9l%EE%CF%2A%F4%3E%B1%09s
1552512745.909565 INFO: [nfd.RibManager] Adding route /test nexthop=262 origin=static cost=0
1552512745.912447 DEBUG: [nfd.Forwarder] onIncomingData face=258 data=/localhost/nfd/rib/register/h%15%07%06%08%04testi%02%01%06o%01%FFj%01%00l%01%01/%00%00%01ix%F8%81%AB/%08%E1d%A9%FB%E0%C18/%16%1C%1B%01%01%1C%17%07%15%08%04root%08%03KEY%08%08%91%0E%B3F%29%8B%C2%D5/%17%FD%01%00D%5Cn%9A%F6%8Dk%F3%3A%C3%8C%E8%8B-y%1C%B8%04%DD%BF%C4%AE%25%D4%09K%BBjl%F4%03%8D7%CDI%C7k%29pbft%B60%7CnX%8Fo%28%2F%09%B6Q%E7li%A6%F6%3F%FFh%88%C3%1F%18D%8D1%00%AE%8EY%C3%88%D4j%EC%3B%89K%5C%81%A9B%7F%A0%92%40%D1e6%A5%EE%FE%E3%D8%7B%DD%E1f%1F%CA%00%FB%A8.X%86P%87%FE%BAE%28%E6%82%9B8o%B6Q%C0%26%CBp%94%12%9F%E5%B8%DB%14%B1%98P%94%C0V%9A%7B%A3%DA%7DHP%FE%D3%85%FA8%94%8A%8B%BDF%87%FD%9B%22%85%BF%08%1E%22bG%27%28%21%B9%F7%0B%F3%AD%0BF%C0%F8%E4%C9%CE%BB%CA%D6%AF%F5%C0%DC%3EzIB%D2%27%A8%A3%F69%83%D2%04%AF%29%3D%1BB%BE%00%16%FE%A0%E8%82%ABy%2F-%10%01R%E8%07%A9w%D3o5%8D%EB%89%CD%1B%2C0%04P%AF%2A%14%5B%EEyF%F4%89%B9l%EE%CF%2A%F4%3E%B1%09s
1552512745.912509 DEBUG: [nfd.ContentStore] insert /localhost/nfd/rib/register/h%15%07%06%08%04testi%02%01%06o%01%FFj%01%00l%01%01/%00%00%01ix%F8%81%AB/%08%E1d%A9%FB%E0%C18/%16%1C%1B%01%01%1C%17%07%15%08%04root%08%03KEY%08%08%91%0E%B3F%29%8B%C2%D5/%17%FD%01%00D%5Cn%9A%F6%8Dk%F3%3A%C3%8C%E8%8B-y%1C%B8%04%DD%BF%C4%AE%25%D4%09K%BBjl%F4%03%8D7%CDI%C7k%29pbft%B60%7CnX%8Fo%28%2F%09%B6Q%E7li%A6%F6%3F%FFh%88%C3%1F%18D%8D1%00%AE%8EY%C3%88%D4j%EC%3B%89K%5C%81%A9B%7F%A0%92%40%D1e6%A5%EE%FE%E3%D8%7B%DD%E1f%1F%CA%00%FB%A8.X%86P%87%FE%BAE%28%E6%82%9B8o%B6Q%C0%26%CBp%94%12%9F%E5%B8%DB%14%B1%98P%94%C0V%9A%7B%A3%DA%7DHP%FE%D3%85%FA8%94%8A%8B%BDF%87%FD%9B%22%85%BF%08%1E%22bG%27%28%21%B9%F7%0B%F3%AD%0BF%C0%F8%E4%C9%CE%BB%CA%D6%AF%F5%C0%DC%3EzIB%D2%27%A8%A3%F69%83%D2%04%AF%29%3D%1BB%BE%00%16%FE%A0%E8%82%ABy%2F-%10%01R%E8%07%A9w%D3o5%8D%EB%89%CD%1B%2C0%04P%AF%2A%14%5B%EEyF%F4%89%B9l%EE%CF%2A%F4%3E%B1%09s
1552512745.912566 DEBUG: [nfd.Forwarder] onIncomingData matching=/localhost/nfd/rib/register/h%15%07%06%08%04testi%02%01%06o%01%FFj%01%00l%01%01/%00%00%01ix%F8%81%AB/%08%E1d%A9%FB%E0%C18/%16%1C%1B%01%01%1C%17%07%15%08%04root%08%03KEY%08%08%91%0E%B3F%29%8B%C2%D5/%17%FD%01%00D%5Cn%9A%F6%8Dk%F3%3A%C3%8C%E8%8B-y%1C%B8%04%DD%BF%C4%AE%25%D4%09K%BBjl%F4%03%8D7%CDI%C7k%29pbft%B60%7CnX%8Fo%28%2F%09%B6Q%E7li%A6%F6%3F%FFh%88%C3%1F%18D%8D1%00%AE%8EY%C3%88%D4j%EC%3B%89K%5C%81%A9B%7F%A0%92%40%D1e6%A5%EE%FE%E3%D8%7B%DD%E1f%1F%CA%00%FB%A8.X%86P%87%FE%BAE%28%E6%82%9B8o%B6Q%C0%26%CBp%94%12%9F%E5%B8%DB%14%B1%98P%94%C0V%9A%7B%A3%DA%7DHP%FE%D3%85%FA8%94%8A%8B%BDF%87%FD%9B%22%85%BF%08%1E%22bG%27%28%21%B9%F7%0B%F3%AD%0BF%C0%F8%E4%C9%CE%BB%CA%D6%AF%F5%C0%DC%3EzIB%D2%27%A8%A3%F69%83%D2%04%AF%29%3D%1BB%BE%00%16%FE%A0%E8%82%ABy%2F-%10%01R%E8%07%A9w%D3o5%8D%EB%89%CD%1B%2C0%04P%AF%2A%14%5B%EEyF%F4%89%B9l%EE%CF%2A%F4%3E%B1%09s
1552512745.912631 DEBUG: [nfd.Forwarder] onOutgoingData face=263 data=/localhost/nfd/rib/register/h%15%07%06%08%04testi%02%01%06o%01%FFj%01%00l%01%01/%00%00%01ix%F8%81%AB/%08%E1d%A9%FB%E0%C18/%16%1C%1B%01%01%1C%17%07%15%08%04root%08%03KEY%08%08%91%0E%B3F%29%8B%C2%D5/%17%FD%01%00D%5Cn%9A%F6%8Dk%F3%3A%C3%8C%E8%8B-y%1C%B8%04%DD%BF%C4%AE%25%D4%09K%BBjl%F4%03%8D7%CDI%C7k%29pbft%B60%7CnX%8Fo%28%2F%09%B6Q%E7li%A6%F6%3F%FFh%88%C3%1F%18D%8D1%00%AE%8EY%C3%88%D4j%EC%3B%89K%5C%81%A9B%7F%A0%92%40%D1e6%A5%EE%FE%E3%D8%7B%DD%E1f%1F%CA%00%FB%A8.X%86P%87%FE%BAE%28%E6%82%9B8o%B6Q%C0%26%CBp%94%12%9F%E5%B8%DB%14%B1%98P%94%C0V%9A%7B%A3%DA%7DHP%FE%D3%85%FA8%94%8A%8B%BDF%87%FD%9B%22%85%BF%08%1E%22bG%27%28%21%B9%F7%0B%F3%AD%0BF%C0%F8%E4%C9%CE%BB%CA%D6%AF%F5%C0%DC%3EzIB%D2%27%A8%A3%F69%83%D2%04%AF%29%3D%1BB%BE%00%16%FE%A0%E8%82%ABy%2F-%10%01R%E8%07%A9w%D3o5%8D%EB%89%CD%1B%2C0%04P%AF%2A%14%5B%EEyF%F4%89%B9l%EE%CF%2A%F4%3E%B1%09s
1552512745.912724 DEBUG: [nfd.Forwarder] onIncomingInterest face=258 interest=/localhost/nfd/fib/add-nexthop/h%0F%07%06%08%04testi%02%01%06j%01%00/%00%00%01ix%F8%81%B5/%B8A%A3j%03%B1%2Bq/%16%1C%1B%01%01%1C%17%07%15%08%04root%08%03KEY%08%08%91%0E%B3F%29%8B%C2%D5/%17%FD%01%00Z%EC%E3%EA%17T%1C%D8%FE%DB9%18%9F%EAA%F6%CCc%14%2F%E1.%F5%F07%21%DF%5D%3CMG%95%C3%EE%8B%15Y%99%01DXX%DE%94%B1%2F%19%99U%2A%26%12_%05%A6%8F~%9A%97_%F4%DC4%B5%FA%DFl.O%D3%5C%8B%01m%BE%CE%FB%DF%40%97%C9%81%97~%EE%0F8%F53%CD%A4F%40%FFyz%9A%DA%EEd%05%EF%09%CC%A0%80f%F2%B5%CDT%9CF%15%CF.9%A4%C3%B1%86%3D%22%90%00%D2%C5%A0%84%E3R%AF%E94%F9%E9%F4%1E%AB%114%7De%E5%0C%EF%FA%B10%1A9%D8%0Dr%00%FB%E1%0E%CB%AC%7D%3A%23%CDM%E1q%B4%0D%E5%2A%C1%D9%9A%86%7C%5C%F6%9C%1D~E%D5%11D_%E0hB%F3r%BA%F4t%BF%17%07%C5%AE%00%7C5%B61%60%D1%8C%EFF%03pK%28%9DM5%D0%FA%25%B0%13S%2B%96%20%A6%CB%DDc%00%06%20%2Cr%E5%08~%E1QM%06%CA%05%EE%F3%B1%F7%CB%1C%AA%D2%9D%A3%A6%E8%F1
1552512745.912790 DEBUG: [nfd.ContentStore] find /localhost/nfd/fib/add-nexthop/h%0F%07%06%08%04testi%02%01%06j%01%00/%00%00%01ix%F8%81%B5/%B8A%A3j%03%B1%2Bq/%16%1C%1B%01%01%1C%17%07%15%08%04root%08%03KEY%08%08%91%0E%B3F%29%8B%C2%D5/%17%FD%01%00Z%EC%E3%EA%17T%1C%D8%FE%DB9%18%9F%EAA%F6%CCc%14%2F%E1.%F5%F07%21%DF%5D%3CMG%95%C3%EE%8B%15Y%99%01DXX%DE%94%B1%2F%19%99U%2A%26%12_%05%A6%8F~%9A%97_%F4%DC4%B5%FA%DFl.O%D3%5C%8B%01m%BE%CE%FB%DF%40%97%C9%81%97~%EE%0F8%F53%CD%A4F%40%FFyz%9A%DA%EEd%05%EF%09%CC%A0%80f%F2%B5%CDT%9CF%15%CF.9%A4%C3%B1%86%3D%22%90%00%D2%C5%A0%84%E3R%AF%E94%F9%E9%F4%1E%AB%114%7De%E5%0C%EF%FA%B10%1A9%D8%0Dr%00%FB%E1%0E%CB%AC%7D%3A%23%CDM%E1q%B4%0D%E5%2A%C1%D9%9A%86%7C%5C%F6%9C%1D~E%D5%11D_%E0hB%F3r%BA%F4t%BF%17%07%C5%AE%00%7C5%B61%60%D1%8C%EFF%03pK%28%9DM5%D0%FA%25%B0%13S%2B%96%20%A6%CB%DDc%00%06%20%2Cr%E5%08~%E1QM%06%CA%05%EE%F3%B1%F7%CB%1C%AA%D2%9D%A3%A6%E8%F1 L
1552512745.912846 DEBUG: [nfd.ContentStore]   no-match
1552512745.912853 DEBUG: [nfd.Forwarder] onContentStoreMiss interest=/localhost/nfd/fib/add-nexthop/h%0F%07%06%08%04testi%02%01%06j%01%00/%00%00%01ix%F8%81%B5/%B8A%A3j%03%B1%2Bq/%16%1C%1B%01%01%1C%17%07%15%08%04root%08%03KEY%08%08%91%0E%B3F%29%8B%C2%D5/%17%FD%01%00Z%EC%E3%EA%17T%1C%D8%FE%DB9%18%9F%EAA%F6%CCc%14%2F%E1.%F5%F07%21%DF%5D%3CMG%95%C3%EE%8B%15Y%99%01DXX%DE%94%B1%2F%19%99U%2A%26%12_%05%A6%8F~%9A%97_%F4%DC4%B5%FA%DFl.O%D3%5C%8B%01m%BE%CE%FB%DF%40%97%C9%81%97~%EE%0F8%F53%CD%A4F%40%FFyz%9A%DA%EEd%05%EF%09%CC%A0%80f%F2%B5%CDT%9CF%15%CF.9%A4%C3%B1%86%3D%22%90%00%D2%C5%A0%84%E3R%AF%E94%F9%E9%F4%1E%AB%114%7De%E5%0C%EF%FA%B10%1A9%D8%0Dr%00%FB%E1%0E%CB%AC%7D%3A%23%CDM%E1q%B4%0D%E5%2A%C1%D9%9A%86%7C%5C%F6%9C%1D~E%D5%11D_%E0hB%F3r%BA%F4t%BF%17%07%C5%AE%00%7C5%B61%60%D1%8C%EFF%03pK%28%9DM5%D0%FA%25%B0%13S%2B%96%20%A6%CB%DDc%00%06%20%2Cr%E5%08~%E1QM%06%CA%05%EE%F3%B1%F7%CB%1C%AA%D2%9D%A3%A6%E8%F1
1552512745.912917 DEBUG: [nfd.Forwarder] onOutgoingInterest face=1 interest=/localhost/nfd/fib/add-nexthop/h%0F%07%06%08%04testi%02%01%06j%01%00/%00%00%01ix%F8%81%B5/%B8A%A3j%03%B1%2Bq/%16%1C%1B%01%01%1C%17%07%15%08%04root%08%03KEY%08%08%91%0E%B3F%29%8B%C2%D5/%17%FD%01%00Z%EC%E3%EA%17T%1C%D8%FE%DB9%18%9F%EAA%F6%CCc%14%2F%E1.%F5%F07%21%DF%5D%3CMG%95%C3%EE%8B%15Y%99%01DXX%DE%94%B1%2F%19%99U%2A%26%12_%05%A6%8F~%9A%97_%F4%DC4%B5%FA%DFl.O%D3%5C%8B%01m%BE%CE%FB%DF%40%97%C9%81%97~%EE%0F8%F53%CD%A4F%40%FFyz%9A%DA%EEd%05%EF%09%CC%A0%80f%F2%B5%CDT%9CF%15%CF.9%A4%C3%B1%86%3D%22%90%00%D2%C5%A0%84%E3R%AF%E94%F9%E9%F4%1E%AB%114%7De%E5%0C%EF%FA%B10%1A9%D8%0Dr%00%FB%E1%0E%CB%AC%7D%3A%23%CDM%E1q%B4%0D%E5%2A%C1%D9%9A%86%7C%5C%F6%9C%1D~E%D5%11D_%E0hB%F3r%BA%F4t%BF%17%07%C5%AE%00%7C5%B61%60%D1%8C%EFF%03pK%28%9DM5%D0%FA%25%B0%13S%2B%96%20%A6%CB%DDc%00%06%20%2Cr%E5%08~%E1QM%06%CA%05%EE%F3%B1%F7%CB%1C%AA%D2%9D%A3%A6%E8%F1
1552512745.912997 DEBUG: [nfd.Forwarder] onInterestFinalize interest=/localhost/nfd/rib/register/h%15%07%06%08%04testi%02%01%06o%01%FFj%01%00l%01%01/%00%00%01ix%F8%81%AB/%08%E1d%A9%FB%E0%C18/%16%1C%1B%01%01%1C%17%07%15%08%04root%08%03KEY%08%08%91%0E%B3F%29%8B%C2%D5/%17%FD%01%00D%5Cn%9A%F6%8Dk%F3%3A%C3%8C%E8%8B-y%1C%B8%04%DD%BF%C4%AE%25%D4%09K%BBjl%F4%03%8D7%CDI%C7k%29pbft%B60%7CnX%8Fo%28%2F%09%B6Q%E7li%A6%F6%3F%FFh%88%C3%1F%18D%8D1%00%AE%8EY%C3%88%D4j%EC%3B%89K%5C%81%A9B%7F%A0%92%40%D1e6%A5%EE%FE%E3%D8%7B%DD%E1f%1F%CA%00%FB%A8.X%86P%87%FE%BAE%28%E6%82%9B8o%B6Q%C0%26%CBp%94%12%9F%E5%B8%DB%14%B1%98P%94%C0V%9A%7B%A3%DA%7DHP%FE%D3%85%FA8%94%8A%8B%BDF%87%FD%9B%22%85%BF%08%1E%22bG%27%28%21%B9%F7%0B%F3%AD%0BF%C0%F8%E4%C9%CE%BB%CA%D6%AF%F5%C0%DC%3EzIB%D2%27%A8%A3%F69%83%D2%04%AF%29%3D%1BB%BE%00%16%FE%A0%E8%82%ABy%2F-%10%01R%E8%07%A9w%D3o5%8D%EB%89%CD%1B%2C0%04P%AF%2A%14%5B%EEyF%F4%89%B9l%EE%CF%2A%F4%3E%B1%09s satisfied
1552512745.916032 INFO: [nfd.Transport] [id=263,local=unix:///run/nfd.sock,remote=fd://35] setState UP -> CLOSING
1552512745.916100 INFO: [nfd.Transport] [id=263,local=unix:///run/nfd.sock,remote=fd://35] setState CLOSING -> CLOSED
1552512745.919359 INFO: [nfd.FaceTable] Removed face id=263 remote=fd://35 local=unix:///run/nfd.sock
1552512745.919418 DEBUG: [nfd.Forwarder] onIncomingData face=1 data=/localhost/nfd/fib/add-nexthop/h%0F%07%06%08%04testi%02%01%06j%01%00/%00%00%01ix%F8%81%B5/%B8A%A3j%03%B1%2Bq/%16%1C%1B%01%01%1C%17%07%15%08%04root%08%03KEY%08%08%91%0E%B3F%29%8B%C2%D5/%17%FD%01%00Z%EC%E3%EA%17T%1C%D8%FE%DB9%18%9F%EAA%F6%CCc%14%2F%E1.%F5%F07%21%DF%5D%3CMG%95%C3%EE%8B%15Y%99%01DXX%DE%94%B1%2F%19%99U%2A%26%12_%05%A6%8F~%9A%97_%F4%DC4%B5%FA%DFl.O%D3%5C%8B%01m%BE%CE%FB%DF%40%97%C9%81%97~%EE%0F8%F53%CD%A4F%40%FFyz%9A%DA%EEd%05%EF%09%CC%A0%80f%F2%B5%CDT%9CF%15%CF.9%A4%C3%B1%86%3D%22%90%00%D2%C5%A0%84%E3R%AF%E94%F9%E9%F4%1E%AB%114%7De%E5%0C%EF%FA%B10%1A9%D8%0Dr%00%FB%E1%0E%CB%AC%7D%3A%23%CDM%E1q%B4%0D%E5%2A%C1%D9%9A%86%7C%5C%F6%9C%1D~E%D5%11D_%E0hB%F3r%BA%F4t%BF%17%07%C5%AE%00%7C5%B61%60%D1%8C%EFF%03pK%28%9DM5%D0%FA%25%B0%13S%2B%96%20%A6%CB%DDc%00%06%20%2Cr%E5%08~%E1QM%06%CA%05%EE%F3%B1%F7%CB%1C%AA%D2%9D%A3%A6%E8%F1
1552512745.919494 DEBUG: [nfd.ContentStore] insert /localhost/nfd/fib/add-nexthop/h%0F%07%06%08%04testi%02%01%06j%01%00/%00%00%01ix%F8%81%B5/%B8A%A3j%03%B1%2Bq/%16%1C%1B%01%01%1C%17%07%15%08%04root%08%03KEY%08%08%91%0E%B3F%29%8B%C2%D5/%17%FD%01%00Z%EC%E3%EA%17T%1C%D8%FE%DB9%18%9F%EAA%F6%CCc%14%2F%E1.%F5%F07%21%DF%5D%3CMG%95%C3%EE%8B%15Y%99%01DXX%DE%94%B1%2F%19%99U%2A%26%12_%05%A6%8F~%9A%97_%F4%DC4%B5%FA%DFl.O%D3%5C%8B%01m%BE%CE%FB%DF%40%97%C9%81%97~%EE%0F8%F53%CD%A4F%40%FFyz%9A%DA%EEd%05%EF%09%CC%A0%80f%F2%B5%CDT%9CF%15%CF.9%A4%C3%B1%86%3D%22%90%00%D2%C5%A0%84%E3R%AF%E94%F9%E9%F4%1E%AB%114%7De%E5%0C%EF%FA%B10%1A9%D8%0Dr%00%FB%E1%0E%CB%AC%7D%3A%23%CDM%E1q%B4%0D%E5%2A%C1%D9%9A%86%7C%5C%F6%9C%1D~E%D5%11D_%E0hB%F3r%BA%F4t%BF%17%07%C5%AE%00%7C5%B61%60%D1%8C%EFF%03pK%28%9DM5%D0%FA%25%B0%13S%2B%96%20%A6%CB%DDc%00%06%20%2Cr%E5%08~%E1QM%06%CA%05%EE%F3%B1%F7%CB%1C%AA%D2%9D%A3%A6%E8%F1
1552512745.919565 DEBUG: [nfd.Forwarder] onIncomingData matching=/localhost/nfd/fib/add-nexthop/h%0F%07%06%08%04testi%02%01%06j%01%00/%00%00%01ix%F8%81%B5/%B8A%A3j%03%B1%2Bq/%16%1C%1B%01%01%1C%17%07%15%08%04root%08%03KEY%08%08%91%0E%B3F%29%8B%C2%D5/%17%FD%01%00Z%EC%E3%EA%17T%1C%D8%FE%DB9%18%9F%EAA%F6%CCc%14%2F%E1.%F5%F07%21%DF%5D%3CMG%95%C3%EE%8B%15Y%99%01DXX%DE%94%B1%2F%19%99U%2A%26%12_%05%A6%8F~%9A%97_%F4%DC4%B5%FA%DFl.O%D3%5C%8B%01m%BE%CE%FB%DF%40%97%C9%81%97~%EE%0F8%F53%CD%A4F%40%FFyz%9A%DA%EEd%05%EF%09%CC%A0%80f%F2%B5%CDT%9CF%15%CF.9%A4%C3%B1%86%3D%22%90%00%D2%C5%A0%84%E3R%AF%E94%F9%E9%F4%1E%AB%114%7De%E5%0C%EF%FA%B10%1A9%D8%0Dr%00%FB%E1%0E%CB%AC%7D%3A%23%CDM%E1q%B4%0D%E5%2A%C1%D9%9A%86%7C%5C%F6%9C%1D~E%D5%11D_%E0hB%F3r%BA%F4t%BF%17%07%C5%AE%00%7C5%B61%60%D1%8C%EFF%03pK%28%9DM5%D0%FA%25%B0%13S%2B%96%20%A6%CB%DDc%00%06%20%2Cr%E5%08~%E1QM%06%CA%05%EE%F3%B1%F7%CB%1C%AA%D2%9D%A3%A6%E8%F1
1552512745.919652 DEBUG: [nfd.Forwarder] onOutgoingData face=258 data=/localhost/nfd/fib/add-nexthop/h%0F%07%06%08%04testi%02%01%06j%01%00/%00%00%01ix%F8%81%B5/%B8A%A3j%03%B1%2Bq/%16%1C%1B%01%01%1C%17%07%15%08%04root%08%03KEY%08%08%91%0E%B3F%29%8B%C2%D5/%17%FD%01%00Z%EC%E3%EA%17T%1C%D8%FE%DB9%18%9F%EAA%F6%CCc%14%2F%E1.%F5%F07%21%DF%5D%3CMG%95%C3%EE%8B%15Y%99%01DXX%DE%94%B1%2F%19%99U%2A%26%12_%05%A6%8F~%9A%97_%F4%DC4%B5%FA%DFl.O%D3%5C%8B%01m%BE%CE%FB%DF%40%97%C9%81%97~%EE%0F8%F53%CD%A4F%40%FFyz%9A%DA%EEd%05%EF%09%CC%A0%80f%F2%B5%CDT%9CF%15%CF.9%A4%C3%B1%86%3D%22%90%00%D2%C5%A0%84%E3R%AF%E94%F9%E9%F4%1E%AB%114%7De%E5%0C%EF%FA%B10%1A9%D8%0Dr%00%FB%E1%0E%CB%AC%7D%3A%23%CDM%E1q%B4%0D%E5%2A%C1%D9%9A%86%7C%5C%F6%9C%1D~E%D5%11D_%E0hB%F3r%BA%F4t%BF%17%07%C5%AE%00%7C5%B61%60%D1%8C%EFF%03pK%28%9DM5%D0%FA%25%B0%13S%2B%96%20%A6%CB%DDc%00%06%20%2Cr%E5%08~%E1QM%06%CA%05%EE%F3%B1%F7%CB%1C%AA%D2%9D%A3%A6%E8%F1
1552512745.919816 DEBUG: [nfd.Forwarder] onIncomingData face=1 data=/localhost/nfd/faces/events/%FE%09
1552512745.919836 DEBUG: [nfd.ContentStore] insert /localhost/nfd/faces/events/%FE%09
1552512745.919846 DEBUG: [nfd.Forwarder] onIncomingData matching=/localhost/nfd/faces/events/%FE%09
1552512745.919863 DEBUG: [nfd.Forwarder] onOutgoingData face=258 data=/localhost/nfd/faces/events/%FE%09
1552512745.919891 DEBUG: [nfd.Forwarder] onInterestFinalize interest=/localhost/nfd/fib/add-nexthop/h%0F%07%06%08%04testi%02%01%06j%01%00/%00%00%01ix%F8%81%B5/%B8A%A3j%03%B1%2Bq/%16%1C%1B%01%01%1C%17%07%15%08%04root%08%03KEY%08%08%91%0E%B3F%29%8B%C2%D5/%17%FD%01%00Z%EC%E3%EA%17T%1C%D8%FE%DB9%18%9F%EAA%F6%CCc%14%2F%E1.%F5%F07%21%DF%5D%3CMG%95%C3%EE%8B%15Y%99%01DXX%DE%94%B1%2F%19%99U%2A%26%12_%05%A6%8F~%9A%97_%F4%DC4%B5%FA%DFl.O%D3%5C%8B%01m%BE%CE%FB%DF%40%97%C9%81%97~%EE%0F8%F53%CD%A4F%40%FFyz%9A%DA%EEd%05%EF%09%CC%A0%80f%F2%B5%CDT%9CF%15%CF.9%A4%C3%B1%86%3D%22%90%00%D2%C5%A0%84%E3R%AF%E94%F9%E9%F4%1E%AB%114%7De%E5%0C%EF%FA%B10%1A9%D8%0Dr%00%FB%E1%0E%CB%AC%7D%3A%23%CDM%E1q%B4%0D%E5%2A%C1%D9%9A%86%7C%5C%F6%9C%1D~E%D5%11D_%E0hB%F3r%BA%F4t%BF%17%07%C5%AE%00%7C5%B61%60%D1%8C%EFF%03pK%28%9DM5%D0%FA%25%B0%13S%2B%96%20%A6%CB%DDc%00%06%20%2Cr%E5%08~%E1QM%06%CA%05%EE%F3%B1%F7%CB%1C%AA%D2%9D%A3%A6%E8%F1 satisfied
1552512745.919965 DEBUG: [nfd.Forwarder] onInterestFinalize interest=/localhost/nfd/faces/events/%FE%09 satisfied
1552512745.920281 DEBUG: [nfd.Forwarder] onIncomingInterest face=258 interest=/localhost/nfd/faces/events/%FE%0A
1552512745.920312 DEBUG: [nfd.ContentStore] find /localhost/nfd/faces/events/%FE%0A L
1552512745.920349 DEBUG: [nfd.ContentStore]   no-match
1552512745.920386 DEBUG: [nfd.Forwarder] onContentStoreMiss interest=/localhost/nfd/faces/events/%FE%0A
1552512745.920410 DEBUG: [nfd.Forwarder] onOutgoingInterest face=1 interest=/localhost/nfd/faces/events/%FE%0A
1552512805.919549 DEBUG: [nfd.Forwarder] onInterestFinalize interest=/localhost/nfd/faces/events/%FE%0A unsatisfied
1552512805.920431 DEBUG: [nfd.Forwarder] onIncomingInterest face=258 interest=/localhost/nfd/faces/events
1552512805.920474 DEBUG: [nfd.ContentStore] find /localhost/nfd/faces/events L
1552512805.920493 DEBUG: [nfd.ContentStore]   no-match
1552512805.920498 DEBUG: [nfd.Forwarder] onContentStoreMiss interest=/localhost/nfd/faces/events
1552512805.920513 DEBUG: [nfd.Forwarder] onOutgoingInterest face=1 interest=/localhost/nfd/faces/events
1552512806.338698 INFO: [nfd.UnixStreamTransport] [id=0,local=unix:///run/nfd.sock,remote=fd://35] Creating transport
1552512806.338728 INFO: [nfd.FaceTable] Added face id=264 remote=fd://35 local=unix:///run/nfd.sock
1552512806.342764 DEBUG: [nfd.Forwarder] onIncomingInterest face=264 interest=/test/ping/16574507003950960785
1552512806.342798 DEBUG: [nfd.ContentStore] find /test/ping/16574507003950960785 L
1552512806.342814 DEBUG: [nfd.ContentStore]   no-match
1552512806.342823 DEBUG: [nfd.Forwarder] onContentStoreMiss interest=/test/ping/16574507003950960785
1552512806.342844 DEBUG: [nfd.Forwarder] onOutgoingInterest face=262 interest=/test/ping/16574507003950960785
1552512806.342996 DEBUG: [nfd.Forwarder] onIncomingData face=1 data=/localhost/nfd/faces/events/%FE%0A
1552512806.343026 DEBUG: [nfd.ContentStore] insert /localhost/nfd/faces/events/%FE%0A
1552512806.343038 DEBUG: [nfd.Forwarder] onIncomingData matching=/localhost/nfd/faces/events
1552512806.343066 DEBUG: [nfd.Forwarder] onOutgoingData face=258 data=/localhost/nfd/faces/events/%FE%0A
1552512806.343165 DEBUG: [nfd.Forwarder] onInterestFinalize interest=/localhost/nfd/faces/events satisfied
1552512806.343286 DEBUG: [nfd.Forwarder] onIncomingInterest face=258 interest=/localhost/nfd/faces/events/%FE%0B
1552512806.343325 DEBUG: [nfd.ContentStore] find /localhost/nfd/faces/events/%FE%0B L
1552512806.343347 DEBUG: [nfd.ContentStore]   no-match
1552512806.343355 DEBUG: [nfd.Forwarder] onContentStoreMiss interest=/localhost/nfd/faces/events/%FE%0B
1552512806.343372 DEBUG: [nfd.Forwarder] onOutgoingInterest face=1 interest=/localhost/nfd/faces/events/%FE%0B
1552512806.348850 DEBUG: [nfd.Forwarder] onIncomingData face=262 data=/test/ping/16574507003950960785
1552512806.348884 DEBUG: [nfd.ContentStore] insert /test/ping/16574507003950960785
1552512806.348906 DEBUG: [nfd.Forwarder] onIncomingData matching=/test/ping/16574507003950960785
1552512806.348941 DEBUG: [nfd.Forwarder] onOutgoingData face=264 data=/test/ping/16574507003950960785
1552512806.349005 DEBUG: [nfd.Forwarder] onInterestFinalize interest=/test/ping/16574507003950960785 satisfied
1552512807.338762 DEBUG: [nfd.Forwarder] onIncomingInterest face=264 interest=/test/ping/16574507003950960786
1552512807.338807 DEBUG: [nfd.ContentStore] find /test/ping/16574507003950960786 L
1552512807.338826 DEBUG: [nfd.ContentStore]   no-match
1552512807.338835 DEBUG: [nfd.Forwarder] onContentStoreMiss interest=/test/ping/16574507003950960786
1552512807.338852 DEBUG: [nfd.Forwarder] onOutgoingInterest face=262 interest=/test/ping/16574507003950960786
1552512807.340056 DEBUG: [nfd.Forwarder] onIncomingData face=262 data=/test/ping/16574507003950960786
1552512807.340092 DEBUG: [nfd.ContentStore] insert /test/ping/16574507003950960786
1552512807.340114 DEBUG: [nfd.Forwarder] onIncomingData matching=/test/ping/16574507003950960786
1552512807.340154 DEBUG: [nfd.Forwarder] onOutgoingData face=264 data=/test/ping/16574507003950960786
1552512807.340226 DEBUG: [nfd.Forwarder] onInterestFinalize interest=/test/ping/16574507003950960786 satisfied
1552512807.900200 INFO: [nfd.Transport] [id=264,local=unix:///run/nfd.sock,remote=fd://35] setState UP -> CLOSING
1552512807.900276 INFO: [nfd.Transport] [id=264,local=unix:///run/nfd.sock,remote=fd://35] setState CLOSING -> CLOSED
1552512807.904247 INFO: [nfd.FaceTable] Removed face id=264 remote=fd://35 local=unix:///run/nfd.sock
1552512807.904339 DEBUG: [nfd.Forwarder] onIncomingData face=1 data=/localhost/nfd/faces/events/%FE%0B
1552512807.904368 DEBUG: [nfd.ContentStore] insert /localhost/nfd/faces/events/%FE%0B
1552512807.904382 DEBUG: [nfd.Forwarder] onIncomingData matching=/localhost/nfd/faces/events/%FE%0B
1552512807.904423 DEBUG: [nfd.Forwarder] onOutgoingData face=258 data=/localhost/nfd/faces/events/%FE%0B
1552512807.904491 DEBUG: [nfd.Forwarder] onInterestFinalize interest=/localhost/nfd/faces/events/%FE%0B satisfied
1552512807.904667 DEBUG: [nfd.Forwarder] onIncomingInterest face=258 interest=/localhost/nfd/faces/events/%FE%0C
1552512807.904716 DEBUG: [nfd.ContentStore] find /localhost/nfd/faces/events/%FE%0C L
1552512807.904755 DEBUG: [nfd.ContentStore]   no-match
1552512807.904769 DEBUG: [nfd.Forwarder] onContentStoreMiss interest=/localhost/nfd/faces/events/%FE%0C
1552512807.904794 DEBUG: [nfd.Forwarder] onOutgoingInterest face=1 interest=/localhost/nfd/faces/events/%FE%0C
1552512867.903967 DEBUG: [nfd.Forwarder] onInterestFinalize interest=/localhost/nfd/faces/events/%FE%0C unsatisfied
1552512867.904818 DEBUG: [nfd.Forwarder] onIncomingInterest face=258 interest=/localhost/nfd/faces/events
1552512867.904861 DEBUG: [nfd.ContentStore] find /localhost/nfd/faces/events L
1552512867.904898 DEBUG: [nfd.ContentStore]   no-match
1552512867.904919 DEBUG: [nfd.Forwarder] onContentStoreMiss interest=/localhost/nfd/faces/events
1552512867.904947 DEBUG: [nfd.Forwarder] onOutgoingInterest face=1 interest=/localhost/nfd/faces/events
1552512869.783942 INFO: [nfd.UnixStreamTransport] [id=0,local=unix:///run/nfd.sock,remote=fd://35] Creating transport
1552512869.783968 INFO: [nfd.FaceTable] Added face id=265 remote=fd://35 local=unix:///run/nfd.sock
1552512869.787487 DEBUG: [nfd.Forwarder] onIncomingInterest face=265 interest=/test/g/0
1552512869.787518 DEBUG: [nfd.ContentStore] find /test/g/0 L
1552512869.787530 DEBUG: [nfd.ContentStore]   no-match
1552512869.787535 DEBUG: [nfd.Forwarder] onContentStoreMiss interest=/test/g/0
1552512869.787546 DEBUG: [nfd.Forwarder] onOutgoingInterest face=262 interest=/test/g/0
1552512869.787669 DEBUG: [nfd.Forwarder] onIncomingData face=1 data=/localhost/nfd/faces/events/%FE%0C
1552512869.787693 DEBUG: [nfd.ContentStore] insert /localhost/nfd/faces/events/%FE%0C
1552512869.787703 DEBUG: [nfd.Forwarder] onIncomingData matching=/localhost/nfd/faces/events
1552512869.787739 DEBUG: [nfd.Forwarder] onOutgoingData face=258 data=/localhost/nfd/faces/events/%FE%0C
1552512869.787807 DEBUG: [nfd.Forwarder] onInterestFinalize interest=/localhost/nfd/faces/events satisfied
1552512869.787929 DEBUG: [nfd.Forwarder] onIncomingInterest face=258 interest=/localhost/nfd/faces/events/%FE%0D
1552512869.787959 DEBUG: [nfd.ContentStore] find /localhost/nfd/faces/events/%FE%0D L
1552512869.787982 DEBUG: [nfd.ContentStore]   no-match
1552512869.787998 DEBUG: [nfd.Forwarder] onContentStoreMiss interest=/localhost/nfd/faces/events/%FE%0D
1552512869.788014 DEBUG: [nfd.Forwarder] onOutgoingInterest face=1 interest=/localhost/nfd/faces/events/%FE%0D
1552512910.054957 DEBUG: [nfd.Forwarder] onIncomingData face=262 data=/test/g/0
1552512910.054999 DEBUG: [nfd.ContentStore] insert /test/g/0
1552512910.055030 DEBUG: [nfd.Forwarder] onIncomingData matching=/test/g/0
1552512910.055108 DEBUG: [nfd.Forwarder] onOutgoingData face=265 data=/test/g/0
1552512910.055174 DEBUG: [nfd.Forwarder] onInterestFinalize interest=/test/g/0 satisfied
1552512910.055499 INFO: [nfd.Transport] [id=265,local=unix:///run/nfd.sock,remote=fd://35] setState UP -> CLOSING
1552512910.055724 INFO: [nfd.Transport] [id=265,local=unix:///run/nfd.sock,remote=fd://35] setState CLOSING -> CLOSED
1552512910.059362 INFO: [nfd.FaceTable] Removed face id=265 remote=fd://35 local=unix:///run/nfd.sock
1552512910.059446 DEBUG: [nfd.Forwarder] onIncomingData face=1 data=/localhost/nfd/faces/events/%FE%0D
1552512910.059471 DEBUG: [nfd.ContentStore] insert /localhost/nfd/faces/events/%FE%0D
1552512910.059484 DEBUG: [nfd.Forwarder] onIncomingData matching=/localhost/nfd/faces/events/%FE%0D
1552512910.059519 DEBUG: [nfd.Forwarder] onOutgoingData face=258 data=/localhost/nfd/faces/events/%FE%0D
1552512910.059579 DEBUG: [nfd.Forwarder] onInterestFinalize interest=/localhost/nfd/faces/events/%FE%0D satisfied
1552512910.059702 DEBUG: [nfd.Forwarder] onIncomingInterest face=258 interest=/localhost/nfd/faces/events/%FE%0E
1552512910.059732 DEBUG: [nfd.ContentStore] find /localhost/nfd/faces/events/%FE%0E L
1552512910.059760 DEBUG: [nfd.ContentStore]   no-match
1552512910.059773 DEBUG: [nfd.Forwarder] onContentStoreMiss interest=/localhost/nfd/faces/events/%FE%0E
1552512910.059794 DEBUG: [nfd.Forwarder] onOutgoingInterest face=1 interest=/localhost/nfd/faces/events/%FE%0E
